2026-04-27 17:41:22 | INFO | a_stock | 日志初始化完成：run_id=20260427_174122, log_dir=logs, reject_file=logs/rejects_20260427_174122.csv, raw_bad_rows_file=logs/raw_bad_rows_20260427_174122.jsonl
2026-04-27 17:41:22 | INFO | a_stock | run_scan 启动
2026-04-27 17:41:25 | INFO | a_stock | 使用股票池缓存：909 只
2026-04-27 17:41:25 | WARNING | a_stock | 板块过滤失败：cannot import name 'filter_universe_by_strong_sector' from 'core.sector' (/Users/liujunying/Downloads/project/my-first/core/sector.py)
2026-04-27 17:41:25 | WARNING | a_stock | 周线过滤失败：cannot import name 'filter_by_weekly_trend' from 'core.weekly' (/Users/liujunying/Downloads/project/my-first/core/weekly.py)
2026-04-27 17:41:25 | INFO | a_stock | 扫描阶段只读本地 stock_daily 缓存，不远程拉历史K
2026-04-27 17:41:25 | INFO | a_stock | reject 300308 score_too_low score=58
2026-04-27 17:41:26 | INFO | a_stock | reject 300502 score_too_low score=47
2026-04-27 17:41:26 | INFO | a_stock | reject 300750 score_too_low score=62
2026-04-27 17:41:26 | INFO | a_stock | reject 300394 score_too_low score=0
2026-04-27 17:41:26 | INFO | a_stock | reject 300476 score_too_low score=60
2026-04-27 17:41:27 | INFO | a_stock | reject 002384 score_too_low score=55
2026-04-27 17:41:27 | INFO | a_stock | reject 601138 score_too_low score=67
2026-04-27 17:41:27 | INFO | a_stock | reject 603986 score_too_low score=0
2026-04-27 17:41:27 | INFO | a_stock | reject 300274 score_too_low score=0
2026-04-27 17:41:28 | INFO | a_stock | reject 688256 score_too_low score=0
2026-04-27 17:41:28 | INFO | a_stock | reject 000988 score_too_low score=0
2026-04-27 17:41:28 | INFO | a_stock | reject 688525 score_too_low score=52
2026-04-27 17:41:28 | INFO | a_stock | reject 601899 score_too_low score=0
2026-04-27 17:41:29 | INFO | a_stock | reject 300058 score_too_low score=0
2026-04-27 17:41:29 | INFO | a_stock | reject 001309 score_too_low score=58
2026-04-27 17:41:29 | INFO | a_stock | reject 002281 score_too_low score=65
2026-04-27 17:41:29 | INFO | a_stock | reject 002460 score_too_low score=61
2026-04-27 17:41:30 | INFO | a_stock | reject 601869 score_too_low score=61
2026-04-27 17:41:30 | INFO | a_stock | reject 300136 score_too_low score=0
2026-04-27 17:41:30 | INFO | a_stock | reject 600105 score_too_low score=53
2026-04-27 17:41:30 | INFO | a_stock | reject 688041 score_too_low score=0
2026-04-27 17:41:31 | INFO | a_stock | reject 600522 score_too_low score=64
2026-04-27 17:41:31 | INFO | a_stock | reject 688008 score_too_low score=0
2026-04-27 17:41:31 | INFO | a_stock | reject 002428 score_too_low score=56
2026-04-27 17:41:31 | INFO | a_stock | reject 688521 score_too_low score=0
2026-04-27 17:41:31 | INFO | a_stock | reject 002361 score_too_low score=0
2026-04-27 17:41:32 | INFO | a_stock | reject 002837 score_too_low score=37
2026-04-27 17:41:32 | INFO | a_stock | reject 600498 score_too_low score=0
2026-04-27 17:41:32 | INFO | a_stock | reject 300475 score_too_low score=0
2026-04-27 17:41:33 | INFO | a_stock | reject 300014 score_too_low score=49
2026-04-27 17:41:33 | INFO | a_stock | reject 300857 score_too_low score=0
2026-04-27 17:41:33 | INFO | a_stock | reject 002202 score_too_low score=0
2026-04-27 17:41:33 | INFO | a_stock | reject 688313 score_too_low score=66
2026-04-27 17:41:33 | INFO | a_stock | reject 300548 score_too_low score=0
2026-04-27 17:41:33 | INFO | a_stock | reject 300620 score_too_low score=52
2026-04-27 17:41:33 | INFO | a_stock | reject 000977 score_too_low score=54
2026-04-27 17:41:33 | INFO | a_stock | reject 600519 score_too_low score=42
2026-04-27 17:41:33 | INFO | a_stock | reject 000547 score_too_low score=0
2026-04-27 17:41:33 | INFO | a_stock | reject 600118 score_too_low score=0
2026-04-27 17:41:33 | INFO | a_stock | reject 002466 score_too_low score=55
2026-04-27 17:41:34 | INFO | a_stock | reject 603083 score_too_low score=58
2026-04-27 17:41:34 | INFO | a_stock | reject 300059 score_too_low score=0
2026-04-27 17:41:34 | INFO | a_stock | reject 600111 score_too_low score=0
2026-04-27 17:41:34 | INFO | a_stock | reject 603799 score_too_low score=0
2026-04-27 17:41:34 | INFO | a_stock | reject 688048 score_too_low score=55
2026-04-27 17:41:34 | INFO | a_stock | reject 600410 score_too_low score=0
2026-04-27 17:41:34 | INFO | a_stock | reject 300442 score_too_low score=0
2026-04-27 17:41:34 | INFO | a_stock | reject 603993 score_too_low score=0
2026-04-27 17:41:34 | INFO | a_stock | reject 002149 score_too_low score=49
2026-04-27 17:41:34 | INFO | a_stock | reject 002371 score_too_low score=0
2026-04-27 17:41:34 | INFO | a_stock | reject 688981 score_too_low score=0
2026-04-27 17:41:34 | INFO | a_stock | reject 000657 score_too_low score=0
2026-04-27 17:41:34 | INFO | a_stock | reject 603259 score_too_low score=63
2026-04-27 17:41:34 | INFO | a_stock | reject 300017 score_too_low score=0
2026-04-27 17:41:35 | INFO | a_stock | reject 600089 score_too_low score=0
2026-04-27 17:41:35 | INFO | a_stock | reject 002565 score_too_low score=0
2026-04-27 17:41:35 | INFO | a_stock | reject 688498 score_too_low score=61
2026-04-27 17:41:35 | INFO | a_stock | reject 002342 score_too_low score=0
2026-04-27 17:41:35 | INFO | a_stock | reject 002261 score_too_low score=0
2026-04-27 17:41:35 | INFO | a_stock | reject 002131 score_too_low score=0
2026-04-27 17:41:35 | INFO | a_stock | reject 603601 score_too_low score=0
2026-04-27 17:41:35 | INFO | a_stock | reject 300342 score_too_low score=65
2026-04-27 17:41:36 | INFO | a_stock | reject 600666 score_too_low score=0
2026-04-27 17:41:36 | INFO | a_stock | reject 600875 score_too_low score=0
2026-04-27 17:41:36 | INFO | a_stock | reject 600276 score_too_low score=0
2026-04-27 17:41:36 | INFO | a_stock | reject 603019 score_too_low score=0
2026-04-27 17:41:36 | INFO | a_stock | reject 600879 score_too_low score=0
2026-04-27 17:41:36 | INFO | a_stock | reject 300757 score_too_low score=61
2026-04-27 17:41:36 | INFO | a_stock | reject 600549 score_too_low score=0
2026-04-27 17:41:36 | INFO | a_stock | reject 600183 score_too_low score=69
2026-04-27 17:41:37 | INFO | a_stock | reject 601318 score_too_low score=0
2026-04-27 17:41:37 | INFO | a_stock | reject 000792 score_too_low score=54
2026-04-27 17:41:37 | INFO | a_stock | reject 300456 score_too_low score=0
2026-04-27 17:41:37 | INFO | a_stock | reject 601600 score_too_low score=0
2026-04-27 17:41:37 | INFO | a_stock | reject 600703 score_too_low score=0
2026-04-27 17:41:38 | INFO | a_stock | reject 300570 score_too_low score=0
2026-04-27 17:41:38 | INFO | a_stock | reject 000617 score_too_low score=49
2026-04-27 17:41:39 | INFO | a_stock | reject 002008 score_too_low score=63
2026-04-27 17:41:39 | INFO | a_stock | reject 600176 score_too_low score=56
2026-04-27 17:41:39 | INFO | a_stock | reject 688012 score_too_low score=0
2026-04-27 17:41:39 | INFO | a_stock | reject 601179 score_too_low score=0
2026-04-27 17:41:39 | INFO | a_stock | reject 601872 score_too_low score=40
2026-04-27 17:41:39 | INFO | a_stock | reject 000592 score_too_low score=0
2026-04-27 17:41:40 | INFO | a_stock | reject 002050 score_too_low score=0
2026-04-27 17:41:40 | INFO | a_stock | reject 688205 score_too_low score=42
2026-04-27 17:41:40 | INFO | a_stock | reject 000338 score_too_low score=53
2026-04-27 17:41:40 | INFO | a_stock | reject 600030 score_too_low score=0
2026-04-27 17:41:40 | INFO | a_stock | reject 600989 score_too_low score=0
2026-04-27 17:41:40 | INFO | a_stock | reject 600330 score_too_low score=49
2026-04-27 17:41:40 | INFO | a_stock | reject 603629 score_too_low score=58
2026-04-27 17:41:40 | INFO | a_stock | reject 300395 score_too_low score=0
2026-04-27 17:41:40 | INFO | a_stock | reject 300383 score_too_low score=51
2026-04-27 17:41:40 | INFO | a_stock | reject 002015 score_too_low score=0
2026-04-27 17:41:40 | INFO | a_stock | reject 002491 score_too_low score=63
2026-04-27 17:41:41 | INFO | a_stock | reject 301396 score_too_low score=57
2026-04-27 17:41:41 | INFO | a_stock | reject 002222 score_too_low score=55
2026-04-27 17:41:41 | INFO | a_stock | reject 000063 score_too_low score=0
2026-04-27 17:41:41 | INFO | a_stock | reject 300450 score_too_low score=0
2026-04-27 17:41:41 | INFO | a_stock | reject 688195 score_too_low score=34
2026-04-27 17:41:41 | INFO | a_stock | reject 300207 score_too_low score=56
2026-04-27 17:41:41 | INFO | a_stock | reject 002432 score_too_low score=45
2026-04-27 17:41:41 | INFO | a_stock | reject 603778 score_too_low score=0
2026-04-27 17:41:41 | INFO | a_stock | reject 600150 score_too_low score=0
2026-04-27 17:41:41 | INFO | a_stock | reject 603538 score_too_low score=0
2026-04-27 17:41:41 | INFO | a_stock | reject 300033 score_too_low score=0
2026-04-27 17:41:41 | INFO | a_stock | reject 601778 score_too_low score=52
2026-04-27 17:41:41 | INFO | a_stock | reject 000070 score_too_low score=0
2026-04-27 17:41:41 | INFO | a_stock | reject 002792 score_too_low score=0
2026-04-27 17:41:41 | INFO | a_stock | reject 002156 score_too_low score=0
2026-04-27 17:41:41 | INFO | a_stock | reject 002192 score_too_low score=0
2026-04-27 17:41:41 | INFO | a_stock | reject 688629 score_too_low score=54
2026-04-27 17:41:41 | INFO | a_stock | reject 300418 score_too_low score=0
2026-04-27 17:41:41 | INFO | a_stock | reject 600309 score_too_low score=0
2026-04-27 17:41:42 | INFO | a_stock | reject 001896 score_too_low score=0
2026-04-27 17:41:42 | INFO | a_stock | reject 002309 score_too_low score=0
2026-04-27 17:41:42 | INFO | a_stock | reject 600821 score_too_low score=0
2026-04-27 17:41:42 | INFO | a_stock | reject 002812 score_too_low score=56
2026-04-27 17:41:42 | INFO | a_stock | reject 300782 score_too_low score=62
2026-04-27 17:41:42 | INFO | a_stock | reject 002353 score_too_low score=57
2026-04-27 17:41:42 | INFO | a_stock | reject 002506 score_too_low score=0
2026-04-27 17:41:42 | INFO | a_stock | reject 002407 score_too_low score=0
2026-04-27 17:41:43 | INFO | a_stock | reject 002580 score_too_low score=0
2026-04-27 17:41:43 | INFO | a_stock | reject 002436 score_too_low score=63
2026-04-27 17:41:43 | INFO | a_stock | reject 002240 score_too_low score=57
2026-04-27 17:41:43 | INFO | a_stock | reject 300166 score_too_low score=44
2026-04-27 17:41:44 | INFO | a_stock | reject 301205 score_too_low score=57
2026-04-27 17:41:44 | INFO | a_stock | reject 300604 score_too_low score=68
2026-04-27 17:41:44 | INFO | a_stock | reject 000815 score_too_low score=0
2026-04-27 17:41:44 | INFO | a_stock | reject 002025 score_too_low score=55
2026-04-27 17:41:44 | INFO | a_stock | reject 603618 score_too_low score=0
2026-04-27 17:41:44 | INFO | a_stock | reject 603881 score_too_low score=0
2026-04-27 17:41:44 | INFO | a_stock | reject 300751 score_too_low score=0
2026-04-27 17:41:45 | INFO | a_stock | reject 300438 score_too_low score=64
2026-04-27 17:41:45 | INFO | a_stock | reject 603256 score_too_low score=59
2026-04-27 17:41:45 | INFO | a_stock | reject 600110 score_too_low score=52
2026-04-27 17:41:45 | INFO | a_stock | reject 001267 score_too_low score=55
2026-04-27 17:41:45 | INFO | a_stock | reject 300433 score_too_low score=0
2026-04-27 17:41:45 | INFO | a_stock | reject 301526 score_too_low score=0
2026-04-27 17:41:45 | INFO | a_stock | reject 000426 score_too_low score=0
2026-04-27 17:41:45 | INFO | a_stock | reject 002364 score_too_low score=0
2026-04-27 17:41:45 | INFO | a_stock | reject 600036 score_too_low score=0
2026-04-27 17:41:45 | INFO | a_stock | reject 002273 score_too_low score=69
2026-04-27 17:41:45 | INFO | a_stock | reject 002738 score_too_low score=0
2026-04-27 17:41:45 | INFO | a_stock | reject 601012 score_too_low score=0
2026-04-27 17:41:45 | INFO | a_stock | reject 002938 score_too_low score=64
2026-04-27 17:41:45 | INFO | a_stock | reject 603659 score_too_low score=61
2026-04-27 17:41:46 | INFO | a_stock | reject 002471 score_too_low score=0
2026-04-27 17:41:46 | INFO | a_stock | reject 300223 score_too_low score=0
2026-04-27 17:41:46 | INFO | a_stock | reject 601857 score_too_low score=62
2026-04-27 17:41:46 | INFO | a_stock | reject 600396 score_too_low score=0
2026-04-27 17:41:46 | INFO | a_stock | reject 002080 score_too_low score=61
2026-04-27 17:41:46 | INFO | a_stock | reject 600759 score_too_low score=0
2026-04-27 17:41:46 | INFO | a_stock | reject 600988 score_too_low score=0
2026-04-27 17:41:46 | INFO | a_stock | reject 600602 score_too_low score=54
2026-04-27 17:41:46 | INFO | a_stock | reject 688167 score_too_low score=56
2026-04-27 17:41:46 | INFO | a_stock | reject 002028 score_too_low score=54
2026-04-27 17:41:46 | INFO | a_stock | reject 300054 score_too_low score=61
2026-04-27 17:41:46 | INFO | a_stock | reject 601288 score_too_low score=0
2026-04-27 17:41:47 | INFO | a_stock | reject 601698 score_too_low score=0
2026-04-27 17:41:47 | INFO | a_stock | reject 300661 score_too_low score=59
2026-04-27 17:41:47 | INFO | a_stock | reject 002074 score_too_low score=0
2026-04-27 17:41:47 | INFO | a_stock | reject 605117 score_too_low score=66
2026-04-27 17:41:47 | INFO | a_stock | reject 600584 score_too_low score=0
2026-04-27 17:41:47 | INFO | a_stock | reject 301292 score_too_low score=0
2026-04-27 17:41:47 | INFO | a_stock | reject 688158 score_too_low score=0
2026-04-27 17:41:47 | INFO | a_stock | reject 000333 score_too_low score=0
2026-04-27 17:41:47 | INFO | a_stock | reject 000967 score_too_low score=50
2026-04-27 17:41:48 | INFO | a_stock | reject 000725 score_too_low score=0
2026-04-27 17:41:48 | INFO | a_stock | reject 300102 score_too_low score=0
2026-04-27 17:41:48 | INFO | a_stock | reject 601016 score_too_low score=0
2026-04-27 17:41:49 | INFO | a_stock | reject 603920 score_too_low score=0
2026-04-27 17:41:49 | INFO | a_stock | reject 600673 score_too_low score=0
2026-04-27 17:41:49 | INFO | a_stock | reject 000960 score_too_low score=0
2026-04-27 17:41:50 | INFO | a_stock | reject 603228 score_too_low score=0
2026-04-27 17:41:50 | INFO | a_stock | reject 002378 score_too_low score=0
2026-04-27 17:41:51 | INFO | a_stock | reject 600900 score_too_low score=0
2026-04-27 17:41:51 | INFO | a_stock | reject 300763 score_too_low score=0
2026-04-27 17:41:51 | INFO | a_stock | reject 600026 score_too_low score=47
2026-04-27 17:41:51 | INFO | a_stock | reject 002263 score_too_low score=0
2026-04-27 17:41:51 | INFO | a_stock | reject 002759 score_too_low score=0
2026-04-27 17:41:52 | INFO | a_stock | reject 601231 score_too_low score=0
2026-04-27 17:41:52 | INFO | a_stock | reject 301217 score_too_low score=66
2026-04-27 17:41:52 | INFO | a_stock | reject 688347 score_too_low score=0
2026-04-27 17:41:52 | INFO | a_stock | reject 002155 score_too_low score=0
2026-04-27 17:41:52 | INFO | a_stock | reject 000807 score_too_low score=0
2026-04-27 17:41:52 | INFO | a_stock | reject 002413 score_too_low score=0
2026-04-27 17:41:52 | INFO | a_stock | reject 002716 score_too_low score=0
2026-04-27 17:41:52 | INFO | a_stock | reject 601398 score_too_low score=0
2026-04-27 17:41:52 | INFO | a_stock | reject 600343 score_too_low score=0
2026-04-27 17:41:52 | INFO | a_stock | reject 300164 score_too_low score=0
2026-04-27 17:41:53 | INFO | a_stock | reject 600406 score_too_low score=43
2026-04-27 17:41:53 | INFO | a_stock | reject 002714 score_too_low score=0
2026-04-27 17:41:53 | INFO | a_stock | reject 300738 score_too_low score=0
2026-04-27 17:41:53 | INFO | a_stock | reject 300724 score_too_low score=0
2026-04-27 17:41:53 | INFO | a_stock | reject 600547 score_too_low score=0
2026-04-27 17:41:53 | INFO | a_stock | reject 600126 score_too_low score=53
2026-04-27 17:41:53 | INFO | a_stock | reject 000021 score_too_low score=0
2026-04-27 17:41:53 | INFO | a_stock | reject 301171 score_too_low score=0
2026-04-27 17:41:53 | INFO | a_stock | reject 300900 score_too_low score=0
2026-04-27 17:41:53 | INFO | a_stock | reject 300131 score_too_low score=61
2026-04-27 17:41:53 | INFO | a_stock | reject 600392 score_too_low score=0
2026-04-27 17:41:53 | INFO | a_stock | reject 000762 score_too_low score=58
2026-04-27 17:41:54 | INFO | a_stock | reject 301005 score_too_low score=0
2026-04-27 17:41:54 | INFO | a_stock | reject 300065 score_too_low score=0
2026-04-27 17:41:54 | INFO | a_stock | reject 301511 score_too_low score=65
2026-04-27 17:41:54 | INFO | a_stock | reject 600186 score_too_low score=64
2026-04-27 17:41:54 | INFO | a_stock | reject 300870 score_too_low score=57
2026-04-27 17:41:54 | INFO | a_stock | reject 601208 score_too_low score=67
2026-04-27 17:41:54 | INFO | a_stock | reject 300432 score_too_low score=56
2026-04-27 17:41:54 | INFO | a_stock | reject 002851 score_too_low score=0
2026-04-27 17:41:54 | INFO | a_stock | reject 600096 score_too_low score=0
2026-04-27 17:41:55 | INFO | a_stock | reject 600893 score_too_low score=0
2026-04-27 17:41:55 | INFO | a_stock | reject 300139 score_too_low score=0
2026-04-27 17:41:55 | INFO | a_stock | reject 301486 score_too_low score=0
2026-04-27 17:41:55 | INFO | a_stock | reject 002560 score_too_low score=0
2026-04-27 17:41:56 | INFO | a_stock | reject 600482 score_too_low score=59
2026-04-27 17:41:56 | INFO | a_stock | reject 300113 score_too_low score=33
2026-04-27 17:41:56 | INFO | a_stock | reject 300204 score_too_low score=47
2026-04-27 17:41:56 | INFO | a_stock | reject 002636 score_too_low score=65
2026-04-27 17:41:56 | INFO | a_stock | reject 688111 score_too_low score=0
2026-04-27 17:41:56 | INFO | a_stock | reject 600711 score_too_low score=0
2026-04-27 17:41:57 | INFO | a_stock | reject 300364 score_too_low score=0
2026-04-27 17:41:57 | INFO | a_stock | reject 300803 score_too_low score=0
2026-04-27 17:41:57 | INFO | a_stock | reject 002639 score_too_low score=0
2026-04-27 17:41:57 | INFO | a_stock | reject 600986 score_too_low score=0
2026-04-27 17:41:57 | INFO | a_stock | reject 002001 score_too_low score=52
2026-04-27 17:41:57 | INFO | a_stock | reject 301183 score_too_low score=62
2026-04-27 17:41:57 | INFO | a_stock | reject 002558 score_too_low score=0
2026-04-27 17:41:57 | INFO | a_stock | reject 300672 score_too_low score=0
2026-04-27 17:41:57 | INFO | a_stock | reject 600869 score_too_low score=0
2026-04-27 17:41:58 | INFO | a_stock | reject 300408 score_too_low score=63
2026-04-27 17:41:58 | INFO | a_stock | reject 002195 score_too_low score=0
2026-04-27 17:41:58 | INFO | a_stock | reject 002415 score_too_low score=54
2026-04-27 17:41:58 | INFO | a_stock | reject 600589 score_too_low score=0
2026-04-27 17:41:58 | INFO | a_stock | reject 002082 score_too_low score=0
2026-04-27 17:41:58 | INFO | a_stock | reject 600489 score_too_low score=0
2026-04-27 17:41:59 | INFO | a_stock | reject 601127 score_too_low score=0
2026-04-27 17:41:59 | INFO | a_stock | reject 002241 score_too_low score=0
2026-04-27 17:41:59 | INFO | a_stock | reject 600726 score_too_low score=0
2026-04-27 17:41:59 | INFO | a_stock | reject 603687 score_too_low score=0
2026-04-27 17:42:00 | INFO | a_stock | reject 300666 score_too_low score=56
2026-04-27 17:42:00 | INFO | a_stock | reject 002335 score_too_low score=0
2026-04-27 17:42:00 | INFO | a_stock | reject 300124 score_too_low score=0
2026-04-27 17:42:00 | INFO | a_stock | reject 000831 score_too_low score=0
2026-04-27 17:42:01 | INFO | a_stock | reject 603906 score_too_low score=51
2026-04-27 17:42:01 | INFO | a_stock | reject 000933 score_too_low score=0
2026-04-27 17:42:01 | INFO | a_stock | reject 002536 score_too_low score=0
2026-04-27 17:42:01 | INFO | a_stock | reject 603738 score_too_low score=47
2026-04-27 17:42:02 | INFO | a_stock | reject 603501 score_too_low score=0
2026-04-27 17:42:02 | INFO | a_stock | reject 603220 score_too_low score=51
2026-04-27 17:42:02 | INFO | a_stock | reject 601689 score_too_low score=0
2026-04-27 17:42:02 | INFO | a_stock | reject 003031 score_too_low score=58
2026-04-27 17:42:02 | INFO | a_stock | reject 603296 score_too_low score=52
2026-04-27 17:42:02 | INFO | a_stock | reject 688702 score_too_low score=68
2026-04-27 17:42:03 | INFO | a_stock | reject 002245 score_too_low score=66
2026-04-27 17:42:03 | INFO | a_stock | reject 002272 score_too_low score=0
2026-04-27 17:42:03 | INFO | a_stock | reject 688110 score_too_low score=0
2026-04-27 17:42:03 | INFO | a_stock | reject 600362 score_too_low score=0
2026-04-27 17:42:03 | INFO | a_stock | reject 002624 score_too_low score=0
2026-04-27 17:42:03 | INFO | a_stock | reject 301018 score_too_low score=62
2026-04-27 17:42:03 | INFO | a_stock | reject 001389 score_too_low score=60
2026-04-27 17:42:03 | INFO | a_stock | reject 688025 score_too_low score=60
2026-04-27 17:42:03 | INFO | a_stock | reject 002230 score_too_low score=0
2026-04-27 17:42:03 | INFO | a_stock | reject 300953 score_too_low score=66
2026-04-27 17:42:04 | INFO | a_stock | reject 300346 score_too_low score=0
2026-04-27 17:42:04 | INFO | a_stock | reject 601211 score_too_low score=0
2026-04-27 17:42:04 | INFO | a_stock | reject 002498 score_too_low score=0
2026-04-27 17:42:04 | INFO | a_stock | reject 002487 score_too_low score=66
2026-04-27 17:42:04 | INFO | a_stock | reject 300251 score_too_low score=0
2026-04-27 17:42:05 | INFO | a_stock | reject 000630 score_too_low score=0
2026-04-27 17:42:05 | INFO | a_stock | reject 688331 score_too_low score=54
2026-04-27 17:42:05 | INFO | a_stock | reject 002602 score_too_low score=0
2026-04-27 17:42:05 | INFO | a_stock | reject 000559 score_too_low score=0
2026-04-27 17:42:05 | INFO | a_stock | reject 600219 score_too_low score=0
2026-04-27 17:42:05 | INFO | a_stock | reject 600256 score_too_low score=0
2026-04-27 17:42:05 | INFO | a_stock | reject 603588 score_too_low score=44
2026-04-27 17:42:06 | INFO | a_stock | reject 600338 score_too_low score=64
2026-04-27 17:42:06 | INFO | a_stock | reject 002902 score_too_low score=59
2026-04-27 17:42:07 | INFO | a_stock | reject 601688 score_too_low score=0
2026-04-27 17:42:07 | INFO | a_stock | reject 688308 score_too_low score=0
2026-04-27 17:42:07 | INFO | a_stock | reject 603308 score_too_low score=48
2026-04-27 17:42:07 | INFO | a_stock | reject 300499 score_too_low score=60
2026-04-27 17:42:08 | INFO | a_stock | reject 600884 score_too_low score=67
2026-04-27 17:42:08 | INFO | a_stock | reject 002797 score_too_low score=44
2026-04-27 17:42:08 | INFO | a_stock | reject 688726 score_too_low score=0
2026-04-27 17:42:08 | INFO | a_stock | reject 002532 score_too_low score=0
2026-04-27 17:42:08 | INFO | a_stock | reject 002821 score_too_low score=64
2026-04-27 17:42:08 | INFO | a_stock | reject 300827 score_too_low score=0
2026-04-27 17:42:09 | INFO | a_stock | reject 600259 score_too_low score=0
2026-04-27 17:42:09 | INFO | a_stock | reject 600031 score_too_low score=0
2026-04-27 17:42:09 | INFO | a_stock | reject 688668 score_too_low score=53
2026-04-27 17:42:09 | INFO | a_stock | reject 688106 score_too_low score=54
2026-04-27 17:42:09 | INFO | a_stock | reject 601988 score_too_low score=57
2026-04-27 17:42:09 | INFO | a_stock | reject 603306 score_too_low score=48
2026-04-27 17:42:09 | INFO | a_stock | reject 601888 score_too_low score=0
2026-04-27 17:42:09 | INFO | a_stock | reject 000533 score_too_low score=0
2026-04-27 17:42:09 | INFO | a_stock | reject 301232 score_too_low score=0
2026-04-27 17:42:09 | INFO | a_stock | reject 300762 score_too_low score=0
2026-04-27 17:42:09 | INFO | a_stock | reject 601669 score_too_low score=35
2026-04-27 17:42:09 | INFO | a_stock | reject 603127 score_too_low score=0
2026-04-27 17:42:09 | INFO | a_stock | reject 000066 score_too_low score=0
2026-04-27 17:42:09 | INFO | a_stock | reject 002969 score_too_low score=0
2026-04-27 17:42:09 | INFO | a_stock | reject 002600 score_too_low score=0
2026-04-27 17:42:10 | INFO | a_stock | reject 601088 score_too_low score=58
2026-04-27 17:42:10 | INFO | a_stock | reject 002842 score_too_low score=0
2026-04-27 17:42:10 | INFO | a_stock | reject 300265 score_too_low score=0
2026-04-27 17:42:10 | INFO | a_stock | reject 600699 score_too_low score=0
2026-04-27 17:42:10 | INFO | a_stock | reject 688268 score_too_low score=62
2026-04-27 17:42:10 | INFO | a_stock | reject 301306 score_too_low score=54
2026-04-27 17:42:10 | INFO | a_stock | reject 300303 score_too_low score=0
2026-04-27 17:42:10 | INFO | a_stock | reject 300184 score_too_low score=65
2026-04-27 17:42:10 | INFO | a_stock | reject 300436 score_too_low score=0
2026-04-27 17:42:10 | INFO | a_stock | reject 601126 score_too_low score=56
2026-04-27 17:42:11 | INFO | a_stock | reject 688766 score_too_low score=0
2026-04-27 17:42:11 | INFO | a_stock | reject 300846 score_too_low score=0
2026-04-27 17:42:11 | INFO | a_stock | reject 301128 score_too_low score=53
2026-04-27 17:42:11 | INFO | a_stock | reject 603698 score_too_low score=0
2026-04-27 17:42:12 | INFO | a_stock | reject 002467 score_too_low score=54
2026-04-27 17:42:12 | INFO | a_stock | reject 688027 score_too_low score=0
2026-04-27 17:42:12 | INFO | a_stock | reject 002497 score_too_low score=62
2026-04-27 17:42:12 | INFO | a_stock | reject 000100 score_too_low score=0
2026-04-27 17:42:12 | INFO | a_stock | reject 688387 score_too_low score=0
2026-04-27 17:42:12 | INFO | a_stock | reject 002429 score_too_low score=56
2026-04-27 17:42:12 | INFO | a_stock | reject 601168 score_too_low score=0
2026-04-27 17:42:12 | INFO | a_stock | reject 002957 score_too_low score=55
2026-04-27 17:42:13 | INFO | a_stock | reject 600418 score_too_low score=0
2026-04-27 17:42:13 | INFO | a_stock | reject 601615 score_too_low score=0
2026-04-27 17:42:13 | INFO | a_stock | reject 300760 score_too_low score=0
2026-04-27 17:42:13 | INFO | a_stock | reject 000890 score_too_low score=0
2026-04-27 17:42:13 | INFO | a_stock | reject 688388 score_too_low score=65
2026-04-27 17:42:13 | INFO | a_stock | reject 002328 score_too_low score=50
2026-04-27 17:42:13 | INFO | a_stock | reject 601166 score_too_low score=0
2026-04-27 17:42:13 | INFO | a_stock | reject 002455 score_too_low score=0
2026-04-27 17:42:13 | INFO | a_stock | reject 300773 score_too_low score=0
2026-04-27 17:42:13 | INFO | a_stock | reject 603667 score_too_low score=0
2026-04-27 17:42:14 | INFO | a_stock | reject 600667 score_too_low score=0
2026-04-27 17:42:14 | INFO | a_stock | reject 001203 score_too_low score=55
2026-04-27 17:42:14 | INFO | a_stock | reject 300085 score_too_low score=0
2026-04-27 17:42:14 | INFO | a_stock | reject 300115 score_too_low score=0
2026-04-27 17:42:14 | INFO | a_stock | reject 600722 score_too_low score=0
2026-04-27 17:42:14 | INFO | a_stock | reject 000858 score_too_low score=0
2026-04-27 17:42:14 | INFO | a_stock | reject 688411 score_too_low score=0
2026-04-27 17:42:14 | INFO | a_stock | reject 002297 score_too_low score=0
2026-04-27 17:42:15 | INFO | a_stock | reject 300209 score_too_low score=64
2026-04-27 17:42:15 | INFO | a_stock | reject 002865 score_too_low score=0
2026-04-27 17:42:15 | INFO | a_stock | reject 002229 score_too_low score=46
2026-04-27 17:42:15 | INFO | a_stock | reject 300316 score_too_low score=0
2026-04-27 17:42:15 | INFO | a_stock | reject 300285 score_too_low score=0
2026-04-27 17:42:15 | INFO | a_stock | reject 300042 score_too_low score=0
2026-04-27 17:42:15 | INFO | a_stock | reject 688295 score_too_low score=0
2026-04-27 17:42:15 | INFO | a_stock | reject 002850 score_too_low score=58
2026-04-27 17:42:15 | INFO | a_stock | reject 601336 score_too_low score=0
2026-04-27 17:42:15 | INFO | a_stock | reject 600690 score_too_low score=0
2026-04-27 17:42:16 | INFO | a_stock | reject 300497 score_too_low score=51
2026-04-27 17:42:16 | INFO | a_stock | reject 600601 score_too_low score=0
2026-04-27 17:42:16 | INFO | a_stock | reject 300088 score_too_low score=58
2026-04-27 17:42:16 | INFO | a_stock | reject 002980 score_too_low score=0
2026-04-27 17:42:16 | INFO | a_stock | reject 601601 score_too_low score=0
2026-04-27 17:42:16 | INFO | a_stock | reject 000408 score_too_low score=0
2026-04-27 17:42:16 | INFO | a_stock | reject 000688 score_too_low score=63
2026-04-27 17:42:17 | INFO | a_stock | reject 688676 score_too_low score=0
2026-04-27 17:42:17 | INFO | a_stock | reject 688372 score_too_low score=64
2026-04-27 17:42:17 | INFO | a_stock | reject 600103 score_too_low score=50
2026-04-27 17:42:17 | INFO | a_stock | reject 300766 score_too_low score=0
2026-04-27 17:42:18 | INFO | a_stock | reject 002051 score_too_low score=0
2026-04-27 17:42:18 | INFO | a_stock | reject 600641 score_too_low score=60
2026-04-27 17:42:18 | INFO | a_stock | reject 300179 score_too_low score=58
2026-04-27 17:42:18 | INFO | a_stock | reject 600206 score_too_low score=49
2026-04-27 17:42:18 | INFO | a_stock | reject 300503 score_too_low score=0
2026-04-27 17:42:18 | INFO | a_stock | reject 300759 score_too_low score=0
2026-04-27 17:42:18 | INFO | a_stock | reject 603985 score_too_low score=64
2026-04-27 17:42:18 | INFO | a_stock | reject 300568 score_too_low score=0
2026-04-27 17:42:18 | INFO | a_stock | reject 300199 score_too_low score=65
2026-04-27 17:42:19 | INFO | a_stock | reject 600345 score_too_low score=62
2026-04-27 17:42:19 | INFO | a_stock | reject 300567 score_too_low score=0
2026-04-27 17:42:19 | INFO | a_stock | reject 301611 score_too_low score=0
2026-04-27 17:42:19 | INFO | a_stock | reject 600188 score_too_low score=48
2026-04-27 17:42:19 | INFO | a_stock | reject 600152 score_too_low score=0
2026-04-27 17:42:19 | INFO | a_stock | reject 600580 score_too_low score=0
2026-04-27 17:42:19 | INFO | a_stock | reject 002517 score_too_low score=0
2026-04-27 17:42:20 | INFO | a_stock | reject 300454 score_too_low score=0
2026-04-27 17:42:20 | INFO | a_stock | reject 002340 score_too_low score=0
2026-04-27 17:42:20 | INFO | a_stock | reject 000981 score_too_low score=0
2026-04-27 17:42:20 | INFO | a_stock | reject 000636 score_too_low score=0
2026-04-27 17:42:20 | INFO | a_stock | reject 603688 score_too_low score=0
2026-04-27 17:42:20 | INFO | a_stock | reject 603893 score_too_low score=0
2026-04-27 17:42:20 | INFO | a_stock | reject 300677 score_too_low score=0
2026-04-27 17:42:20 | INFO | a_stock | reject 600415 score_too_low score=0
2026-04-27 17:42:20 | INFO | a_stock | reject 688343 score_too_low score=0
2026-04-27 17:42:20 | INFO | a_stock | reject 002465 score_too_low score=0
2026-04-27 17:42:20 | INFO | a_stock | reject 300035 score_too_low score=44
2026-04-27 17:42:20 | INFO | a_stock | reject 688516 score_too_low score=0
2026-04-27 17:42:20 | INFO | a_stock | reject 600028 score_too_low score=0
2026-04-27 17:42:20 | INFO | a_stock | reject 002179 score_too_low score=51
2026-04-27 17:42:20 | INFO | a_stock | reject 300657 score_too_low score=65
2026-04-27 17:42:20 | INFO | a_stock | reject 000833 score_too_low score=0
2026-04-27 17:42:21 | INFO | a_stock | reject 600590 score_too_low score=52
2026-04-27 17:42:21 | INFO | a_stock | reject 600184 score_too_low score=57
2026-04-27 17:42:21 | INFO | a_stock | reject 002310 score_too_low score=0
2026-04-27 17:42:21 | INFO | a_stock | reject 601100 score_too_low score=0
2026-04-27 17:42:21 | INFO | a_stock | reject 688146 score_too_low score=54
2026-04-27 17:42:21 | INFO | a_stock | reject 688017 score_too_low score=0
2026-04-27 17:42:21 | INFO | a_stock | reject 688234 score_too_low score=0
2026-04-27 17:42:21 | INFO | a_stock | reject 601985 score_too_low score=53
2026-04-27 17:42:21 | INFO | a_stock | reject 688223 score_too_low score=0
2026-04-27 17:42:21 | INFO | a_stock | reject 002929 score_too_low score=64
2026-04-27 17:42:21 | INFO | a_stock | reject 603803 score_too_low score=46
2026-04-27 17:42:21 | INFO | a_stock | reject 603067 score_too_low score=0
2026-04-27 17:42:21 | INFO | a_stock | reject 601020 score_too_low score=0
2026-04-27 17:42:22 | INFO | a_stock | reject 002418 score_too_low score=48
2026-04-27 17:42:22 | INFO | a_stock | reject 000534 score_too_low score=0
2026-04-27 17:42:22 | INFO | a_stock | reject 000425 score_too_low score=0
2026-04-27 17:42:22 | INFO | a_stock | reject 002185 score_too_low score=0
2026-04-27 17:42:22 | INFO | a_stock | reject 300895 score_too_low score=0
2026-04-27 17:42:22 | INFO | a_stock | reject 600563 score_too_low score=50
2026-04-27 17:42:22 | INFO | a_stock | reject 300903 score_too_low score=56
2026-04-27 17:42:22 | INFO | a_stock | reject 300398 score_too_low score=0
2026-04-27 17:42:23 | INFO | a_stock | reject 603929 score_too_low score=0
2026-04-27 17:42:23 | INFO | a_stock | reject 002947 score_too_low score=56
2026-04-27 17:42:23 | INFO | a_stock | reject 688777 score_too_low score=0
2026-04-27 17:42:23 | INFO | a_stock | reject 300919 score_too_low score=60
2026-04-27 17:42:23 | INFO | a_stock | reject 300322 score_too_low score=0
2026-04-27 17:42:23 | INFO | a_stock | reject 688123 score_too_low score=0
2026-04-27 17:42:23 | INFO | a_stock | reject 300776 score_too_low score=58
2026-04-27 17:42:23 | INFO | a_stock | reject 600550 score_too_low score=0
2026-04-27 17:42:23 | INFO | a_stock | reject 002130 score_too_low score=0
2026-04-27 17:42:24 | INFO | a_stock | reject 600438 score_too_low score=0
2026-04-27 17:42:24 | INFO | a_stock | reject 688627 score_too_low score=0
2026-04-27 17:42:24 | INFO | a_stock | reject 002049 score_too_low score=0
2026-04-27 17:42:24 | INFO | a_stock | reject 600151 score_too_low score=0
2026-04-27 17:42:24 | INFO | a_stock | reject 603619 score_too_low score=0
2026-04-27 17:42:24 | INFO | a_stock | reject 605299 score_too_low score=0
2026-04-27 17:42:24 | INFO | a_stock | reject 300458 score_too_low score=0
2026-04-27 17:42:24 | INFO | a_stock | reject 601919 score_too_low score=40
2026-04-27 17:42:24 | INFO | a_stock | reject 000776 score_too_low score=0
2026-04-27 17:42:24 | INFO | a_stock | reject 600426 score_too_low score=49
2026-04-27 17:42:25 | INFO | a_stock | reject 002796 score_too_low score=0
2026-04-27 17:42:25 | INFO | a_stock | reject 600744 score_too_low score=0
2026-04-27 17:42:25 | INFO | a_stock | reject 002126 score_too_low score=0
2026-04-27 17:42:25 | INFO | a_stock | reject 300373 score_too_low score=0
2026-04-27 17:42:25 | INFO | a_stock | reject 600488 score_too_low score=0
2026-04-27 17:42:25 | INFO | a_stock | reject 600331 score_too_low score=0
2026-04-27 17:42:25 | INFO | a_stock | reject 603118 score_too_low score=60
2026-04-27 17:42:26 | INFO | a_stock | reject 301312 score_too_low score=52
2026-04-27 17:42:26 | INFO | a_stock | reject 300073 score_too_low score=0
2026-04-27 17:42:26 | INFO | a_stock | reject 600160 score_too_low score=0
2026-04-27 17:42:26 | INFO | a_stock | reject 600166 score_too_low score=54
2026-04-27 17:42:26 | INFO | a_stock | reject 601877 score_too_low score=0
2026-04-27 17:42:26 | INFO | a_stock | reject 300806 score_too_low score=64
2026-04-27 17:42:26 | INFO | a_stock | reject 605090 score_too_low score=0
2026-04-27 17:42:26 | INFO | a_stock | reject 002645 score_too_low score=60
2026-04-27 17:42:26 | INFO | a_stock | reject 002326 score_too_low score=0
2026-04-27 17:42:26 | INFO | a_stock | reject 600066 score_too_low score=60
2026-04-27 17:42:27 | INFO | a_stock | reject 601212 score_too_low score=0
2026-04-27 17:42:27 | INFO | a_stock | reject 301219 score_too_low score=45
2026-04-27 17:42:27 | INFO | a_stock | reject 600497 score_too_low score=0
2026-04-27 17:42:27 | INFO | a_stock | reject 600172 score_too_low score=0
2026-04-27 17:42:27 | INFO | a_stock | reject 688141 score_too_low score=63
2026-04-27 17:42:27 | INFO | a_stock | reject 000767 score_too_low score=0
2026-04-27 17:42:27 | INFO | a_stock | reject 000962 score_too_low score=0
2026-04-27 17:42:27 | INFO | a_stock | reject 300489 score_too_low score=52
2026-04-27 17:42:28 | INFO | a_stock | reject 688536 score_too_low score=67
2026-04-27 17:42:28 | INFO | a_stock | reject 688047 score_too_low score=0
2026-04-27 17:42:28 | INFO | a_stock | reject 603773 score_too_low score=54
2026-04-27 17:42:28 | INFO | a_stock | reject 600310 score_too_low score=0
2026-04-27 17:42:28 | INFO | a_stock | reject 301338 score_too_low score=0
2026-04-27 17:42:28 | INFO | a_stock | reject 688353 score_too_low score=65
2026-04-27 17:42:28 | INFO | a_stock | reject 605376 score_too_low score=60
2026-04-27 17:42:28 | INFO | a_stock | reject 000975 score_too_low score=0
2026-04-27 17:42:29 | INFO | a_stock | reject 301377 score_too_low score=47
2026-04-27 17:42:29 | INFO | a_stock | reject 002549 score_too_low score=0
2026-04-27 17:42:29 | INFO | a_stock | reject 300077 score_too_low score=0
2026-04-27 17:42:29 | INFO | a_stock | reject 301165 score_too_low score=52
2026-04-27 17:42:29 | INFO | a_stock | reject 002414 score_too_low score=0
2026-04-27 17:42:29 | INFO | a_stock | reject 301200 score_too_low score=65
2026-04-27 17:42:29 | INFO | a_stock | reject 600158 score_too_low score=60
2026-04-27 17:42:30 | INFO | a_stock | reject 603876 score_too_low score=53
2026-04-27 17:42:30 | INFO | a_stock | reject 600032 score_too_low score=0
2026-04-27 17:42:30 | INFO | a_stock | reject 688396 score_too_low score=0
2026-04-27 17:42:30 | INFO | a_stock | reject 300975 score_too_low score=59
2026-04-27 17:42:30 | INFO | a_stock | reject 002400 score_too_low score=0
2026-04-27 17:42:30 | INFO | a_stock | reject 603005 score_too_low score=0
2026-04-27 17:42:30 | INFO | a_stock | reject 601668 score_too_low score=0
2026-04-27 17:42:30 | INFO | a_stock | reject 300775 score_too_low score=0
2026-04-27 17:42:30 | INFO | a_stock | reject 688503 score_too_low score=0
2026-04-27 17:42:30 | INFO | a_stock | reject 603119 score_too_low score=0
2026-04-27 17:42:31 | INFO | a_stock | reject 601225 score_too_low score=58
2026-04-27 17:42:31 | INFO | a_stock | reject 300339 score_too_low score=0
2026-04-27 17:42:31 | INFO | a_stock | reject 688361 score_too_low score=0
2026-04-27 17:42:31 | INFO | a_stock | reject 688390 score_too_low score=0
2026-04-27 17:42:31 | INFO | a_stock | reject 300693 score_too_low score=64
2026-04-27 17:42:31 | INFO | a_stock | reject 002655 score_too_low score=65
2026-04-27 17:42:31 | INFO | a_stock | reject 002866 score_too_low score=53
2026-04-27 17:42:31 | INFO | a_stock | reject 601117 score_too_low score=40
2026-04-27 17:42:31 | INFO | a_stock | reject 603186 score_too_low score=0
2026-04-27 17:42:31 | INFO | a_stock | reject 301150 score_too_low score=0
2026-04-27 17:42:31 | INFO | a_stock | reject 002975 score_too_low score=49
2026-04-27 17:42:31 | INFO | a_stock | reject 300748 score_too_low score=0
2026-04-27 17:42:31 | INFO | a_stock | reject 600760 score_too_low score=0
2026-04-27 17:42:31 | INFO | a_stock | reject 688037 score_too_low score=0
2026-04-27 17:42:31 | INFO | a_stock | reject 600961 score_too_low score=0
2026-04-27 17:42:32 | INFO | a_stock | reject 688063 score_too_low score=0
2026-04-27 17:42:32 | INFO | a_stock | reject 002940 score_too_low score=56
2026-04-27 17:42:32 | INFO | a_stock | reject 601766 score_too_low score=0
2026-04-27 17:42:32 | INFO | a_stock | reject 300444 score_too_low score=0
2026-04-27 17:42:32 | INFO | a_stock | reject 300679 score_too_low score=0
2026-04-27 17:42:32 | INFO | a_stock | reject 600531 score_too_low score=0
2026-04-27 17:42:32 | INFO | a_stock | reject 000601 score_too_low score=0
2026-04-27 17:42:32 | INFO | a_stock | reject 002555 score_too_low score=0
2026-04-27 17:42:32 | INFO | a_stock | reject 603268 score_too_low score=44
2026-04-27 17:42:32 | INFO | a_stock | reject 002083 score_too_low score=0
2026-04-27 17:42:32 | INFO | a_stock | reject 600839 score_too_low score=0
2026-04-27 17:42:32 | INFO | a_stock | reject 300296 score_too_low score=0
2026-04-27 17:42:33 | INFO | a_stock | reject 000990 score_too_low score=59
2026-04-27 17:42:33 | INFO | a_stock | reject 002409 score_too_low score=0
2026-04-27 17:42:33 | INFO | a_stock | reject 601328 score_too_low score=0
2026-04-27 17:42:33 | INFO | a_stock | reject 000651 score_too_low score=0
2026-04-27 17:42:33 | INFO | a_stock | reject 000703 score_too_low score=66
2026-04-27 17:42:33 | INFO | a_stock | reject 600887 score_too_low score=0
2026-04-27 17:42:33 | INFO | a_stock | reject 600809 score_too_low score=0
2026-04-27 17:42:34 | INFO | a_stock | reject 301550 score_too_low score=0
2026-04-27 17:42:34 | INFO | a_stock | reject 002733 score_too_low score=61
2026-04-27 17:42:34 | INFO | a_stock | reject 605499 score_too_low score=0
2026-04-27 17:42:34 | INFO | a_stock | reject 300739 score_too_low score=0
2026-04-27 17:42:34 | INFO | a_stock | reject 688166 score_too_low score=60
2026-04-27 17:42:34 | INFO | a_stock | reject 300821 score_too_low score=58
2026-04-27 17:42:34 | INFO | a_stock | reject 688717 score_too_low score=0
2026-04-27 17:42:35 | INFO | a_stock | reject 688031 score_too_low score=0
2026-04-27 17:42:35 | INFO | a_stock | reject 688213 score_too_low score=0
2026-04-27 17:42:35 | INFO | a_stock | reject 603179 score_too_low score=0
2026-04-27 17:42:35 | INFO | a_stock | reject 603606 score_too_low score=51
2026-04-27 17:42:35 | INFO | a_stock | reject 000893 score_too_low score=0
2026-04-27 17:42:35 | INFO | a_stock | reject 603444 score_too_low score=0
2026-04-27 17:42:35 | INFO | a_stock | reject 000878 score_too_low score=0
2026-04-27 17:42:35 | INFO | a_stock | reject 600773 score_too_low score=69
2026-04-27 17:42:36 | INFO | a_stock | reject 300866 score_too_low score=64
2026-04-27 17:42:36 | INFO | a_stock | reject 000539 score_too_low score=0
2026-04-27 17:42:36 | INFO | a_stock | reject 603516 score_too_low score=0
2026-04-27 17:42:36 | INFO | a_stock | reject 688122 score_too_low score=0
2026-04-27 17:42:36 | INFO | a_stock | reject 600895 score_too_low score=0
2026-04-27 17:42:36 | INFO | a_stock | reject 300720 score_too_low score=63
2026-04-27 17:42:36 | INFO | a_stock | reject 688143 score_too_low score=56
2026-04-27 17:42:36 | INFO | a_stock | reject 002402 score_too_low score=0
2026-04-27 17:42:37 | INFO | a_stock | reject 600141 score_too_low score=0
2026-04-27 17:42:37 | INFO | a_stock | reject 688097 score_too_low score=0
2026-04-27 17:42:37 | INFO | a_stock | reject 688120 score_too_low score=62
2026-04-27 17:42:37 | INFO | a_stock | reject 300747 score_too_low score=63
2026-04-27 17:42:37 | INFO | a_stock | reject 002201 score_too_low score=0
2026-04-27 17:42:37 | INFO | a_stock | reject 688700 score_too_low score=65
2026-04-27 17:42:37 | INFO | a_stock | reject 000968 score_too_low score=0
2026-04-27 17:42:37 | INFO | a_stock | reject 002897 score_too_low score=0
2026-04-27 17:42:37 | INFO | a_stock | reject 301489 score_too_low score=0
2026-04-27 17:42:37 | INFO | a_stock | reject 688019 score_too_low score=0
2026-04-27 17:42:38 | INFO | a_stock | reject 300236 score_too_low score=58
2026-04-27 17:42:38 | INFO | a_stock | reject 001287 score_too_low score=51
2026-04-27 17:42:38 | INFO | a_stock | reject 300483 score_too_low score=0
2026-04-27 17:42:38 | INFO | a_stock | reject 688028 score_too_low score=0
2026-04-27 17:42:38 | INFO | a_stock | reject 600346 score_too_low score=0
2026-04-27 17:42:38 | INFO | a_stock | reject 000001 score_too_low score=0
2026-04-27 17:42:38 | INFO | a_stock | reject 601727 score_too_low score=0
2026-04-27 17:42:38 | INFO | a_stock | reject 601677 score_too_low score=56
2026-04-27 17:42:38 | INFO | a_stock | reject 002445 score_too_low score=0
2026-04-27 17:42:39 | INFO | a_stock | reject 301191 score_too_low score=54
2026-04-27 17:42:39 | INFO | a_stock | reject 600143 score_too_low score=0
2026-04-27 17:42:39 | INFO | a_stock | reject 688403 score_too_low score=0
2026-04-27 17:42:39 | INFO | a_stock | reject 688249 score_too_low score=0
2026-04-27 17:42:39 | INFO | a_stock | reject 600919 score_too_low score=42
2026-04-27 17:42:39 | INFO | a_stock | reject 300409 score_too_low score=0
2026-04-27 17:42:39 | INFO | a_stock | reject 688568 score_too_low score=0
2026-04-27 17:42:39 | INFO | a_stock | reject 600552 score_too_low score=0
2026-04-27 17:42:40 | INFO | a_stock | reject 002157 score_too_low score=0
2026-04-27 17:42:40 | INFO | a_stock | reject 300547 score_too_low score=0
2026-04-27 17:42:40 | INFO | a_stock | reject 688226 score_too_low score=59
2026-04-27 17:42:40 | INFO | a_stock | reject 601360 score_too_low score=0
2026-04-27 17:42:40 | INFO | a_stock | reject 688102 score_too_low score=0
2026-04-27 17:42:40 | INFO | a_stock | reject 002922 score_too_low score=0
2026-04-27 17:42:40 | INFO | a_stock | reject 688005 score_too_low score=0
2026-04-27 17:42:41 | INFO | a_stock | reject 300814 score_too_low score=0
2026-04-27 17:42:41 | INFO | a_stock | reject 300063 score_too_low score=0
2026-04-27 17:42:41 | INFO | a_stock | reject 688220 score_too_low score=0
2026-04-27 17:42:41 | INFO | a_stock | reject 001330 score_too_low score=0
2026-04-27 17:42:41 | INFO | a_stock | reject 300498 score_too_low score=41
2026-04-27 17:42:41 | INFO | a_stock | reject 002625 score_too_low score=0
2026-04-27 17:42:41 | INFO | a_stock | reject 603052 score_too_low score=0
2026-04-27 17:42:41 | INFO | a_stock | reject 688333 score_too_low score=0
2026-04-27 17:42:41 | INFO | a_stock | reject 601898 score_too_low score=59
2026-04-27 17:42:42 | INFO | a_stock | reject 002703 score_too_low score=0
2026-04-27 17:42:42 | INFO | a_stock | reject 000603 score_too_low score=0
2026-04-27 17:42:42 | INFO | a_stock | reject 300015 score_too_low score=0
2026-04-27 17:42:42 | INFO | a_stock | reject 603061 score_too_low score=0
2026-04-27 17:42:42 | INFO | a_stock | reject 300938 score_too_low score=62
2026-04-27 17:42:42 | INFO | a_stock | reject 688385 score_too_low score=0
2026-04-27 17:42:42 | INFO | a_stock | reject 688375 score_too_low score=0
2026-04-27 17:42:42 | INFO | a_stock | reject 688200 score_too_low score=60
2026-04-27 17:42:42 | INFO | a_stock | reject 301373 score_too_low score=0
2026-04-27 17:42:42 | INFO | a_stock | reject 000422 score_too_low score=0
2026-04-27 17:42:42 | INFO | a_stock | reject 600227 score_too_low score=0
2026-04-27 17:42:42 | INFO | a_stock | reject 002990 score_too_low score=0
2026-04-27 17:42:42 | INFO | a_stock | reject 003035 score_too_low score=0
2026-04-27 17:42:42 | INFO | a_stock | reject 688677 score_too_low score=0
2026-04-27 17:42:42 | INFO | a_stock | reject 002920 score_too_low score=0
2026-04-27 17:42:43 | INFO | a_stock | reject 002943 score_too_low score=0
2026-04-27 17:42:43 | INFO | a_stock | reject 688608 score_too_low score=0
2026-04-27 17:42:43 | INFO | a_stock | reject 300001 score_too_low score=42
2026-04-27 17:42:43 | INFO | a_stock | reject 000568 score_too_low score=0
2026-04-27 17:42:43 | INFO | a_stock | reject 601991 score_too_low score=0
2026-04-27 17:42:43 | INFO | a_stock | reject 301123 score_too_low score=0
2026-04-27 17:42:43 | INFO | a_stock | reject 600941 score_too_low score=0
2026-04-27 17:42:43 | INFO | a_stock | reject 301079 score_too_low score=0
2026-04-27 17:42:43 | INFO | a_stock | reject 603890 score_too_low score=53
2026-04-27 17:42:43 | INFO | a_stock | reject 600707 score_too_low score=55
2026-04-27 17:42:43 | INFO | a_stock | reject 300323 score_too_low score=0
2026-04-27 17:42:43 | INFO | a_stock | reject 002203 score_too_low score=56
2026-04-27 17:42:44 | INFO | a_stock | reject 002108 score_too_low score=60
2026-04-27 17:42:44 | INFO | a_stock | reject 002246 score_too_low score=63
2026-04-27 17:42:44 | INFO | a_stock | reject 002027 score_too_low score=0
2026-04-27 17:42:44 | INFO | a_stock | reject 601628 score_too_low score=0
2026-04-27 17:42:44 | INFO | a_stock | reject 301408 score_too_low score=0
2026-04-27 17:42:44 | INFO | a_stock | reject 688800 score_too_low score=0
2026-04-27 17:42:44 | INFO | a_stock | reject 301188 score_too_low score=61
2026-04-27 17:42:44 | INFO | a_stock | reject 688548 score_too_low score=57
2026-04-27 17:42:44 | INFO | a_stock | reject 300191 score_too_low score=0
2026-04-27 17:42:45 | INFO | a_stock | reject 001208 score_too_low score=0
2026-04-27 17:42:45 | INFO | a_stock | reject 301236 score_too_low score=0
2026-04-27 17:42:45 | INFO | a_stock | reject 300699 score_too_low score=0
2026-04-27 17:42:45 | INFO | a_stock | reject 600011 score_too_low score=0
2026-04-27 17:42:45 | INFO | a_stock | reject 688275 score_too_low score=60
2026-04-27 17:42:45 | INFO | a_stock | reject 002531 score_too_low score=0
2026-04-27 17:42:46 | INFO | a_stock | reject 600795 score_too_low score=0
2026-04-27 17:42:46 | INFO | a_stock | reject 688126 score_too_low score=0
2026-04-27 17:42:46 | INFO | a_stock | reject 300602 score_too_low score=0
2026-04-27 17:42:46 | INFO | a_stock | reject 000034 score_too_low score=0
2026-04-27 17:42:46 | INFO | a_stock | reject 000690 score_too_low score=0
2026-04-27 17:42:46 | INFO | a_stock | reject 300723 score_too_low score=0
2026-04-27 17:42:46 | INFO | a_stock | reject 002824 score_too_low score=56
2026-04-27 17:42:47 | INFO | a_stock | reject 688362 score_too_low score=0
2026-04-27 17:42:47 | INFO | a_stock | reject 300496 score_too_low score=0
2026-04-27 17:42:47 | INFO | a_stock | reject 603950 score_too_low score=0
2026-04-27 17:42:47 | INFO | a_stock | reject 688502 score_too_low score=62
2026-04-27 17:42:47 | INFO | a_stock | reject 000510 score_too_low score=0
2026-04-27 17:42:47 | INFO | a_stock | reject 600660 score_too_low score=0
2026-04-27 17:42:47 | INFO | a_stock | reject 300277 score_too_low score=0
2026-04-27 17:42:47 | INFO | a_stock | reject 688615 score_too_low score=0
2026-04-27 17:42:47 | INFO | a_stock | reject 600745 score_too_low score=0
2026-04-27 17:42:48 | INFO | a_stock | reject 300182 score_too_low score=0
2026-04-27 17:42:48 | INFO | a_stock | reject 000628 score_too_low score=57
2026-04-27 17:42:48 | INFO | a_stock | reject 002151 score_too_low score=0
2026-04-27 17:42:48 | INFO | a_stock | reject 000722 score_too_low score=0
2026-04-27 17:42:48 | INFO | a_stock | reject 000420 score_too_low score=0
2026-04-27 17:42:48 | INFO | a_stock | reject 002138 score_too_low score=0
2026-04-27 17:42:48 | INFO | a_stock | reject 002046 score_too_low score=0
2026-04-27 17:42:48 | INFO | a_stock | reject 002256 score_too_low score=0
2026-04-27 17:42:48 | INFO | a_stock | reject 600016 score_too_low score=0
2026-04-27 17:42:49 | INFO | a_stock | reject 688661 score_too_low score=50
2026-04-27 17:42:49 | INFO | a_stock | reject 000889 score_too_low score=0
2026-04-27 17:42:49 | INFO | a_stock | reject 300684 score_too_low score=60
2026-04-27 17:42:49 | INFO | a_stock | reject 300057 score_too_low score=66
2026-04-27 17:42:50 | INFO | a_stock | reject 002490 score_too_low score=0
2026-04-27 17:42:51 | INFO | a_stock | reject 002843 score_too_low score=0
2026-04-27 17:42:51 | INFO | a_stock | reject 601958 score_too_low score=0
2026-04-27 17:42:51 | INFO | a_stock | reject 000830 score_too_low score=0
2026-04-27 17:42:51 | INFO | a_stock | reject 600460 score_too_low score=0
2026-04-27 17:42:51 | INFO | a_stock | reject 601728 score_too_low score=0
2026-04-27 17:42:51 | INFO | a_stock | reject 000537 score_too_low score=0
2026-04-27 17:42:51 | INFO | a_stock | reject 600301 score_too_low score=0
2026-04-27 17:42:51 | INFO | a_stock | reject 600885 score_too_low score=0
2026-04-27 17:42:51 | INFO | a_stock | reject 300811 score_too_low score=47
2026-04-27 17:42:52 | INFO | a_stock | reject 688150 score_too_low score=56
2026-04-27 17:42:52 | INFO | a_stock | reject 600537 score_too_low score=0
2026-04-27 17:42:52 | INFO | a_stock | reject 300133 score_too_low score=0
2026-04-27 17:42:52 | INFO | a_stock | reject 002667 score_too_low score=0
2026-04-27 17:42:52 | INFO | a_stock | reject 600397 score_too_low score=0
2026-04-27 17:42:52 | INFO | a_stock | reject 600021 score_too_low score=0
2026-04-27 17:42:52 | INFO | a_stock | reject 003018 score_too_low score=0
2026-04-27 17:42:52 | INFO | a_stock | reject 600246 score_too_low score=0
2026-04-27 17:42:52 | INFO | a_stock | reject 600352 score_too_low score=0
2026-04-27 17:42:52 | INFO | a_stock | reject 688227 score_too_low score=0
2026-04-27 17:42:52 | INFO | a_stock | reject 300490 score_too_low score=59
2026-04-27 17:42:53 | INFO | a_stock | reject 002142 score_too_low score=49
2026-04-27 17:42:53 | INFO | a_stock | reject 688472 score_too_low score=0
2026-04-27 17:42:53 | INFO | a_stock | reject 002237 score_too_low score=0
2026-04-27 17:42:53 | INFO | a_stock | reject 301095 score_too_low score=0
2026-04-27 17:42:53 | INFO | a_stock | reject 000625 score_too_low score=0
2026-04-27 17:42:53 | INFO | a_stock | reject 301629 score_too_low score=0
2026-04-27 17:42:53 | INFO | a_stock | reject 002705 score_too_low score=54
2026-04-27 17:42:53 | INFO | a_stock | reject 603115 score_too_low score=58
2026-04-27 17:42:53 | INFO | a_stock | reject 000768 score_too_low score=0
2026-04-27 17:42:53 | INFO | a_stock | reject 600595 score_too_low score=0
2026-04-27 17:42:53 | INFO | a_stock | reject 688693 score_too_low score=0
2026-04-27 17:42:53 | INFO | a_stock | reject 688691 score_too_low score=0
2026-04-27 17:42:54 | INFO | a_stock | reject 000811 score_too_low score=64
2026-04-27 17:42:54 | INFO | a_stock | reject 688018 score_too_low score=0
2026-04-27 17:42:54 | INFO | a_stock | reject 000591 score_too_low score=0
2026-04-27 17:42:54 | INFO | a_stock | reject 300777 score_too_low score=0
2026-04-27 17:42:54 | INFO | a_stock | reject 688082 score_too_low score=0
2026-04-27 17:42:54 | INFO | a_stock | reject 300671 score_too_low score=0
2026-04-27 17:42:54 | INFO | a_stock | reject 603936 score_too_low score=59
2026-04-27 17:42:54 | INFO | a_stock | reject 600815 score_too_low score=0
2026-04-27 17:42:54 | INFO | a_stock | reject 300858 score_too_low score=0
2026-04-27 17:42:54 | INFO | a_stock | reject 603158 score_too_low score=66
2026-04-27 17:42:54 | INFO | a_stock | reject 300008 score_too_low score=0
2026-04-27 17:42:54 | INFO | a_stock | reject 688778 score_too_low score=0
2026-04-27 17:42:54 | INFO | a_stock | reject 688172 score_too_low score=0
2026-04-27 17:42:54 | INFO | a_stock | reject 688169 score_too_low score=0
2026-04-27 17:42:55 | INFO | a_stock | reject 300505 score_too_low score=0
2026-04-27 17:42:55 | INFO | a_stock | reject 600312 score_too_low score=0
2026-04-27 17:42:55 | INFO | a_stock | reject 605222 score_too_low score=52
2026-04-27 17:42:55 | INFO | a_stock | reject 603938 score_too_low score=0
2026-04-27 17:42:55 | INFO | a_stock | reject 300618 score_too_low score=0
2026-04-27 17:42:55 | INFO | a_stock | reject 603496 score_too_low score=0
2026-04-27 17:42:55 | INFO | a_stock | reject 600000 score_too_low score=0
2026-04-27 17:42:55 | INFO | a_stock | reject 002396 score_too_low score=0
2026-04-27 17:42:55 | INFO | a_stock | reject 002165 score_too_low score=0
2026-04-27 17:42:55 | INFO | a_stock | reject 002290 score_too_low score=68
2026-04-27 17:42:56 | INFO | a_stock | reject 600685 score_too_low score=0
2026-04-27 17:42:56 | INFO | a_stock | reject 688300 score_too_low score=0
2026-04-27 17:42:56 | INFO | a_stock | reject 000593 score_too_low score=0
2026-04-27 17:42:56 | INFO | a_stock | reject 301248 score_too_low score=66
2026-04-27 17:42:56 | INFO | a_stock | reject 600499 score_too_low score=60
2026-04-27 17:42:56 | INFO | a_stock | reject 000880 score_too_low score=0
2026-04-27 17:42:56 | INFO | a_stock | reject 600545 score_too_low score=0
2026-04-27 17:42:56 | INFO | a_stock | reject 603290 score_too_low score=60
2026-04-27 17:42:56 | INFO | a_stock | reject 688312 score_too_low score=56
2026-04-27 17:42:57 | INFO | a_stock | reject 002430 score_too_low score=0
2026-04-27 17:42:57 | INFO | a_stock | reject 605358 score_too_low score=0
2026-04-27 17:42:57 | INFO | a_stock | reject 688258 score_too_low score=0
2026-04-27 17:42:57 | INFO | a_stock | reject 601169 score_too_low score=0
2026-04-27 17:42:57 | INFO | a_stock | reject 301071 score_too_low score=0
2026-04-27 17:42:57 | INFO | a_stock | reject 300779 score_too_low score=0
2026-04-27 17:42:57 | INFO | a_stock | reject 603650 score_too_low score=0
2026-04-27 17:42:57 | INFO | a_stock | reject 688469 score_too_low score=0
2026-04-27 17:42:57 | INFO | a_stock | reject 000158 score_too_low score=0
2026-04-27 17:42:57 | INFO | a_stock | reject 002891 score_too_low score=0
2026-04-27 17:42:57 | INFO | a_stock | reject 301536 score_too_low score=61
2026-04-27 17:42:57 | INFO | a_stock | reject 600208 score_too_low score=49
2026-04-27 17:42:58 | INFO | a_stock | reject 600977 score_too_low score=0
2026-04-27 17:42:58 | INFO | a_stock | reject 603236 score_too_low score=0
2026-04-27 17:42:58 | INFO | a_stock | reject 300331 score_too_low score=0
2026-04-27 17:42:58 | INFO | a_stock | reject 600233 score_too_low score=52
2026-04-27 17:42:58 | INFO | a_stock | reject 002885 score_too_low score=0
2026-04-27 17:42:58 | INFO | a_stock | reject 002092 score_too_low score=0
2026-04-27 17:42:58 | INFO | a_stock | reject 300905 score_too_low score=37
2026-04-27 17:42:58 | INFO | a_stock | reject 001301 score_too_low score=0
2026-04-27 17:42:58 | INFO | a_stock | reject 603017 score_too_low score=0
2026-04-27 17:42:58 | INFO | a_stock | reject 688052 score_too_low score=0
2026-04-27 17:42:58 | INFO | a_stock | reject 000751 score_too_low score=0
2026-04-27 17:42:59 | INFO | a_stock | reject 002033 score_too_low score=45
2026-04-27 17:42:59 | INFO | a_stock | reject 603912 score_too_low score=51
2026-04-27 17:42:59 | INFO | a_stock | reject 300558 score_too_low score=0
2026-04-27 17:42:59 | INFO | a_stock | reject 002683 score_too_low score=0
2026-04-27 17:42:59 | INFO | a_stock | reject 300474 score_too_low score=0
2026-04-27 17:42:59 | INFO | a_stock | reject 600979 score_too_low score=0
2026-04-27 17:42:59 | INFO | a_stock | reject 300005 score_too_low score=62
2026-04-27 17:42:59 | INFO | a_stock | reject 002617 score_too_low score=0
2026-04-27 17:42:59 | INFO | a_stock | reject 002023 score_too_low score=0
2026-04-27 17:43:00 | INFO | a_stock | reject 000546 score_too_low score=0
2026-04-27 17:43:00 | INFO | a_stock | reject 300253 score_too_low score=0
2026-04-27 17:43:00 | INFO | a_stock | reject 002300 score_too_low score=0
2026-04-27 17:43:00 | INFO | a_stock | reject 605111 score_too_low score=0
2026-04-27 17:43:00 | INFO | a_stock | reject 002064 score_too_low score=0
2026-04-27 17:43:00 | INFO | a_stock | reject 600316 score_too_low score=0
2026-04-27 17:43:00 | INFO | a_stock | reject 000049 score_too_low score=52
2026-04-27 17:43:00 | INFO | a_stock | reject 002324 score_too_low score=0
2026-04-27 17:43:01 | INFO | a_stock | reject 003036 score_too_low score=60
2026-04-27 17:43:01 | INFO | a_stock | reject 002472 score_too_low score=0
2026-04-27 17:43:01 | INFO | a_stock | reject 000963 score_too_low score=0
2026-04-27 17:43:01 | INFO | a_stock | reject 601311 score_too_low score=47
2026-04-27 17:43:01 | INFO | a_stock | reject 002647 score_too_low score=51
2026-04-27 17:43:01 | INFO | a_stock | reject 688337 score_too_low score=60
2026-04-27 17:43:01 | INFO | a_stock | reject 603596 score_too_low score=0
2026-04-27 17:43:01 | INFO | a_stock | reject 300623 score_too_low score=0
2026-04-27 17:43:01 | INFO | a_stock | reject 002338 score_too_low score=0
2026-04-27 17:43:01 | INFO | a_stock | reject 688416 score_too_low score=0
2026-04-27 17:43:02 | INFO | a_stock | reject 300082 score_too_low score=63
2026-04-27 17:43:02 | INFO | a_stock | reject 688368 score_too_low score=0
2026-04-27 17:43:02 | INFO | a_stock | reject 300990 score_too_low score=0
2026-04-27 17:43:02 | INFO | a_stock | reject 300890 score_too_low score=56
2026-04-27 17:43:02 | INFO | a_stock | reject 603379 score_too_low score=0
2026-04-27 17:43:02 | INFO | a_stock | reject 003022 score_too_low score=50
2026-04-27 17:43:02 | INFO | a_stock | reject 600633 score_too_low score=0
2026-04-27 17:43:02 | INFO | a_stock | reject 688001 score_too_low score=67
2026-04-27 17:43:02 | INFO | a_stock | reject 301307 score_too_low score=59
2026-04-27 17:43:03 | INFO | a_stock | reject 688020 score_too_low score=48
2026-04-27 17:43:03 | INFO | a_stock | reject 300229 score_too_low score=0
2026-04-27 17:43:03 | INFO | a_stock | reject 601229 score_too_low score=0
2026-04-27 17:43:03 | INFO | a_stock | reject 301120 score_too_low score=0
2026-04-27 17:43:03 | INFO | a_stock | reject 600733 score_too_low score=0
2026-04-27 17:43:03 | INFO | a_stock | reject 603315 score_too_low score=67
2026-04-27 17:43:03 | INFO | a_stock | reject 300443 score_too_low score=37
2026-04-27 17:43:03 | INFO | a_stock | reject 920493 score_too_low score=0
2026-04-27 17:43:03 | INFO | a_stock | reject 000912 score_too_low score=0
2026-04-27 17:43:03 | INFO | a_stock | reject 002734 score_too_low score=0
2026-04-27 17:43:03 | INFO | a_stock | reject 603160 score_too_low score=0
2026-04-27 17:43:04 | INFO | a_stock | reject 688508 score_too_low score=0
2026-04-27 17:43:04 | INFO | a_stock | reject 688628 score_too_low score=52
2026-04-27 17:43:04 | INFO | a_stock | reject 600378 score_too_low score=0
2026-04-27 17:43:04 | INFO | a_stock | reject 301413 score_too_low score=0
2026-04-27 17:43:04 | INFO | a_stock | reject 000829 score_too_low score=60
2026-04-27 17:43:04 | INFO | a_stock | reject 300638 score_too_low score=0
2026-04-27 17:43:04 | INFO | a_stock | reject 300970 score_too_low score=50
2026-04-27 17:43:04 | INFO | a_stock | reject 300540 score_too_low score=63
2026-04-27 17:43:04 | INFO | a_stock | reject 600783 score_too_low score=0
2026-04-27 17:43:04 | INFO | a_stock | reject 002440 score_too_low score=0
2026-04-27 17:43:04 | INFO | a_stock | reject 300435 score_too_low score=0
2026-04-27 17:43:04 | INFO | a_stock | reject 601636 score_too_low score=0
2026-04-27 17:43:04 | INFO | a_stock | reject 600791 score_too_low score=62
2026-04-27 17:43:04 | INFO | a_stock | reject 601838 score_too_low score=50
2026-04-27 17:43:04 | INFO | a_stock | reject 300292 score_too_low score=56
2026-04-27 17:43:04 | INFO | a_stock | reject 688401 score_too_low score=59
2026-04-27 17:43:04 | INFO | a_stock | reject 300283 score_too_low score=54
2026-04-27 17:43:05 | INFO | a_stock | reject 002081 score_too_low score=0
2026-04-27 17:43:05 | INFO | a_stock | reject 002448 score_too_low score=0
2026-04-27 17:43:05 | INFO | a_stock | reject 300573 score_too_low score=0
2026-04-27 17:43:05 | INFO | a_stock | reject 600683 score_too_low score=0
2026-04-27 17:43:05 | INFO | a_stock | reject 002410 score_too_low score=0
2026-04-27 17:43:05 | INFO | a_stock | reject 300627 score_too_low score=0
2026-04-27 17:43:05 | INFO | a_stock | reject 300682 score_too_low score=0
2026-04-27 17:43:05 | INFO | a_stock | reject 300959 score_too_low score=0
2026-04-27 17:43:05 | INFO | a_stock | reject 688707 score_too_low score=55
2026-04-27 17:43:05 | INFO | a_stock | reject 603520 score_too_low score=59
2026-04-27 17:43:06 | INFO | a_stock | reject 300619 score_too_low score=0
2026-04-27 17:43:06 | INFO | a_stock | reject 688582 score_too_low score=0
2026-04-27 17:43:06 | INFO | a_stock | reject 600763 score_too_low score=0
2026-04-27 17:43:06 | INFO | a_stock | reject 301050 score_too_low score=0
2026-04-27 17:43:06 | INFO | a_stock | reject 300607 score_too_low score=0
2026-04-27 17:43:06 | INFO | a_stock | reject 601519 score_too_low score=0
2026-04-27 17:43:06 | INFO | a_stock | reject 600736 score_too_low score=0
2026-04-27 17:43:06 | INFO | a_stock | reject 603613 score_too_low score=0
2026-04-27 17:43:06 | INFO | a_stock | reject 301003 score_too_low score=42
2026-04-27 17:43:06 | INFO | a_stock | reject 002752 score_too_low score=0
2026-04-27 17:43:06 | INFO | a_stock | reject 600120 score_too_low score=0
2026-04-27 17:43:06 | INFO | a_stock | reject 601128 score_too_low score=38
2026-04-27 17:43:07 | INFO | a_stock | reject 300382 score_too_low score=0
2026-04-27 17:43:07 | INFO | a_stock | reject 300067 score_too_low score=0
2026-04-27 17:43:07 | INFO | a_stock | reject 300613 score_too_low score=69
2026-04-27 17:43:07 | INFO | a_stock | reject 002244 score_too_low score=0
2026-04-27 17:43:07 | INFO | a_stock | reject 603991 score_too_low score=55
2026-04-27 17:43:07 | INFO | a_stock | reject 601997 score_too_low score=37
2026-04-27 17:43:07 | INFO | a_stock | reject 603363 score_too_low score=0
2026-04-27 17:43:07 | INFO | a_stock | reject 603198 score_too_low score=0
2026-04-27 17:43:07 | INFO | a_stock | reject 300740 score_too_low score=0
2026-04-27 17:43:07 | INFO | a_stock | reject 600678 score_too_low score=0
2026-04-27 17:43:07 | INFO | a_stock | reject 603178 score_too_low score=0
2026-04-27 17:43:08 | INFO | a_stock | reject 300925 score_too_low score=0
2026-04-27 17:43:08 | INFO | a_stock | reject 688381 score_too_low score=58
2026-04-27 17:43:08 | INFO | a_stock | reject 002194 score_too_low score=0
2026-04-27 17:43:08 | INFO | a_stock | reject 301510 score_too_low score=0
2026-04-27 17:43:08 | INFO | a_stock | reject 300397 score_too_low score=0
2026-04-27 17:43:08 | INFO | a_stock | reject 301077 score_too_low score=0
2026-04-27 17:43:08 | INFO | a_stock | reject 002971 score_too_low score=51
2026-04-27 17:43:08 | INFO | a_stock | reject 002242 score_too_low score=51
2026-04-27 17:43:08 | INFO | a_stock | reject 301588 score_too_low score=51
2026-04-27 17:43:09 | INFO | a_stock | reject 600770 score_too_low score=54
2026-04-27 17:43:09 | INFO | a_stock | reject 300061 score_too_low score=0
2026-04-27 17:43:09 | INFO | a_stock | reject 300590 score_too_low score=61
2026-04-27 17:43:09 | INFO | a_stock | reject 300721 score_too_low score=62
2026-04-27 17:43:09 | INFO | a_stock | reject 300434 score_too_low score=52
2026-04-27 17:43:09 | INFO | a_stock | reject 603336 score_too_low score=63
2026-04-27 17:43:09 | INFO | a_stock | reject 001314 score_too_low score=0
2026-04-27 17:43:09 | INFO | a_stock | reject 601512 score_too_low score=45
2026-04-27 17:43:09 | INFO | a_stock | reject 603390 score_too_low score=54
2026-04-27 17:43:09 | INFO | a_stock | reject 300170 score_too_low score=0
2026-04-27 17:43:09 | INFO | a_stock | reject 600367 score_too_low score=0
2026-04-27 17:43:10 | INFO | a_stock | reject 300545 score_too_low score=0
2026-04-27 17:43:10 | INFO | a_stock | reject 603045 score_too_low score=67
2026-04-27 17:43:10 | INFO | a_stock | reject 301365 score_too_low score=53
2026-04-27 17:43:10 | INFO | a_stock | reject 605005 score_too_low score=56
2026-04-27 17:43:10 | INFO | a_stock | 扫描报告：universe=909 processed=909 skipped=867 candidates=42
