2026-04-27 15:28:18 | INFO | a_stock | 日志初始化完成：run_id=20260427_152818, log_dir=logs, reject_file=logs/rejects_20260427_152818.csv, raw_bad_rows_file=logs/raw_bad_rows_20260427_152818.jsonl
2026-04-27 15:28:18 | INFO | a_stock | run_scan 启动
2026-04-27 15:28:18 | INFO | a_stock | 历史K优化候选池：200 只（实时有效 + 按成交额排序 + 未缓存）
2026-04-27 15:28:18 | INFO | a_stock | 开始优化历史K缓存：候选=200 daily_limit=200
2026-04-27 15:28:18 | DEBUG | a_stock | 历史K源无效 code=688808 source=sina_history rows=1
2026-04-27 15:28:19 | DEBUG | a_stock | 历史K源无效 code=688808 source=efinance rows=2
2026-04-27 15:28:19 | DEBUG | a_stock | 历史K源无效 code=688808 source=tencent rows=1
2026-04-27 15:28:19 | INFO | a_stock | [reject] 688808 no_kline_data 历史K为空或不足250根 source=failed
2026-04-27 15:28:19 | DEBUG | a_stock | 历史K源无效 code=688820 source=sina_history rows=4
2026-04-27 15:28:21 | DEBUG | a_stock | 历史K源无效 code=688820 source=efinance rows=5
2026-04-27 15:28:21 | DEBUG | a_stock | 历史K源无效 code=688820 source=tencent rows=1
2026-04-27 15:28:21 | INFO | a_stock | [reject] 688820 no_kline_data 历史K为空或不足250根 source=failed
2026-04-27 15:28:21 | DEBUG | a_stock | 历史K源无效 code=688802 source=sina_history rows=84
2026-04-27 15:28:23 | DEBUG | a_stock | 历史K源无效 code=688802 source=efinance rows=85
2026-04-27 15:28:23 | DEBUG | a_stock | 历史K源无效 code=688802 source=tencent rows=1
2026-04-27 15:28:23 | INFO | a_stock | [reject] 688802 no_kline_data 历史K为空或不足250根 source=failed
2026-04-27 15:28:23 | DEBUG | a_stock | 历史K源无效 code=688795 source=sina_history rows=92
2026-04-27 15:28:25 | DEBUG | a_stock | 历史K源无效 code=688795 source=efinance rows=93
2026-04-27 15:28:25 | DEBUG | a_stock | 历史K源无效 code=688795 source=tencent rows=1
2026-04-27 15:28:25 | INFO | a_stock | [reject] 688795 no_kline_data 历史K为空或不足250根 source=failed
2026-04-27 15:28:25 | DEBUG | a_stock | 历史K源无效 code=301666 source=sina_history rows=7
2026-04-27 15:28:27 | DEBUG | a_stock | 历史K源无效 code=301666 source=efinance rows=8
2026-04-27 15:28:27 | DEBUG | a_stock | 历史K源无效 code=301666 source=tencent rows=1
2026-04-27 15:28:27 | INFO | a_stock | [reject] 301666 no_kline_data 历史K为空或不足250根 source=failed
2026-04-27 15:28:27 | DEBUG | a_stock | 历史K源无效 code=600930 source=sina_history rows=188
2026-04-27 15:28:29 | DEBUG | a_stock | 历史K源无效 code=600930 source=efinance rows=189
2026-04-27 15:28:29 | DEBUG | a_stock | 历史K源无效 code=600930 source=tencent rows=1
2026-04-27 15:28:29 | INFO | a_stock | [reject] 600930 no_kline_data 历史K为空或不足250根 source=failed
2026-04-27 15:28:29 | DEBUG | a_stock | 历史K源无效 code=688807 source=sina_history rows=82
2026-04-27 15:28:31 | DEBUG | a_stock | 历史K源无效 code=688807 source=efinance rows=83
2026-04-27 15:28:31 | DEBUG | a_stock | 历史K源无效 code=688807 source=tencent rows=1
2026-04-27 15:28:31 | INFO | a_stock | [reject] 688807 no_kline_data 历史K为空或不足250根 source=failed
2026-04-27 15:28:31 | DEBUG | a_stock | 历史K源无效 code=301667 source=sina_history rows=80
2026-04-27 15:28:33 | DEBUG | a_stock | 历史K源无效 code=301667 source=efinance rows=81
2026-04-27 15:28:33 | DEBUG | a_stock | 历史K源无效 code=301667 source=tencent rows=1
2026-04-27 15:28:33 | INFO | a_stock | [reject] 301667 no_kline_data 历史K为空或不足250根 source=failed
2026-04-27 15:28:33 | DEBUG | a_stock | 历史K源无效 code=688818 source=sina_history rows=47
2026-04-27 15:28:35 | DEBUG | a_stock | 历史K源无效 code=688818 source=efinance rows=48
2026-04-27 15:28:35 | DEBUG | a_stock | 历史K源无效 code=688818 source=tencent rows=1
2026-04-27 15:28:35 | INFO | a_stock | [reject] 688818 no_kline_data 历史K为空或不足250根 source=failed
2026-04-27 15:29:15 | INFO | a_stock | 历史K缓存进度：50/200 成功=41 失败=9 cache=0 tencent=0 sina=41 efinance=0
2026-04-27 15:29:37 | DEBUG | a_stock | 历史K源无效 code=603459 source=sina_history rows=13
2026-04-27 15:29:38 | DEBUG | a_stock | 历史K源无效 code=603459 source=efinance rows=14
2026-04-27 15:29:38 | DEBUG | a_stock | 历史K源无效 code=603459 source=tencent rows=1
2026-04-27 15:29:38 | INFO | a_stock | [reject] 603459 no_kline_data 历史K为空或不足250根 source=failed
2026-04-27 15:29:55 | DEBUG | a_stock | 历史K源无效 code=688809 source=sina_history rows=75
2026-04-27 15:29:55 | DEBUG | a_stock | 历史K源无效 code=688809 source=efinance rows=76
2026-04-27 15:29:55 | DEBUG | a_stock | 历史K源无效 code=688809 source=tencent rows=1
2026-04-27 15:29:55 | INFO | a_stock | [reject] 688809 no_kline_data 历史K为空或不足250根 source=failed
2026-04-27 15:30:02 | DEBUG | a_stock | 历史K源无效 code=920045 source=sina_history rows=74
2026-04-27 15:30:02 | DEBUG | a_stock | 历史K源无效 code=920045 source=efinance rows=75
2026-04-27 15:30:02 | DEBUG | a_stock | 历史K源无效 code=920045 source=tencent rows=1
2026-04-27 15:30:02 | INFO | a_stock | [reject] 920045 no_kline_data 历史K为空或不足250根 source=failed
2026-04-27 15:30:06 | INFO | a_stock | 历史K缓存进度：100/200 成功=88 失败=12 cache=0 tencent=0 sina=88 efinance=0
2026-04-27 15:30:55 | DEBUG | a_stock | 历史K源无效 code=301638 source=sina_history rows=106
2026-04-27 15:30:56 | DEBUG | a_stock | 历史K源无效 code=301638 source=efinance rows=106
2026-04-27 15:30:57 | DEBUG | a_stock | 历史K源无效 code=301638 source=tencent rows=1
2026-04-27 15:30:57 | INFO | a_stock | [reject] 301638 no_kline_data 历史K为空或不足250根 source=failed
2026-04-27 15:30:57 | INFO | a_stock | 历史K缓存进度：150/200 成功=137 失败=13 cache=0 tencent=0 sina=137 efinance=0
2026-04-27 15:31:48 | INFO | a_stock | 历史K缓存进度：200/200 成功=187 失败=13 cache=0 tencent=0 sina=187 efinance=0
2026-04-27 15:31:48 | INFO | a_stock | 
历史K构建报告：
  总处理：200
  成功：187
  失败：13
  缓存命中：0
  腾讯成功：0
  新浪历史成功：187
  efinance成功：0
  混合/合并：0
  未知来源：0
2026-04-27 15:31:48 | WARNING | a_stock | 失败样本前20：
2026-04-27 15:31:48 | WARNING | a_stock | 688808 -> no_kline_data source=failed
2026-04-27 15:31:48 | WARNING | a_stock | 688820 -> no_kline_data source=failed
2026-04-27 15:31:48 | WARNING | a_stock | 688802 -> no_kline_data source=failed
2026-04-27 15:31:48 | WARNING | a_stock | 688795 -> no_kline_data source=failed
2026-04-27 15:31:48 | WARNING | a_stock | 301666 -> no_kline_data source=failed
2026-04-27 15:31:48 | WARNING | a_stock | 600930 -> no_kline_data source=failed
2026-04-27 15:31:48 | WARNING | a_stock | 688807 -> no_kline_data source=failed
2026-04-27 15:31:48 | WARNING | a_stock | 301667 -> no_kline_data source=failed
2026-04-27 15:31:48 | WARNING | a_stock | 688818 -> no_kline_data source=failed
2026-04-27 15:31:48 | WARNING | a_stock | 603459 -> no_kline_data source=failed
2026-04-27 15:31:48 | WARNING | a_stock | 688809 -> no_kline_data source=failed
2026-04-27 15:31:48 | WARNING | a_stock | 920045 -> no_kline_data source=failed
2026-04-27 15:31:48 | WARNING | a_stock | 301638 -> no_kline_data source=failed
