2026-04-27 15:40:53 | INFO | a_stock | 日志初始化完成：run_id=20260427_154053, log_dir=logs, reject_file=logs/rejects_20260427_154053.csv, raw_bad_rows_file=logs/raw_bad_rows_20260427_154053.jsonl
2026-04-27 15:40:53 | INFO | a_stock | run_scan 启动
2026-04-27 15:40:53 | DEBUG | a_stock | 历史K远程成功 code=sh000001 source=tencent rows=1
2026-04-27 15:40:54 | DEBUG | a_stock | 历史K远程成功 code=sz399006 source=tencent rows=1
2026-04-27 15:40:54 | INFO | a_stock | 使用股票池缓存：6 只
2026-04-27 15:40:54 | WARNING | a_stock | 板块过滤失败：cannot import name 'filter_universe_by_strong_sector' from 'core.sector' (/Users/liujunying/Downloads/project/my-first/core/sector.py)
2026-04-27 15:40:54 | WARNING | a_stock | 周线过滤失败：cannot import name 'filter_by_weekly_trend' from 'core.weekly' (/Users/liujunying/Downloads/project/my-first/core/weekly.py)
2026-04-27 15:40:54 | INFO | a_stock | 
数据覆盖率报告：
  stock_basic：5323
  有效基础股票：5317
  stock_daily 覆盖股票：11 (0.21%)
  realtime_quote 覆盖股票：5317 (99.89%)
2026-04-27 15:40:54 | WARNING | a_stock | ⚠️ 当前日线缓存覆盖率较低，扫描结果只代表已缓存股票，不代表全市场。
2026-04-27 15:40:54 | INFO | a_stock | 扫描阶段只读本地 stock_daily 缓存，不远程拉历史K
2026-04-27 15:40:54 | INFO | a_stock | reject 300170 second_buy_not_match 二买结构不满足
2026-04-27 15:40:54 | INFO | a_stock | reject 600367 second_buy_not_match 二买结构不满足
2026-04-27 15:40:54 | INFO | a_stock | reject 300545 second_buy_not_match 二买结构不满足
2026-04-27 15:40:54 | INFO | a_stock | reject 603045 second_buy_not_match 二买结构不满足
2026-04-27 15:40:54 | INFO | a_stock | reject 301365 second_buy_not_match 二买结构不满足
2026-04-27 15:40:54 | INFO | a_stock | reject 605005 second_buy_not_match 二买结构不满足
2026-04-27 15:40:54 | INFO | a_stock | 扫描报告：universe=6 processed=6 skipped=6 candidates=0
