2026-04-27 15:14:00 | INFO | a_stock | 日志初始化完成：run_id=20260427_151400, log_dir=logs, reject_file=logs/rejects_20260427_151400.csv, raw_bad_rows_file=logs/raw_bad_rows_20260427_151400.jsonl
2026-04-27 15:14:00 | INFO | a_stock | run_scan 启动
2026-04-27 15:14:00 | INFO | a_stock | 历史K优化候选池：100 只（实时有效 + 按成交额排序 + 未缓存）
2026-04-27 15:14:00 | INFO | a_stock | 开始优化历史K缓存：候选=100 daily_limit=100
2026-04-27 15:14:02 | DEBUG | a_stock | 历史K源无效 code=688808 source=sina_history rows=1
2026-04-27 15:14:02 | DEBUG | a_stock | 历史K源无效 code=688808 source=efinance rows=2
2026-04-27 15:14:03 | DEBUG | a_stock | 历史K源无效 code=688808 source=tencent rows=1
2026-04-27 15:14:03 | INFO | a_stock | [reject] 688808 no_kline_data 历史K为空或不足250根 source=failed
2026-04-27 15:14:04 | DEBUG | a_stock | 历史K源无效 code=688820 source=sina_history rows=4
2026-04-27 15:14:04 | DEBUG | a_stock | 历史K源无效 code=688820 source=efinance rows=5
2026-04-27 15:14:04 | DEBUG | a_stock | 历史K源无效 code=688820 source=tencent rows=1
2026-04-27 15:14:04 | INFO | a_stock | [reject] 688820 no_kline_data 历史K为空或不足250根 source=failed
2026-04-27 15:14:08 | DEBUG | a_stock | 历史K源无效 code=688802 source=sina_history rows=84
2026-04-27 15:14:08 | DEBUG | a_stock | 历史K源无效 code=688802 source=efinance rows=85
2026-04-27 15:14:08 | DEBUG | a_stock | 历史K源无效 code=688802 source=tencent rows=1
2026-04-27 15:14:08 | INFO | a_stock | [reject] 688802 no_kline_data 历史K为空或不足250根 source=failed
2026-04-27 15:14:10 | DEBUG | a_stock | 历史K源无效 code=688795 source=sina_history rows=92
2026-04-27 15:14:10 | DEBUG | a_stock | 历史K源无效 code=688795 source=efinance rows=93
2026-04-27 15:14:10 | DEBUG | a_stock | 历史K源无效 code=688795 source=tencent rows=1
2026-04-27 15:14:10 | INFO | a_stock | [reject] 688795 no_kline_data 历史K为空或不足250根 source=failed
2026-04-27 15:14:11 | DEBUG | a_stock | 历史K源无效 code=301666 source=sina_history rows=7
2026-04-27 15:14:12 | DEBUG | a_stock | 历史K源无效 code=301666 source=efinance rows=8
2026-04-27 15:14:12 | DEBUG | a_stock | 历史K源无效 code=301666 source=tencent rows=1
2026-04-27 15:14:12 | INFO | a_stock | [reject] 301666 no_kline_data 历史K为空或不足250根 source=failed
2026-04-27 15:14:17 | DEBUG | a_stock | 历史K源无效 code=600930 source=sina_history rows=188
2026-04-27 15:14:17 | DEBUG | a_stock | 历史K源无效 code=600930 source=efinance rows=189
2026-04-27 15:14:18 | DEBUG | a_stock | 历史K源无效 code=600930 source=tencent rows=1
2026-04-27 15:14:18 | INFO | a_stock | [reject] 600930 no_kline_data 历史K为空或不足250根 source=failed
2026-04-27 15:14:19 | DEBUG | a_stock | 历史K源无效 code=688807 source=sina_history rows=82
2026-04-27 15:14:19 | DEBUG | a_stock | 历史K源无效 code=688807 source=efinance rows=83
2026-04-27 15:14:20 | DEBUG | a_stock | 历史K源无效 code=688807 source=tencent rows=1
2026-04-27 15:14:20 | INFO | a_stock | [reject] 688807 no_kline_data 历史K为空或不足250根 source=failed
2026-04-27 15:14:51 | INFO | a_stock | 历史K缓存进度：50/100 成功=43 失败=7 cache=0 tencent=0 sina=43 efinance=0
2026-04-27 15:15:34 | DEBUG | a_stock | 历史K源无效 code=301667 source=sina_history rows=80
2026-04-27 15:15:34 | DEBUG | a_stock | 历史K源无效 code=301667 source=efinance rows=81
2026-04-27 15:15:34 | DEBUG | a_stock | 历史K源无效 code=301667 source=tencent rows=1
2026-04-27 15:15:34 | INFO | a_stock | [reject] 301667 no_kline_data 历史K为空或不足250根 source=failed
2026-04-27 15:15:42 | INFO | a_stock | 历史K缓存进度：100/100 成功=92 失败=8 cache=0 tencent=0 sina=92 efinance=0
2026-04-27 15:15:42 | INFO | a_stock | 
历史K构建报告：
  总处理：100
  成功：92
  失败：8
  缓存命中：0
  腾讯成功：0
  新浪历史成功：92
  efinance成功：0
  混合/合并：0
  未知来源：0
2026-04-27 15:15:42 | WARNING | a_stock | 失败样本前20：
2026-04-27 15:15:42 | WARNING | a_stock | 688808 -> no_kline_data source=failed
2026-04-27 15:15:42 | WARNING | a_stock | 688820 -> no_kline_data source=failed
2026-04-27 15:15:42 | WARNING | a_stock | 688802 -> no_kline_data source=failed
2026-04-27 15:15:42 | WARNING | a_stock | 688795 -> no_kline_data source=failed
2026-04-27 15:15:42 | WARNING | a_stock | 301666 -> no_kline_data source=failed
2026-04-27 15:15:42 | WARNING | a_stock | 600930 -> no_kline_data source=failed
2026-04-27 15:15:42 | WARNING | a_stock | 688807 -> no_kline_data source=failed
2026-04-27 15:15:42 | WARNING | a_stock | 301667 -> no_kline_data source=failed
