2026-04-24 20:28:50 | INFO | a_stock | 日志初始化完成：run_id=20260424_202850, log_dir=logs, reject_file=logs/rejects_20260424_202850.csv, raw_bad_rows_file=logs/raw_bad_rows_20260424_202850.jsonl
2026-04-24 20:28:50 | INFO | a_stock | 本轮 run_id=20260424_202850
2026-04-24 20:28:50 | INFO | a_stock | 日志初始化完成：run_id=20260424_202850, log_dir=logs, reject_file=logs/rejects_20260424_202850.csv, raw_bad_rows_file=logs/raw_bad_rows_20260424_202850.jsonl
2026-04-24 20:28:50 | INFO | a_stock | 本轮 run_id=20260424_202850
2026-04-24 20:28:52 | DEBUG | a_stock | 历史K远程成功 code=sh000001 source=sina_history rows=180
2026-04-24 20:28:54 | DEBUG | a_stock | 历史K远程成功 code=sz399006 source=sina_history rows=180
2026-04-24 20:28:54 | INFO | a_stock | 使用股票池缓存：95 只
2026-04-24 20:29:02 | DEBUG | a_stock | 刷新行业板块成分失败 | ('Connection aborted.', RemoteDisconnected('Remote end closed connection without response'))
Traceback (most recent call last):
  File "/Users/liujunying/.pyenv/versions/3.11.1/lib/python3.11/site-packages/urllib3/connectionpool.py", line 790, in urlopen
    response = self._make_request(
               ^^^^^^^^^^^^^^^^^^^
  File "/Users/liujunying/.pyenv/versions/3.11.1/lib/python3.11/site-packages/urllib3/connectionpool.py", line 536, in _make_request
    response = conn.getresponse()
               ^^^^^^^^^^^^^^^^^^
  File "/Users/liujunying/.pyenv/versions/3.11.1/lib/python3.11/site-packages/urllib3/connection.py", line 461, in getresponse
    httplib_response = super().getresponse()
                       ^^^^^^^^^^^^^^^^^^^^^
  File "/Users/liujunying/.pyenv/versions/3.11.1/lib/python3.11/http/client.py", line 1374, in getresponse
    response.begin()
  File "/Users/liujunying/.pyenv/versions/3.11.1/lib/python3.11/http/client.py", line 318, in begin
    version, status, reason = self._read_status()
                              ^^^^^^^^^^^^^^^^^^^
  File "/Users/liujunying/.pyenv/versions/3.11.1/lib/python3.11/http/client.py", line 287, in _read_status
    raise RemoteDisconnected("Remote end closed connection without"
http.client.RemoteDisconnected: Remote end closed connection without response

During handling of the above exception, another exception occurred:

Traceback (most recent call last):
  File "/Users/liujunying/.pyenv/versions/3.11.1/lib/python3.11/site-packages/requests/adapters.py", line 486, in send
    resp = conn.urlopen(
           ^^^^^^^^^^^^^
  File "/Users/liujunying/.pyenv/versions/3.11.1/lib/python3.11/site-packages/urllib3/connectionpool.py", line 844, in urlopen
    retries = retries.increment(
              ^^^^^^^^^^^^^^^^^^
  File "/Users/liujunying/.pyenv/versions/3.11.1/lib/python3.11/site-packages/urllib3/util/retry.py", line 470, in increment
    raise reraise(type(error), error, _stacktrace)
          ^^^^^^^^^^^^^^^^^^^^^^^^^^^^^^^^^^^^^^^^
  File "/Users/liujunying/.pyenv/versions/3.11.1/lib/python3.11/site-packages/urllib3/util/util.py", line 38, in reraise
    raise value.with_traceback(tb)
  File "/Users/liujunying/.pyenv/versions/3.11.1/lib/python3.11/site-packages/urllib3/connectionpool.py", line 790, in urlopen
    response = self._make_request(
               ^^^^^^^^^^^^^^^^^^^
  File "/Users/liujunying/.pyenv/versions/3.11.1/lib/python3.11/site-packages/urllib3/connectionpool.py", line 536, in _make_request
    response = conn.getresponse()
               ^^^^^^^^^^^^^^^^^^
  File "/Users/liujunying/.pyenv/versions/3.11.1/lib/python3.11/site-packages/urllib3/connection.py", line 461, in getresponse
    httplib_response = super().getresponse()
                       ^^^^^^^^^^^^^^^^^^^^^
  File "/Users/liujunying/.pyenv/versions/3.11.1/lib/python3.11/http/client.py", line 1374, in getresponse
    response.begin()
  File "/Users/liujunying/.pyenv/versions/3.11.1/lib/python3.11/http/client.py", line 318, in begin
    version, status, reason = self._read_status()
                              ^^^^^^^^^^^^^^^^^^^
  File "/Users/liujunying/.pyenv/versions/3.11.1/lib/python3.11/http/client.py", line 287, in _read_status
    raise RemoteDisconnected("Remote end closed connection without"
urllib3.exceptions.ProtocolError: ('Connection aborted.', RemoteDisconnected('Remote end closed connection without response'))

During handling of the above exception, another exception occurred:

Traceback (most recent call last):
  File "/Users/liujunying/Downloads/project/my-first/core/sector.py", line 91, in load_sector_members
    board_df = ak.stock_board_industry_name_em()
               ^^^^^^^^^^^^^^^^^^^^^^^^^^^^^^^^^
  File "/Users/liujunying/.pyenv/versions/3.11.1/lib/python3.11/site-packages/akshare/stock/stock_board_industry_em.py", line 137, in stock_board_industry_name_em
    temp_df = fetch_paginated_data(url, params)
              ^^^^^^^^^^^^^^^^^^^^^^^^^^^^^^^^^
  File "/Users/liujunying/.pyenv/versions/3.11.1/lib/python3.11/site-packages/akshare/utils/func.py", line 50, in fetch_paginated_data
    r = request_with_retry(url, params=params, timeout=timeout)
        ^^^^^^^^^^^^^^^^^^^^^^^^^^^^^^^^^^^^^^^^^^^^^^^^^^^^^^^
  File "/Users/liujunying/.pyenv/versions/3.11.1/lib/python3.11/site-packages/akshare/utils/request.py", line 64, in request_with_retry
    raise last_exception
  File "/Users/liujunying/.pyenv/versions/3.11.1/lib/python3.11/site-packages/akshare/utils/request.py", line 52, in request_with_retry
    response = session.get(url, params=params, timeout=timeout)
               ^^^^^^^^^^^^^^^^^^^^^^^^^^^^^^^^^^^^^^^^^^^^^^^^
  File "/Users/liujunying/.pyenv/versions/3.11.1/lib/python3.11/site-packages/requests/sessions.py", line 602, in get
    return self.request("GET", url, **kwargs)
           ^^^^^^^^^^^^^^^^^^^^^^^^^^^^^^^^^^
  File "/Users/liujunying/.pyenv/versions/3.11.1/lib/python3.11/site-packages/requests/sessions.py", line 589, in request
    resp = self.send(prep, **send_kwargs)
           ^^^^^^^^^^^^^^^^^^^^^^^^^^^^^^
  File "/Users/liujunying/.pyenv/versions/3.11.1/lib/python3.11/site-packages/requests/sessions.py", line 703, in send
    r = adapter.send(request, **kwargs)
        ^^^^^^^^^^^^^^^^^^^^^^^^^^^^^^^
  File "/Users/liujunying/.pyenv/versions/3.11.1/lib/python3.11/site-packages/requests/adapters.py", line 501, in send
    raise ConnectionError(err, request=request)
requests.exceptions.ConnectionError: ('Connection aborted.', RemoteDisconnected('Remote end closed connection without response'))
2026-04-24 20:29:02 | WARNING | a_stock | 行业成分为空，无法计算板块强度
