2026-04-27 14:52:23 | INFO | a_stock | 日志初始化完成：run_id=20260427_145223, log_dir=logs, reject_file=logs/rejects_20260427_145223.csv, raw_bad_rows_file=logs/raw_bad_rows_20260427_145223.jsonl
2026-04-27 14:52:23 | INFO | a_stock | run_scan 启动
2026-04-27 14:52:23 | INFO | a_stock | 历史K优化候选池：30 只（实时有效 + 按成交额排序 + 未缓存）
2026-04-27 14:52:23 | INFO | a_stock | 开始优化历史K缓存：候选=30 daily_limit=30
2026-04-27 14:52:36 | DEBUG | a_stock | 历史K源无效 code=688808 source=sina_history rows=1
2026-04-27 14:52:37 | DEBUG | a_stock | 历史K源无效 code=688808 source=efinance rows=2
2026-04-27 14:52:37 | DEBUG | a_stock | 历史K源无效 code=688808 source=tencent rows=1
2026-04-27 14:52:37 | INFO | a_stock | [reject] 688808 no_kline_data 历史K为空或不足250根 source=failed
2026-04-27 14:52:53 | INFO | a_stock | 历史K缓存进度：30/30 成功=29 失败=1 cache=0 tencent=0 sina=29 efinance=0
2026-04-27 14:52:53 | INFO | a_stock | 
历史K构建报告：
  总处理：30
  成功：29
  失败：1
  缓存命中：0
  腾讯成功：0
  新浪历史成功：29
  efinance成功：0
  混合/合并：0
  未知来源：0
2026-04-27 14:52:53 | WARNING | a_stock | 失败样本前20：
2026-04-27 14:52:53 | WARNING | a_stock | 688808 -> no_kline_data source=failed
