2026-04-27 10:26:12 | INFO | a_stock | 日志初始化完成：run_id=20260427_102612, log_dir=logs, reject_file=logs/rejects_20260427_102612.csv, raw_bad_rows_file=logs/raw_bad_rows_20260427_102612.jsonl
2026-04-27 10:26:12 | INFO | a_stock | 本轮 run_id=20260427_102612
2026-04-27 10:26:12 | INFO | a_stock | 
数据覆盖率报告：
  stock_basic：5323
  有效基础股票：5317
  stock_daily 覆盖股票：411 (7.72%)
  realtime_quote 覆盖股票：5317 (99.89%)
2026-04-27 10:26:12 | WARNING | a_stock | ⚠️ 当前日线缓存覆盖率较低，扫描结果只代表已缓存股票，不代表全市场。
2026-04-27 10:26:12 | INFO | a_stock | 日志初始化完成：run_id=20260427_102612, log_dir=logs, reject_file=logs/rejects_20260427_102612.csv, raw_bad_rows_file=logs/raw_bad_rows_20260427_102612.jsonl
2026-04-27 10:26:12 | INFO | a_stock | 本轮 run_id=20260427_102612
2026-04-27 10:26:13 | DEBUG | a_stock | 历史K远程成功 code=000001 source=tencent rows=1
2026-04-27 10:26:14 | DEBUG | a_stock | 历史K远程成功 code=000002 source=tencent rows=1
2026-04-27 10:26:15 | DEBUG | a_stock | 历史K远程成功 code=000006 source=tencent rows=1
2026-04-27 10:26:16 | DEBUG | a_stock | 历史K远程成功 code=000007 source=tencent rows=1
2026-04-27 10:26:17 | DEBUG | a_stock | 历史K远程成功 code=000008 source=tencent rows=1
2026-04-27 10:26:18 | DEBUG | a_stock | 历史K远程成功 code=000009 source=tencent rows=1
2026-04-27 10:26:19 | DEBUG | a_stock | 历史K远程成功 code=000010 source=tencent rows=1
2026-04-27 10:26:20 | DEBUG | a_stock | 历史K远程成功 code=000011 source=tencent rows=1
2026-04-27 10:26:21 | DEBUG | a_stock | 历史K远程成功 code=000012 source=tencent rows=1
2026-04-27 10:26:22 | DEBUG | a_stock | 历史K远程成功 code=000014 source=tencent rows=1
2026-04-27 10:26:23 | DEBUG | a_stock | 历史K远程成功 code=000016 source=tencent rows=1
2026-04-27 10:26:24 | DEBUG | a_stock | 历史K远程成功 code=000017 source=tencent rows=1
2026-04-27 10:26:25 | DEBUG | a_stock | 历史K远程成功 code=000019 source=tencent rows=1
2026-04-27 10:26:26 | DEBUG | a_stock | 历史K远程成功 code=000020 source=tencent rows=1
2026-04-27 10:26:27 | DEBUG | a_stock | 历史K远程成功 code=000021 source=tencent rows=1
2026-04-27 10:26:28 | DEBUG | a_stock | 历史K远程成功 code=000025 source=tencent rows=1
2026-04-27 10:26:29 | DEBUG | a_stock | 历史K远程成功 code=000026 source=tencent rows=1
2026-04-27 10:26:30 | DEBUG | a_stock | 历史K远程成功 code=000027 source=tencent rows=1
2026-04-27 10:26:31 | DEBUG | a_stock | 历史K远程成功 code=000028 source=tencent rows=1
2026-04-27 10:26:32 | DEBUG | a_stock | 历史K远程成功 code=000029 source=tencent rows=1
2026-04-27 10:26:32 | ERROR | a_stock | 历史K连续失败 20 次，熔断停止。
2026-04-27 10:26:33 | DEBUG | a_stock | 历史K远程成功 code=000030 source=tencent rows=1
2026-04-27 10:26:34 | DEBUG | a_stock | 历史K远程成功 code=000031 source=tencent rows=1
2026-04-27 10:26:35 | DEBUG | a_stock | 历史K远程成功 code=000032 source=tencent rows=1
2026-04-27 10:26:36 | DEBUG | a_stock | 历史K远程成功 code=000034 source=tencent rows=1
2026-04-27 10:26:37 | DEBUG | a_stock | 历史K远程成功 code=000035 source=tencent rows=1
2026-04-27 10:26:38 | DEBUG | a_stock | 历史K远程成功 code=000036 source=tencent rows=1
2026-04-27 10:26:39 | DEBUG | a_stock | 历史K远程成功 code=000037 source=tencent rows=1
2026-04-27 10:26:40 | DEBUG | a_stock | 历史K远程成功 code=000039 source=tencent rows=1
2026-04-27 10:26:41 | DEBUG | a_stock | 历史K远程成功 code=000042 source=tencent rows=1
2026-04-27 10:26:42 | DEBUG | a_stock | 历史K远程成功 code=000045 source=tencent rows=1
2026-04-27 10:26:43 | DEBUG | a_stock | 历史K远程成功 code=000048 source=tencent rows=1
2026-04-27 10:26:44 | DEBUG | a_stock | 历史K远程成功 code=000049 source=tencent rows=1
2026-04-27 10:26:45 | DEBUG | a_stock | 历史K远程成功 code=000050 source=tencent rows=1
2026-04-27 10:26:47 | DEBUG | a_stock | 历史K远程成功 code=000055 source=tencent rows=1
2026-04-27 10:26:47 | DEBUG | a_stock | 历史K远程成功 code=000058 source=tencent rows=1
2026-04-27 10:26:48 | DEBUG | a_stock | 历史K远程成功 code=000059 source=tencent rows=1
2026-04-27 10:26:49 | DEBUG | a_stock | 历史K远程成功 code=000060 source=tencent rows=1
2026-04-27 10:26:50 | DEBUG | a_stock | 历史K远程成功 code=000061 source=tencent rows=1
2026-04-27 10:26:51 | DEBUG | a_stock | 历史K远程成功 code=000062 source=tencent rows=1
2026-04-27 10:26:52 | DEBUG | a_stock | 历史K远程成功 code=000063 source=tencent rows=1
2026-04-27 10:26:53 | DEBUG | a_stock | 历史K远程成功 code=000065 source=tencent rows=1
2026-04-27 10:26:54 | DEBUG | a_stock | 历史K远程成功 code=000066 source=tencent rows=1
2026-04-27 10:26:55 | DEBUG | a_stock | 历史K远程成功 code=000068 source=tencent rows=1
2026-04-27 10:26:56 | DEBUG | a_stock | 历史K远程成功 code=000069 source=tencent rows=1
2026-04-27 10:26:57 | DEBUG | a_stock | 历史K远程成功 code=000070 source=tencent rows=1
2026-04-27 10:26:58 | DEBUG | a_stock | 历史K远程成功 code=000078 source=tencent rows=1
2026-04-27 10:26:59 | DEBUG | a_stock | 历史K远程成功 code=000088 source=tencent rows=1
2026-04-27 10:27:00 | DEBUG | a_stock | 历史K远程成功 code=000089 source=tencent rows=1
2026-04-27 10:27:01 | DEBUG | a_stock | 历史K远程成功 code=000090 source=tencent rows=1
2026-04-27 10:27:02 | DEBUG | a_stock | 历史K远程成功 code=000096 source=tencent rows=1
2026-04-27 10:27:02 | INFO | a_stock | 
历史K构建报告：
  总处理：20
  成功：0
  失败：20
  缓存命中：0
  腾讯成功：0
  新浪历史成功：0
  efinance成功：0
  混合/合并：0
  未知来源：0
2026-04-27 10:27:02 | INFO | a_stock | 
本轮过滤/跳过原因统计：
  no_kline_data                  50
