2026-04-24 18:50:31 | INFO | a_stock | 日志初始化完成：log_dir=logs, reject_file=logs/rejects_20260424.csv, raw_bad_rows_file=logs/raw_bad_rows_20260424.jsonl
2026-04-24 18:50:32 | INFO | a_stock | 新浪实时进度：2/2，本批有效=2
2026-04-24 18:50:32 | INFO | a_stock | 使用 stock_basic 缓存：5323 只，缓存未过期
2026-04-24 18:50:33 | DEBUG | a_stock | 数据源失败 | code=000001 | source=efinance | reason=request_or_parse_failed | detail=HTTPSConnectionPool(host='push2his.eastmoney.com', port=443): Max retries exceeded with url: /api/qt/stock/kline/get?fields1=f1%2Cf2%2Cf3%2Cf4%2Cf5%2Cf6%2Cf7%2Cf8%2Cf9%2Cf10%2Cf11%2Cf12%2Cf13&fields2=f51%2Cf52%2Cf53%2Cf54%2Cf55%2Cf56%2Cf57%2Cf58%2Cf59%2Cf60%2Cf61&beg=19900101&end=20500101&rtntype=6&secid=0.000001&klt=101&fqt=1 (Caused by ProtocolError('Connection aborted.', RemoteDisconnected('Remote end closed connection without response')))
2026-04-24 18:50:33 | INFO | a_stock | 数据源预检：{'sina_index': True, 'sina_stock': True, 'stock_basic': True, 'tencent_history': True, 'sina_history': True, 'efinance_history': False, 'history_any': True, 'duckdb': True}
2026-04-24 18:50:34 | INFO | a_stock | 日志初始化完成：log_dir=logs, reject_file=logs/rejects_20260424.csv, raw_bad_rows_file=logs/raw_bad_rows_20260424.jsonl
2026-04-24 18:50:36 | DEBUG | a_stock | 历史K远程成功 code=000001 source=sina_history rows=520
2026-04-24 18:50:38 | DEBUG | a_stock | 历史K远程成功 code=000002 source=sina_history rows=520
2026-04-24 18:50:40 | DEBUG | a_stock | 历史K远程成功 code=000006 source=sina_history rows=520
2026-04-24 18:50:42 | DEBUG | a_stock | 历史K远程成功 code=000007 source=sina_history rows=520
2026-04-24 18:50:44 | DEBUG | a_stock | 历史K远程成功 code=000008 source=sina_history rows=520
2026-04-24 18:50:46 | DEBUG | a_stock | 历史K远程成功 code=000009 source=sina_history rows=520
2026-04-24 18:50:48 | DEBUG | a_stock | 历史K远程成功 code=000010 source=sina_history rows=520
2026-04-24 18:50:50 | DEBUG | a_stock | 历史K远程成功 code=000011 source=sina_history rows=520
2026-04-24 18:50:53 | DEBUG | a_stock | 历史K远程成功 code=000012 source=sina_history rows=520
2026-04-24 18:50:54 | DEBUG | a_stock | 历史K远程成功 code=000014 source=sina_history rows=520
2026-04-24 18:50:56 | DEBUG | a_stock | 历史K远程成功 code=000016 source=sina_history rows=520
2026-04-24 18:50:58 | DEBUG | a_stock | 历史K远程成功 code=000017 source=sina_history rows=520
2026-04-24 18:51:00 | DEBUG | a_stock | 历史K远程成功 code=000019 source=sina_history rows=520
2026-04-24 18:51:02 | DEBUG | a_stock | 历史K远程成功 code=000020 source=sina_history rows=520
2026-04-24 18:51:04 | DEBUG | a_stock | 历史K远程成功 code=000021 source=sina_history rows=520
2026-04-24 18:51:06 | DEBUG | a_stock | 历史K远程成功 code=000025 source=sina_history rows=520
2026-04-24 18:51:08 | DEBUG | a_stock | 历史K远程成功 code=000026 source=sina_history rows=520
2026-04-24 18:51:10 | DEBUG | a_stock | 历史K远程成功 code=000027 source=sina_history rows=520
2026-04-24 18:51:12 | DEBUG | a_stock | 历史K远程成功 code=000028 source=sina_history rows=520
2026-04-24 18:51:14 | DEBUG | a_stock | 历史K远程成功 code=000029 source=sina_history rows=520
2026-04-24 18:51:16 | DEBUG | a_stock | 历史K远程成功 code=000030 source=sina_history rows=520
2026-04-24 18:51:18 | DEBUG | a_stock | 历史K远程成功 code=000031 source=sina_history rows=520
2026-04-24 18:51:20 | DEBUG | a_stock | 历史K远程成功 code=000032 source=sina_history rows=520
2026-04-24 18:51:22 | DEBUG | a_stock | 历史K远程成功 code=000034 source=sina_history rows=520
2026-04-24 18:51:24 | DEBUG | a_stock | 历史K远程成功 code=000035 source=sina_history rows=520
2026-04-24 18:51:26 | DEBUG | a_stock | 历史K远程成功 code=000036 source=sina_history rows=520
2026-04-24 18:51:28 | DEBUG | a_stock | 历史K远程成功 code=000037 source=sina_history rows=520
2026-04-24 18:51:30 | DEBUG | a_stock | 历史K远程成功 code=000039 source=sina_history rows=520
2026-04-24 18:51:32 | DEBUG | a_stock | 历史K远程成功 code=000042 source=sina_history rows=520
2026-04-24 18:51:34 | DEBUG | a_stock | 历史K远程成功 code=000045 source=sina_history rows=520
2026-04-24 18:51:36 | DEBUG | a_stock | 历史K远程成功 code=000048 source=sina_history rows=520
2026-04-24 18:51:38 | DEBUG | a_stock | 历史K远程成功 code=000049 source=sina_history rows=520
2026-04-24 18:51:40 | DEBUG | a_stock | 历史K远程成功 code=000050 source=sina_history rows=520
2026-04-24 18:51:42 | DEBUG | a_stock | 历史K远程成功 code=000055 source=sina_history rows=520
2026-04-24 18:51:44 | DEBUG | a_stock | 历史K远程成功 code=000058 source=sina_history rows=520
2026-04-24 18:51:46 | DEBUG | a_stock | 历史K远程成功 code=000059 source=sina_history rows=520
2026-04-24 18:51:48 | DEBUG | a_stock | 历史K远程成功 code=000060 source=sina_history rows=520
2026-04-24 18:51:50 | DEBUG | a_stock | 历史K远程成功 code=000061 source=sina_history rows=520
2026-04-24 18:51:52 | DEBUG | a_stock | 历史K远程成功 code=000062 source=sina_history rows=520
2026-04-24 18:51:54 | DEBUG | a_stock | 历史K远程成功 code=000063 source=sina_history rows=520
2026-04-24 18:51:56 | DEBUG | a_stock | 历史K远程成功 code=000065 source=sina_history rows=520
2026-04-24 18:51:58 | DEBUG | a_stock | 历史K远程成功 code=000066 source=sina_history rows=520
2026-04-24 18:52:00 | DEBUG | a_stock | 历史K远程成功 code=000068 source=sina_history rows=520
2026-04-24 18:52:02 | DEBUG | a_stock | 历史K远程成功 code=000069 source=sina_history rows=520
2026-04-24 18:52:04 | DEBUG | a_stock | 历史K远程成功 code=000070 source=sina_history rows=520
2026-04-24 18:52:06 | DEBUG | a_stock | 历史K远程成功 code=000078 source=sina_history rows=520
2026-04-24 18:52:08 | DEBUG | a_stock | 历史K远程成功 code=000088 source=sina_history rows=520
2026-04-24 18:52:10 | DEBUG | a_stock | 历史K远程成功 code=000089 source=sina_history rows=520
2026-04-24 18:52:12 | DEBUG | a_stock | 历史K远程成功 code=000090 source=sina_history rows=520
2026-04-24 18:52:15 | DEBUG | a_stock | 历史K远程成功 code=000096 source=sina_history rows=520
2026-04-24 18:52:16 | DEBUG | a_stock | 历史K远程成功 code=000099 source=sina_history rows=520
2026-04-24 18:52:18 | DEBUG | a_stock | 历史K远程成功 code=000100 source=sina_history rows=520
2026-04-24 18:52:20 | DEBUG | a_stock | 历史K远程成功 code=000151 source=sina_history rows=520
2026-04-24 18:52:22 | DEBUG | a_stock | 历史K远程成功 code=000153 source=sina_history rows=520
2026-04-24 18:52:24 | DEBUG | a_stock | 历史K远程成功 code=000155 source=sina_history rows=520
2026-04-24 18:52:27 | DEBUG | a_stock | 历史K远程成功 code=000156 source=sina_history rows=520
2026-04-24 18:52:29 | DEBUG | a_stock | 历史K远程成功 code=000157 source=sina_history rows=520
2026-04-24 18:52:31 | DEBUG | a_stock | 历史K远程成功 code=000158 source=sina_history rows=520
2026-04-24 18:52:33 | DEBUG | a_stock | 历史K远程成功 code=000159 source=sina_history rows=520
2026-04-24 18:52:35 | DEBUG | a_stock | 历史K远程成功 code=000166 source=sina_history rows=520
2026-04-24 18:52:37 | DEBUG | a_stock | 历史K远程成功 code=000301 source=sina_history rows=520
2026-04-24 18:52:39 | DEBUG | a_stock | 历史K远程成功 code=000333 source=sina_history rows=520
2026-04-24 18:52:41 | DEBUG | a_stock | 历史K远程成功 code=000338 source=sina_history rows=520
2026-04-24 18:52:43 | DEBUG | a_stock | 历史K远程成功 code=000400 source=sina_history rows=520
2026-04-24 18:52:45 | DEBUG | a_stock | 历史K远程成功 code=000401 source=sina_history rows=520
2026-04-24 18:52:47 | DEBUG | a_stock | 历史K远程成功 code=000402 source=sina_history rows=520
2026-04-24 18:52:49 | DEBUG | a_stock | 历史K远程成功 code=000403 source=sina_history rows=520
2026-04-24 18:52:51 | DEBUG | a_stock | 历史K远程成功 code=000404 source=sina_history rows=520
2026-04-24 18:52:53 | DEBUG | a_stock | 历史K远程成功 code=000407 source=sina_history rows=520
2026-04-24 18:52:55 | DEBUG | a_stock | 历史K远程成功 code=000408 source=sina_history rows=520
2026-04-24 18:52:57 | DEBUG | a_stock | 历史K远程成功 code=000409 source=sina_history rows=520
2026-04-24 18:52:59 | DEBUG | a_stock | 历史K远程成功 code=000410 source=sina_history rows=520
2026-04-24 18:53:01 | DEBUG | a_stock | 历史K远程成功 code=000411 source=sina_history rows=520
2026-04-24 18:53:03 | DEBUG | a_stock | 历史K远程成功 code=000415 source=sina_history rows=520
2026-04-24 18:53:05 | DEBUG | a_stock | 历史K远程成功 code=000417 source=sina_history rows=520
2026-04-24 18:53:07 | DEBUG | a_stock | 历史K远程成功 code=000419 source=sina_history rows=520
2026-04-24 18:53:09 | DEBUG | a_stock | 历史K远程成功 code=000420 source=sina_history rows=520
2026-04-24 18:53:11 | DEBUG | a_stock | 历史K远程成功 code=000421 source=sina_history rows=520
2026-04-24 18:53:13 | DEBUG | a_stock | 历史K远程成功 code=000422 source=sina_history rows=520
2026-04-24 18:53:15 | DEBUG | a_stock | 历史K远程成功 code=000423 source=sina_history rows=520
2026-04-24 18:53:17 | DEBUG | a_stock | 历史K远程成功 code=000425 source=sina_history rows=520
2026-04-24 18:53:19 | DEBUG | a_stock | 历史K远程成功 code=000426 source=sina_history rows=520
2026-04-24 18:53:21 | DEBUG | a_stock | 历史K远程成功 code=000428 source=sina_history rows=520
2026-04-24 18:53:23 | DEBUG | a_stock | 历史K远程成功 code=000429 source=sina_history rows=520
2026-04-24 18:53:25 | DEBUG | a_stock | 历史K远程成功 code=000498 source=sina_history rows=520
2026-04-24 18:53:27 | DEBUG | a_stock | 历史K远程成功 code=000501 source=sina_history rows=520
2026-04-24 18:53:29 | DEBUG | a_stock | 历史K远程成功 code=000503 source=sina_history rows=520
2026-04-24 18:53:31 | DEBUG | a_stock | 历史K远程成功 code=000505 source=sina_history rows=520
2026-04-24 18:53:33 | DEBUG | a_stock | 历史K远程成功 code=000506 source=sina_history rows=520
2026-04-24 18:53:35 | DEBUG | a_stock | 历史K远程成功 code=000507 source=sina_history rows=520
2026-04-24 18:53:37 | DEBUG | a_stock | 历史K远程成功 code=000509 source=sina_history rows=520
2026-04-24 18:53:39 | DEBUG | a_stock | 历史K远程成功 code=000510 source=sina_history rows=520
2026-04-24 18:53:41 | DEBUG | a_stock | 历史K远程成功 code=000513 source=sina_history rows=520
2026-04-24 18:53:43 | DEBUG | a_stock | 历史K远程成功 code=000514 source=sina_history rows=520
2026-04-24 18:53:45 | DEBUG | a_stock | 历史K远程成功 code=000516 source=sina_history rows=520
2026-04-24 18:53:47 | DEBUG | a_stock | 历史K远程成功 code=000517 source=sina_history rows=520
2026-04-24 18:53:49 | DEBUG | a_stock | 历史K远程成功 code=000519 source=sina_history rows=520
2026-04-24 18:53:51 | DEBUG | a_stock | 历史K远程成功 code=000520 source=sina_history rows=520
2026-04-24 18:53:53 | DEBUG | a_stock | 历史K远程成功 code=000521 source=sina_history rows=520
2026-04-24 18:53:55 | DEBUG | a_stock | 历史K远程成功 code=000523 source=sina_history rows=520
2026-04-24 18:53:55 | INFO | a_stock | 历史K缓存进度：100/100 成功=100 失败=0 cache=0 tencent=0 sina=100 efinance=0
2026-04-24 18:53:55 | INFO | a_stock | 
历史K构建报告：
  总处理：100
  成功：100
  失败：0
  缓存命中：0
  腾讯成功：0
  新浪历史成功：100
  efinance成功：0
  混合/合并：0
  未知来源：0
2026-04-24 18:53:55 | INFO | a_stock | 
过滤/跳过原因统计：
  request_or_parse_failed        746
  no_remote_and_no_cache         397
  no_kline_data                  397
  listing_days_not_enough        84
  exception                      37
  low_price                      31
