[2026-04-28 14:05:00] heartbeat pid=5044 lock_pid=5044 project=/Users/liujunying/Downloads/project/my-first
[2026-04-28 15:05:00] heartbeat pid=5044 lock_pid=5044 project=/Users/liujunying/Downloads/project/my-first
[2026-04-28 17:05:00] heartbeat pid=5044 lock_pid=5044 project=/Users/liujunying/Downloads/project/my-first
[2026-04-28 20:05:00] heartbeat pid=5044 lock_pid=5044 project=/Users/liujunying/Downloads/project/my-first
[2026-04-28 22:05:00] heartbeat pid=26390 lock_pid=26390 project=/Users/liujunying/Downloads/project/my-first
[2026-04-29 09:05:00] heartbeat pid=26390 lock_pid=26390 project=/Users/liujunying/Downloads/project/my-first
[2026-04-29 10:05:00] heartbeat pid=26390 lock_pid=26390 project=/Users/liujunying/Downloads/project/my-first
[2026-04-29 11:05:00] heartbeat pid=26390 lock_pid=26390 project=/Users/liujunying/Downloads/project/my-first
[2026-04-29 12:05:00] heartbeat pid=44128 lock_pid=44128 project=/Users/liujunying/Downloads/project/my-first
[2026-04-29 22:05:00] heartbeat pid=60162 lock_pid=60162 project=/Users/liujunying/Downloads/project/my-first
[2026-04-30 09:05:00] heartbeat pid=60162 lock_pid=60162 project=/Users/liujunying/Downloads/project/my-first
[2026-04-30 10:05:00] heartbeat pid=60162 lock_pid=60162 project=/Users/liujunying/Downloads/project/my-first
[2026-04-30 10:18:11] job_heartbeat stage=before job=watchlist_refresh_1030 pid=72060 lock_pid=71977
[2026-04-30 10:30:00] job_heartbeat stage=before job=watchlist_refresh_1030 pid=71977 lock_pid=71977
[2026-04-30 10:42:11] job_heartbeat stage=before job=daily_report pid=73118 lock_pid=73035
[2026-04-30 10:48:23] job_heartbeat stage=before job=watchlist_refresh_1030 pid=73436 lock_pid=None
[2026-04-30 11:05:00] heartbeat pid=73399 lock_pid=73399 project=/Users/liujunying/Downloads/project/my-first
[2026-04-30 11:08:18] job_heartbeat stage=before job=watchlist_refresh_1030 pid=74137 lock_pid=74073
[2026-04-30 11:18:16] job_heartbeat stage=before job=watchlist_refresh_1030 pid=74529 lock_pid=74473
[2026-04-30 11:20:00] job_heartbeat stage=before job=watchlist_refresh_1120 pid=74473 lock_pid=74473
[2026-04-30 11:30:00] job_heartbeat stage=before job=track_positions_midday pid=74473 lock_pid=74473
[2026-04-30 12:05:00] heartbeat pid=74473 lock_pid=74473 project=/Users/liujunying/Downloads/project/my-first
[2026-04-30 13:05:00] heartbeat pid=74473 lock_pid=74473 project=/Users/liujunying/Downloads/project/my-first
[2026-04-30 13:20:00] job_heartbeat stage=before job=observe_afternoon pid=74473 lock_pid=74473
[2026-04-30 14:05:00] heartbeat pid=74473 lock_pid=74473 project=/Users/liujunying/Downloads/project/my-first
[2026-04-30 14:20:00] job_heartbeat stage=before job=watchlist_refresh_1420 pid=74473 lock_pid=74473
[2026-04-30 14:50:00] job_heartbeat stage=before job=tail_confirm pid=74473 lock_pid=74473
[2026-04-30 14:55:00] job_heartbeat stage=before job=track_positions_tail pid=74473 lock_pid=74473
