================================================================================
A股二买系统自动调度器已启动
项目目录：/Users/liujunying/Downloads/project/my-first
Python：/Users/liujunying/.pyenv/versions/3.11.1/bin/python
时区：Asia/Shanghai
日志目录：/Users/liujunying/Downloads/project/my-first/logs/scheduler
单例锁：/Users/liujunying/Downloads/project/my-first/data/scheduler_state/scheduler.lock
PID：97531
================================================================================
可用任务：
- preflight
  /Users/liujunying/.pyenv/versions/3.11.1/bin/python run_scan.py --coverage
- observe_morning
  /Users/liujunying/.pyenv/versions/3.11.1/bin/python run_scan.py --mode observe --workers 1
- watchlist_refresh_1030
  /Users/liujunying/.pyenv/versions/3.11.1/bin/python run_scan.py --watchlist-refresh --workers 1
- watchlist_refresh_1120
  /Users/liujunying/.pyenv/versions/3.11.1/bin/python run_scan.py --watchlist-refresh --workers 1
- observe_afternoon
  /Users/liujunying/.pyenv/versions/3.11.1/bin/python run_scan.py --mode observe --workers 1
- watchlist_refresh_1420
  /Users/liujunying/.pyenv/versions/3.11.1/bin/python run_scan.py --watchlist-refresh --workers 1
- tail_confirm
  /Users/liujunying/.pyenv/versions/3.11.1/bin/python run_scan.py --mode tail_confirm --workers 1
- after_close
  /Users/liujunying/.pyenv/versions/3.11.1/bin/python run_scan.py --build-daily-cache --daily-limit 300 --daily-workers 1
  /Users/liujunying/.pyenv/versions/3.11.1/bin/python run_scan.py --build-universe --workers 1
  /Users/liujunying/.pyenv/versions/3.11.1/bin/python run_scan.py --mode after_close --workers 1
- daily_report
  /Users/liujunying/.pyenv/versions/3.11.1/bin/python run_scan.py --daily-report
- night_cache_expand
  /Users/liujunying/.pyenv/versions/3.11.1/bin/python run_scan.py --build-daily-cache --daily-limit 300 --daily-workers 1
- track_positions_midday
  /Users/liujunying/.pyenv/versions/3.11.1/bin/python run_positions.py --track
- track_positions_tail
  /Users/liujunying/.pyenv/versions/3.11.1/bin/python run_positions.py --track
- track_positions_evening
  /Users/liujunying/.pyenv/versions/3.11.1/bin/python run_positions.py --track

默认调度时间：
- 09:15 preflight
- 09:45 observe_morning
- 10:30 watchlist_refresh_1030
- 11:20 watchlist_refresh_1120
- 11:30 track_positions_midday
- 13:20 observe_afternoon
- 14:20 watchlist_refresh_1420
- 14:50 tail_confirm
- 14:55 track_positions_tail
- 17:30 after_close
- 20:00 track_positions_evening
- 20:30 daily_report
- 22:30 night_cache_expand
================================================================================
按 Ctrl+C 停止调度器
================================================================================
[2026-04-28 10:44:24] 启动补跑：当前在交易时间内，且今日 watchlist 不存在，立即执行 observe_morning
[2026-04-28 10:44:24] observe_morning -> /Users/liujunying/.pyenv/versions/3.11.1/bin/python run_scan.py --mode observe --workers 1
[2026-04-28 10:44:24] 任务失败：observe_morning, rc=1
[2026-04-28 11:03:43] 收到退出信号 15，清理 scheduler.lock
调度器退出。
[2026-04-28 11:03:43] 正在停止旧调度器 pid=97531 ...
[2026-04-28 11:03:43] 旧调度器已退出 pid=97531
================================================================================
A股二买系统自动调度器已启动
项目目录：/Users/liujunying/Downloads/project/my-first
Python：/Users/liujunying/.pyenv/versions/3.11.1/bin/python
时区：Asia/Shanghai
日志目录：/Users/liujunying/Downloads/project/my-first/logs/scheduler
单例锁：/Users/liujunying/Downloads/project/my-first/data/scheduler_state/scheduler.lock
PID：99119
================================================================================
可用任务：
- preflight
  /Users/liujunying/.pyenv/versions/3.11.1/bin/python run_scan.py --coverage
- observe_morning
  /Users/liujunying/.pyenv/versions/3.11.1/bin/python run_scan.py --mode observe --workers 1
- watchlist_refresh_1030
  /Users/liujunying/.pyenv/versions/3.11.1/bin/python run_scan.py --watchlist-refresh --workers 1
- watchlist_refresh_1120
  /Users/liujunying/.pyenv/versions/3.11.1/bin/python run_scan.py --watchlist-refresh --workers 1
- observe_afternoon
  /Users/liujunying/.pyenv/versions/3.11.1/bin/python run_scan.py --mode observe --workers 1
- watchlist_refresh_1420
  /Users/liujunying/.pyenv/versions/3.11.1/bin/python run_scan.py --watchlist-refresh --workers 1
- tail_confirm
  /Users/liujunying/.pyenv/versions/3.11.1/bin/python run_scan.py --mode tail_confirm --workers 1
- after_close
  /Users/liujunying/.pyenv/versions/3.11.1/bin/python run_scan.py --build-daily-cache --daily-limit 300 --daily-workers 1
  /Users/liujunying/.pyenv/versions/3.11.1/bin/python run_scan.py --build-universe --workers 1
  /Users/liujunying/.pyenv/versions/3.11.1/bin/python run_scan.py --mode after_close --workers 1
- daily_report
  /Users/liujunying/.pyenv/versions/3.11.1/bin/python run_scan.py --daily-report
- night_cache_expand
  /Users/liujunying/.pyenv/versions/3.11.1/bin/python run_scan.py --build-daily-cache --daily-limit 300 --daily-workers 1
- track_positions_midday
  /Users/liujunying/.pyenv/versions/3.11.1/bin/python run_positions.py --track
- track_positions_tail
  /Users/liujunying/.pyenv/versions/3.11.1/bin/python run_positions.py --track
- track_positions_evening
  /Users/liujunying/.pyenv/versions/3.11.1/bin/python run_positions.py --track

默认调度时间：
- 09:15 preflight
- 09:45 observe_morning
- 10:30 watchlist_refresh_1030
- 11:20 watchlist_refresh_1120
- 11:30 track_positions_midday
- 13:20 observe_afternoon
- 14:20 watchlist_refresh_1420
- 14:50 tail_confirm
- 14:55 track_positions_tail
- 17:30 after_close
- 20:00 track_positions_evening
- 20:30 daily_report
- 22:30 night_cache_expand
================================================================================
按 Ctrl+C 停止调度器
================================================================================
[2026-04-28 11:03:43] 今日 watchlist 已存在，启动时不补跑 observe
[2026-04-28 11:05:05] 收到退出信号 15，清理 scheduler.lock
调度器退出。
[2026-04-28 11:05:05] 正在停止旧调度器 pid=99119 ...
[2026-04-28 11:05:05] 旧调度器已退出 pid=99119
================================================================================
A股二买系统自动调度器已启动
项目目录：/Users/liujunying/Downloads/project/my-first
Python：/Users/liujunying/.pyenv/versions/3.11.1/bin/python
时区：Asia/Shanghai
日志目录：/Users/liujunying/Downloads/project/my-first/logs/scheduler
单例锁：/Users/liujunying/Downloads/project/my-first/data/scheduler_state/scheduler.lock
PID：99254
================================================================================
可用任务：
- preflight
  /Users/liujunying/.pyenv/versions/3.11.1/bin/python run_scan.py --coverage
- observe_morning
  /Users/liujunying/.pyenv/versions/3.11.1/bin/python run_scan.py --mode observe --workers 1
- watchlist_refresh_1030
  /Users/liujunying/.pyenv/versions/3.11.1/bin/python run_scan.py --watchlist-refresh --workers 1
- watchlist_refresh_1120
  /Users/liujunying/.pyenv/versions/3.11.1/bin/python run_scan.py --watchlist-refresh --workers 1
- observe_afternoon
  /Users/liujunying/.pyenv/versions/3.11.1/bin/python run_scan.py --mode observe --workers 1
- watchlist_refresh_1420
  /Users/liujunying/.pyenv/versions/3.11.1/bin/python run_scan.py --watchlist-refresh --workers 1
- tail_confirm
  /Users/liujunying/.pyenv/versions/3.11.1/bin/python run_scan.py --mode tail_confirm --workers 1
- after_close
  /Users/liujunying/.pyenv/versions/3.11.1/bin/python run_scan.py --build-daily-cache --daily-limit 300 --daily-workers 1
  /Users/liujunying/.pyenv/versions/3.11.1/bin/python run_scan.py --build-universe --workers 1
  /Users/liujunying/.pyenv/versions/3.11.1/bin/python run_scan.py --mode after_close --workers 1
- daily_report
  /Users/liujunying/.pyenv/versions/3.11.1/bin/python run_scan.py --daily-report
- night_cache_expand
  /Users/liujunying/.pyenv/versions/3.11.1/bin/python run_scan.py --build-daily-cache --daily-limit 300 --daily-workers 1
- track_positions_midday
  /Users/liujunying/.pyenv/versions/3.11.1/bin/python run_positions.py --track
- track_positions_tail
  /Users/liujunying/.pyenv/versions/3.11.1/bin/python run_positions.py --track
- track_positions_evening
  /Users/liujunying/.pyenv/versions/3.11.1/bin/python run_positions.py --track

默认调度时间：
- 09:15 preflight
- 09:45 observe_morning
- 10:30 watchlist_refresh_1030
- 11:20 watchlist_refresh_1120
- 11:30 track_positions_midday
- 13:20 observe_afternoon
- 14:20 watchlist_refresh_1420
- 14:50 tail_confirm
- 14:55 track_positions_tail
- 17:30 after_close
- 20:00 track_positions_evening
- 20:30 daily_report
- 22:30 night_cache_expand
================================================================================
按 Ctrl+C 停止调度器
================================================================================
[2026-04-28 11:05:06] 今日 watchlist 已存在，启动时不补跑 observe
[2026-04-28 11:06:12] 收到退出信号 15，清理 scheduler.lock
调度器退出。
[2026-04-28 11:06:12] 正在停止旧调度器 pid=99254 ...
[2026-04-28 11:06:13] 旧调度器已退出 pid=99254
================================================================================
A股二买系统自动调度器已启动
项目目录：/Users/liujunying/Downloads/project/my-first
Python：/Users/liujunying/.pyenv/versions/3.11.1/bin/python3
时区：Asia/Shanghai
日志目录：/Users/liujunying/Downloads/project/my-first/logs/scheduler
单例锁：/Users/liujunying/Downloads/project/my-first/data/scheduler_state/scheduler.lock
PID：99456
================================================================================
可用任务：
- preflight
  /Users/liujunying/.pyenv/versions/3.11.1/bin/python3 run_scan.py --coverage
- observe_morning
  /Users/liujunying/.pyenv/versions/3.11.1/bin/python3 run_scan.py --mode observe --workers 1
- watchlist_refresh_1030
  /Users/liujunying/.pyenv/versions/3.11.1/bin/python3 run_scan.py --watchlist-refresh --workers 1
- watchlist_refresh_1120
  /Users/liujunying/.pyenv/versions/3.11.1/bin/python3 run_scan.py --watchlist-refresh --workers 1
- observe_afternoon
  /Users/liujunying/.pyenv/versions/3.11.1/bin/python3 run_scan.py --mode observe --workers 1
- watchlist_refresh_1420
  /Users/liujunying/.pyenv/versions/3.11.1/bin/python3 run_scan.py --watchlist-refresh --workers 1
- tail_confirm
  /Users/liujunying/.pyenv/versions/3.11.1/bin/python3 run_scan.py --mode tail_confirm --workers 1
- after_close
  /Users/liujunying/.pyenv/versions/3.11.1/bin/python3 run_scan.py --build-daily-cache --daily-limit 300 --daily-workers 1
  /Users/liujunying/.pyenv/versions/3.11.1/bin/python3 run_scan.py --build-universe --workers 1
  /Users/liujunying/.pyenv/versions/3.11.1/bin/python3 run_scan.py --mode after_close --workers 1
- daily_report
  /Users/liujunying/.pyenv/versions/3.11.1/bin/python3 run_scan.py --daily-report
- night_cache_expand
  /Users/liujunying/.pyenv/versions/3.11.1/bin/python3 run_scan.py --build-daily-cache --daily-limit 300 --daily-workers 1
- track_positions_midday
  /Users/liujunying/.pyenv/versions/3.11.1/bin/python3 run_positions.py --track
- track_positions_tail
  /Users/liujunying/.pyenv/versions/3.11.1/bin/python3 run_positions.py --track
- track_positions_evening
  /Users/liujunying/.pyenv/versions/3.11.1/bin/python3 run_positions.py --track

默认调度时间：
- 09:15 preflight
- 09:45 observe_morning
- 10:30 watchlist_refresh_1030
- 11:20 watchlist_refresh_1120
- 11:30 track_positions_midday
- 13:20 observe_afternoon
- 14:20 watchlist_refresh_1420
- 14:50 tail_confirm
- 14:55 track_positions_tail
- 17:30 after_close
- 20:00 track_positions_evening
- 20:30 daily_report
- 22:30 night_cache_expand
================================================================================
按 Ctrl+C 停止调度器
================================================================================
[2026-04-28 11:06:13] 今日 watchlist 已存在，启动时不补跑 observe
[2026-04-28 11:07:00] 收到退出信号 15，清理 scheduler.lock
调度器退出。
[2026-04-28 11:07:00] 正在停止旧调度器 pid=99456 ...
[2026-04-28 11:07:01] 旧调度器已退出 pid=99456
================================================================================
A股二买系统自动调度器已启动
项目目录：/Users/liujunying/Downloads/project/my-first
Python：/Users/liujunying/.pyenv/versions/3.11.1/bin/python
时区：Asia/Shanghai
日志目录：/Users/liujunying/Downloads/project/my-first/logs/scheduler
单例锁：/Users/liujunying/Downloads/project/my-first/data/scheduler_state/scheduler.lock
PID：99541
================================================================================
可用任务：
- preflight
  /Users/liujunying/.pyenv/versions/3.11.1/bin/python run_scan.py --coverage
- observe_morning
  /Users/liujunying/.pyenv/versions/3.11.1/bin/python run_scan.py --mode observe --workers 1
- watchlist_refresh_1030
  /Users/liujunying/.pyenv/versions/3.11.1/bin/python run_scan.py --watchlist-refresh --workers 1
- watchlist_refresh_1120
  /Users/liujunying/.pyenv/versions/3.11.1/bin/python run_scan.py --watchlist-refresh --workers 1
- observe_afternoon
  /Users/liujunying/.pyenv/versions/3.11.1/bin/python run_scan.py --mode observe --workers 1
- watchlist_refresh_1420
  /Users/liujunying/.pyenv/versions/3.11.1/bin/python run_scan.py --watchlist-refresh --workers 1
- tail_confirm
  /Users/liujunying/.pyenv/versions/3.11.1/bin/python run_scan.py --mode tail_confirm --workers 1
- after_close
  /Users/liujunying/.pyenv/versions/3.11.1/bin/python run_scan.py --build-daily-cache --daily-limit 300 --daily-workers 1
  /Users/liujunying/.pyenv/versions/3.11.1/bin/python run_scan.py --build-universe --workers 1
  /Users/liujunying/.pyenv/versions/3.11.1/bin/python run_scan.py --mode after_close --workers 1
- daily_report
  /Users/liujunying/.pyenv/versions/3.11.1/bin/python run_scan.py --daily-report
- night_cache_expand
  /Users/liujunying/.pyenv/versions/3.11.1/bin/python run_scan.py --build-daily-cache --daily-limit 300 --daily-workers 1
- track_positions_midday
  /Users/liujunying/.pyenv/versions/3.11.1/bin/python run_positions.py --track
- track_positions_tail
  /Users/liujunying/.pyenv/versions/3.11.1/bin/python run_positions.py --track
- track_positions_evening
  /Users/liujunying/.pyenv/versions/3.11.1/bin/python run_positions.py --track

默认调度时间：
- 09:15 preflight
- 09:45 observe_morning
- 10:30 watchlist_refresh_1030
- 11:20 watchlist_refresh_1120
- 11:30 track_positions_midday
- 13:20 observe_afternoon
- 14:20 watchlist_refresh_1420
- 14:50 tail_confirm
- 14:55 track_positions_tail
- 17:30 after_close
- 20:00 track_positions_evening
- 20:30 daily_report
- 22:30 night_cache_expand
================================================================================
按 Ctrl+C 停止调度器
================================================================================
[2026-04-28 11:07:01] 今日 watchlist 已存在，启动时不补跑 observe
[2026-04-28 11:09:09] 收到退出信号 15，清理 scheduler.lock
调度器退出。
[2026-04-28 11:09:09] 正在停止旧调度器 pid=99541 ...
[2026-04-28 11:09:10] 旧调度器已退出 pid=99541
================================================================================
A股二买系统自动调度器已启动
项目目录：/Users/liujunying/Downloads/project/my-first
Python：/Users/liujunying/.pyenv/versions/3.11.1/bin/python
时区：Asia/Shanghai
日志目录：/Users/liujunying/Downloads/project/my-first/logs/scheduler
单例锁：/Users/liujunying/Downloads/project/my-first/data/scheduler_state/scheduler.lock
PID：99770
================================================================================
可用任务：
- preflight
  /Users/liujunying/.pyenv/versions/3.11.1/bin/python run_scan.py --coverage
- observe_morning
  /Users/liujunying/.pyenv/versions/3.11.1/bin/python run_scan.py --mode observe --workers 1
- watchlist_refresh_1030
  /Users/liujunying/.pyenv/versions/3.11.1/bin/python run_scan.py --watchlist-refresh --workers 1
- watchlist_refresh_1120
  /Users/liujunying/.pyenv/versions/3.11.1/bin/python run_scan.py --watchlist-refresh --workers 1
- observe_afternoon
  /Users/liujunying/.pyenv/versions/3.11.1/bin/python run_scan.py --mode observe --workers 1
- watchlist_refresh_1420
  /Users/liujunying/.pyenv/versions/3.11.1/bin/python run_scan.py --watchlist-refresh --workers 1
- tail_confirm
  /Users/liujunying/.pyenv/versions/3.11.1/bin/python run_scan.py --mode tail_confirm --workers 1
- after_close
  /Users/liujunying/.pyenv/versions/3.11.1/bin/python run_scan.py --build-daily-cache --daily-limit 300 --daily-workers 1
  /Users/liujunying/.pyenv/versions/3.11.1/bin/python run_scan.py --build-universe --workers 1
  /Users/liujunying/.pyenv/versions/3.11.1/bin/python run_scan.py --mode after_close --workers 1
- daily_report
  /Users/liujunying/.pyenv/versions/3.11.1/bin/python run_scan.py --daily-report
- night_cache_expand
  /Users/liujunying/.pyenv/versions/3.11.1/bin/python run_scan.py --build-daily-cache --daily-limit 300 --daily-workers 1
- track_positions_midday
  /Users/liujunying/.pyenv/versions/3.11.1/bin/python run_positions.py --track
- track_positions_tail
  /Users/liujunying/.pyenv/versions/3.11.1/bin/python run_positions.py --track
- track_positions_evening
  /Users/liujunying/.pyenv/versions/3.11.1/bin/python run_positions.py --track

默认调度时间：
- 09:15 preflight
- 09:45 observe_morning
- 10:30 watchlist_refresh_1030
- 11:20 watchlist_refresh_1120
- 11:30 track_positions_midday
- 13:20 observe_afternoon
- 14:20 watchlist_refresh_1420
- 14:50 tail_confirm
- 14:55 track_positions_tail
- 17:30 after_close
- 20:00 track_positions_evening
- 20:30 daily_report
- 22:30 night_cache_expand
================================================================================
按 Ctrl+C 停止调度器
================================================================================
[2026-04-28 11:09:10] 今日 watchlist 已存在，启动时不补跑 observe
[2026-04-28 11:20:00] watchlist_refresh_1120 -> /Users/liujunying/.pyenv/versions/3.11.1/bin/python run_scan.py --watchlist-refresh --workers 1
[2026-04-28 11:20:00] 任务失败：watchlist_refresh_1120, rc=1
[2026-04-28 11:30:00] track_positions_midday -> /Users/liujunying/.pyenv/versions/3.11.1/bin/python run_positions.py --track
[2026-04-28 11:30:00] 任务失败：track_positions_midday, rc=1
[2026-04-28 11:42:18] 收到退出信号 15，清理 scheduler.lock
调度器退出。
================================================================================
A股二买系统自动调度器已启动
项目目录：/Users/liujunying/Downloads/project/my-first
Python：/Users/liujunying/.pyenv/versions/3.11.1/bin/python
时区：Asia/Shanghai
日志目录：/Users/liujunying/Downloads/project/my-first/logs/scheduler
单例锁：/Users/liujunying/Downloads/project/my-first/data/scheduler_state/scheduler.lock
PID：1377
================================================================================
可用任务：
- preflight
  /Users/liujunying/.pyenv/versions/3.11.1/bin/python run_scan.py --coverage
- observe_morning
  /Users/liujunying/.pyenv/versions/3.11.1/bin/python run_scan.py --mode observe --workers 1
- watchlist_refresh_1030
  /Users/liujunying/.pyenv/versions/3.11.1/bin/python run_scan.py --watchlist-refresh --workers 1
- watchlist_refresh_1120
  /Users/liujunying/.pyenv/versions/3.11.1/bin/python run_scan.py --watchlist-refresh --workers 1
- observe_afternoon
  /Users/liujunying/.pyenv/versions/3.11.1/bin/python run_scan.py --mode observe --workers 1
- watchlist_refresh_1420
  /Users/liujunying/.pyenv/versions/3.11.1/bin/python run_scan.py --watchlist-refresh --workers 1
- tail_confirm
  /Users/liujunying/.pyenv/versions/3.11.1/bin/python run_scan.py --mode tail_confirm --workers 1
- after_close
  /Users/liujunying/.pyenv/versions/3.11.1/bin/python run_scan.py --build-daily-cache --daily-limit 300 --daily-workers 1
  /Users/liujunying/.pyenv/versions/3.11.1/bin/python run_scan.py --build-universe --workers 1
  /Users/liujunying/.pyenv/versions/3.11.1/bin/python run_scan.py --mode after_close --workers 1
- daily_report
  /Users/liujunying/.pyenv/versions/3.11.1/bin/python run_scan.py --daily-report
- night_cache_expand
  /Users/liujunying/.pyenv/versions/3.11.1/bin/python run_scan.py --build-daily-cache --daily-limit 300 --daily-workers 1
- track_positions_midday
  /Users/liujunying/.pyenv/versions/3.11.1/bin/python run_positions.py --track
- track_positions_tail
  /Users/liujunying/.pyenv/versions/3.11.1/bin/python run_positions.py --track
- track_positions_evening
  /Users/liujunying/.pyenv/versions/3.11.1/bin/python run_positions.py --track

默认调度时间：
- 09:15 preflight
- 09:45 observe_morning
- 10:30 watchlist_refresh_1030
- 11:20 watchlist_refresh_1120
- 11:30 track_positions_midday
- 13:20 observe_afternoon
- 14:20 watchlist_refresh_1420
- 14:50 tail_confirm
- 14:55 track_positions_tail
- 17:30 after_close
- 20:00 track_positions_evening
- 20:30 daily_report
- 22:30 night_cache_expand
================================================================================
按 Ctrl+C 停止调度器
================================================================================
[2026-04-28 11:42:23] 今日 watchlist 已存在，启动时不补跑 observe
[2026-04-28 11:46:58] 收到退出信号 15，清理 scheduler.lock
调度器退出。
================================================================================
A股二买系统自动调度器已启动
项目目录：/Users/liujunying/Downloads/project/my-first
Python：/Users/liujunying/.pyenv/versions/3.11.1/bin/python
时区：Asia/Shanghai
日志目录：/Users/liujunying/Downloads/project/my-first/logs/scheduler
单例锁：/Users/liujunying/Downloads/project/my-first/data/scheduler_state/scheduler.lock
PID：1763
================================================================================
可用任务：
- preflight
  /Users/liujunying/.pyenv/versions/3.11.1/bin/python run_scan.py --coverage
- observe_morning
  /Users/liujunying/.pyenv/versions/3.11.1/bin/python run_scan.py --mode observe --workers 1
- watchlist_refresh_1030
  /Users/liujunying/.pyenv/versions/3.11.1/bin/python run_scan.py --watchlist-refresh --workers 1
- watchlist_refresh_1120
  /Users/liujunying/.pyenv/versions/3.11.1/bin/python run_scan.py --watchlist-refresh --workers 1
- observe_afternoon
  /Users/liujunying/.pyenv/versions/3.11.1/bin/python run_scan.py --mode observe --workers 1
- watchlist_refresh_1420
  /Users/liujunying/.pyenv/versions/3.11.1/bin/python run_scan.py --watchlist-refresh --workers 1
- tail_confirm
  /Users/liujunying/.pyenv/versions/3.11.1/bin/python run_scan.py --mode tail_confirm --workers 1
- after_close
  /Users/liujunying/.pyenv/versions/3.11.1/bin/python run_scan.py --build-daily-cache --daily-limit 300 --daily-workers 1
  /Users/liujunying/.pyenv/versions/3.11.1/bin/python run_scan.py --build-universe --workers 1
  /Users/liujunying/.pyenv/versions/3.11.1/bin/python run_scan.py --mode after_close --workers 1
- daily_report
  /Users/liujunying/.pyenv/versions/3.11.1/bin/python run_scan.py --daily-report
- night_cache_expand
  /Users/liujunying/.pyenv/versions/3.11.1/bin/python run_scan.py --build-daily-cache --daily-limit 300 --daily-workers 1
- track_positions_midday
  /Users/liujunying/.pyenv/versions/3.11.1/bin/python run_positions.py --track
- track_positions_tail
  /Users/liujunying/.pyenv/versions/3.11.1/bin/python run_positions.py --track
- track_positions_evening
  /Users/liujunying/.pyenv/versions/3.11.1/bin/python run_positions.py --track

默认调度时间：
- 09:15 preflight
- 09:45 observe_morning
- 10:30 watchlist_refresh_1030
- 11:20 watchlist_refresh_1120
- 11:30 track_positions_midday
- 13:20 observe_afternoon
- 14:20 watchlist_refresh_1420
- 14:50 tail_confirm
- 14:55 track_positions_tail
- 17:30 after_close
- 20:00 track_positions_evening
- 20:30 daily_report
- 22:30 night_cache_expand
================================================================================
按 Ctrl+C 停止调度器
================================================================================
[2026-04-28 11:47:06] 今日 watchlist 已存在，启动时不补跑 observe
[2026-04-28 11:48:23] 收到退出信号 15，清理 scheduler.lock
调度器退出。
================================================================================
A股二买系统自动调度器已启动
项目目录：/Users/liujunying/Downloads/project/my-first
Python：/Users/liujunying/.pyenv/versions/3.11.1/bin/python
时区：Asia/Shanghai
日志目录：/Users/liujunying/Downloads/project/my-first/logs/scheduler
单例锁：/Users/liujunying/Downloads/project/my-first/data/scheduler_state/scheduler.lock
PID：1961
================================================================================
可用任务：
- preflight
  /Users/liujunying/.pyenv/versions/3.11.1/bin/python run_scan.py --coverage
- observe_morning
  /Users/liujunying/.pyenv/versions/3.11.1/bin/python run_scan.py --mode observe --workers 1
- watchlist_refresh_1030
  /Users/liujunying/.pyenv/versions/3.11.1/bin/python run_scan.py --watchlist-refresh --workers 1
- watchlist_refresh_1120
  /Users/liujunying/.pyenv/versions/3.11.1/bin/python run_scan.py --watchlist-refresh --workers 1
- observe_afternoon
  /Users/liujunying/.pyenv/versions/3.11.1/bin/python run_scan.py --mode observe --workers 1
- watchlist_refresh_1420
  /Users/liujunying/.pyenv/versions/3.11.1/bin/python run_scan.py --watchlist-refresh --workers 1
- tail_confirm
  /Users/liujunying/.pyenv/versions/3.11.1/bin/python run_scan.py --mode tail_confirm --workers 1
- after_close
  /Users/liujunying/.pyenv/versions/3.11.1/bin/python run_scan.py --build-daily-cache --daily-limit 300 --daily-workers 1
  /Users/liujunying/.pyenv/versions/3.11.1/bin/python run_scan.py --build-universe --workers 1
  /Users/liujunying/.pyenv/versions/3.11.1/bin/python run_scan.py --mode after_close --workers 1
- daily_report
  /Users/liujunying/.pyenv/versions/3.11.1/bin/python run_scan.py --daily-report
- night_cache_expand
  /Users/liujunying/.pyenv/versions/3.11.1/bin/python run_scan.py --build-daily-cache --daily-limit 300 --daily-workers 1
- track_positions_midday
  /Users/liujunying/.pyenv/versions/3.11.1/bin/python run_positions.py --track
- track_positions_tail
  /Users/liujunying/.pyenv/versions/3.11.1/bin/python run_positions.py --track
- track_positions_evening
  /Users/liujunying/.pyenv/versions/3.11.1/bin/python run_positions.py --track

默认调度时间：
- 09:15 preflight
- 09:45 observe_morning
- 10:30 watchlist_refresh_1030
- 11:20 watchlist_refresh_1120
- 11:30 track_positions_midday
- 13:20 observe_afternoon
- 14:20 watchlist_refresh_1420
- 14:50 tail_confirm
- 14:55 track_positions_tail
- 17:30 after_close
- 20:00 track_positions_evening
- 20:30 daily_report
- 22:30 night_cache_expand
================================================================================
按 Ctrl+C 停止调度器
================================================================================
[2026-04-28 11:48:23] 今日 watchlist 已存在，启动时不补跑 observe
[2026-04-28 13:20:00] observe_afternoon -> /Users/liujunying/.pyenv/versions/3.11.1/bin/python run_scan.py --mode observe --workers 1
[2026-04-28 13:20:35] 任务完成：observe_afternoon
[2026-04-28 13:50:01] 收到退出信号 15，清理 scheduler.lock
调度器退出。
================================================================================
A股二买系统自动调度器已启动
项目目录：/Users/liujunying/Downloads/project/my-first
Python：/Users/liujunying/.pyenv/versions/3.11.1/bin/python
时区：Asia/Shanghai
日志目录：/Users/liujunying/Downloads/project/my-first/logs/scheduler
单例锁：/Users/liujunying/Downloads/project/my-first/data/scheduler_state/scheduler.lock
PID：5044
================================================================================
可用任务：
- preflight
  /Users/liujunying/.pyenv/versions/3.11.1/bin/python run_scan.py --coverage
- observe_morning
  /Users/liujunying/.pyenv/versions/3.11.1/bin/python run_scan.py --mode observe --workers 1
- watchlist_refresh_1030
  /Users/liujunying/.pyenv/versions/3.11.1/bin/python run_scan.py --watchlist-refresh --workers 1
- watchlist_refresh_1120
  /Users/liujunying/.pyenv/versions/3.11.1/bin/python run_scan.py --watchlist-refresh --workers 1
- observe_afternoon
  /Users/liujunying/.pyenv/versions/3.11.1/bin/python run_scan.py --mode observe --workers 1
- watchlist_refresh_1420
  /Users/liujunying/.pyenv/versions/3.11.1/bin/python run_scan.py --watchlist-refresh --workers 1
- tail_confirm
  /Users/liujunying/.pyenv/versions/3.11.1/bin/python run_scan.py --mode tail_confirm --workers 1
- after_close
  /Users/liujunying/.pyenv/versions/3.11.1/bin/python run_scan.py --build-daily-cache --daily-limit 300 --daily-workers 1
  /Users/liujunying/.pyenv/versions/3.11.1/bin/python run_scan.py --build-universe --workers 1
  /Users/liujunying/.pyenv/versions/3.11.1/bin/python run_scan.py --mode after_close --workers 1
- daily_report
  /Users/liujunying/.pyenv/versions/3.11.1/bin/python run_scan.py --daily-report
- night_cache_expand
  /Users/liujunying/.pyenv/versions/3.11.1/bin/python run_scan.py --build-daily-cache --daily-limit 300 --daily-workers 1
- track_positions_midday
  /Users/liujunying/.pyenv/versions/3.11.1/bin/python run_positions.py --track
- track_positions_tail
  /Users/liujunying/.pyenv/versions/3.11.1/bin/python run_positions.py --track
- track_positions_evening
  /Users/liujunying/.pyenv/versions/3.11.1/bin/python run_positions.py --track

默认调度时间：
- 09:15 preflight
- 09:45 observe_morning
- 10:30 watchlist_refresh_1030
- 11:20 watchlist_refresh_1120
- 11:30 track_positions_midday
- 13:20 observe_afternoon
- 14:20 watchlist_refresh_1420
- 14:50 tail_confirm
- 14:55 track_positions_tail
- 17:30 after_close
- 20:00 track_positions_evening
- 20:30 daily_report
- 22:30 night_cache_expand
================================================================================
按 Ctrl+C 停止调度器
================================================================================
[2026-04-28 13:50:02] 今日 watchlist 已存在，启动时不补跑 observe
[2026-04-28 14:05:00] heartbeat pid=5044 lock_pid=5044 project=/Users/liujunying/Downloads/project/my-first
[2026-04-28 14:20:00] watchlist_refresh_1420 -> /Users/liujunying/.pyenv/versions/3.11.1/bin/python run_scan.py --watchlist-refresh --workers 1
[2026-04-28 14:20:02] 任务完成：watchlist_refresh_1420
[2026-04-28 14:50:00] tail_confirm -> /Users/liujunying/.pyenv/versions/3.11.1/bin/python run_scan.py --mode tail_confirm --workers 1
[2026-04-28 14:50:03] 任务完成：tail_confirm
[2026-04-28 14:55:00] track_positions_tail -> /Users/liujunying/.pyenv/versions/3.11.1/bin/python run_positions.py --track
[2026-04-28 14:55:00] 任务完成：track_positions_tail
[2026-04-28 15:05:00] heartbeat pid=5044 lock_pid=5044 project=/Users/liujunying/Downloads/project/my-first
[2026-04-28 17:05:00] heartbeat pid=5044 lock_pid=5044 project=/Users/liujunying/Downloads/project/my-first
[2026-04-28 17:30:00] after_close -> /Users/liujunying/.pyenv/versions/3.11.1/bin/python run_scan.py --build-daily-cache --daily-limit 300 --daily-workers 1
[2026-04-28 17:38:35] after_close -> /Users/liujunying/.pyenv/versions/3.11.1/bin/python run_scan.py --build-universe --workers 1
[2026-04-28 17:38:37] after_close -> /Users/liujunying/.pyenv/versions/3.11.1/bin/python run_scan.py --mode after_close --workers 1
[2026-04-28 17:41:05] 任务完成：after_close
[2026-04-28 20:00:00] track_positions_evening -> /Users/liujunying/.pyenv/versions/3.11.1/bin/python run_positions.py --track
[2026-04-28 20:00:04] 任务完成：track_positions_evening
[2026-04-28 20:05:00] heartbeat pid=5044 lock_pid=5044 project=/Users/liujunying/Downloads/project/my-first
[2026-04-28 20:30:00] daily_report -> /Users/liujunying/.pyenv/versions/3.11.1/bin/python run_scan.py --daily-report
[2026-04-28 20:30:00] 任务完成：daily_report
[2026-04-28 20:55:26] 收到退出信号 15，清理 scheduler.lock
调度器退出。
================================================================================
A股二买系统自动调度器已启动
项目目录：/Users/liujunying/Downloads/project/my-first
Python：/Users/liujunying/.pyenv/versions/3.11.1/bin/python
时区：Asia/Shanghai
日志目录：/Users/liujunying/Downloads/project/my-first/logs/scheduler
单例锁：/Users/liujunying/Downloads/project/my-first/data/scheduler_state/scheduler.lock
PID：26390
================================================================================
可用任务：
- preflight
  /Users/liujunying/.pyenv/versions/3.11.1/bin/python run_scan.py --coverage
- observe_morning
  /Users/liujunying/.pyenv/versions/3.11.1/bin/python run_scan.py --mode observe --workers 1
- watchlist_refresh_1030
  /Users/liujunying/.pyenv/versions/3.11.1/bin/python run_scan.py --watchlist-refresh --workers 1
- watchlist_refresh_1120
  /Users/liujunying/.pyenv/versions/3.11.1/bin/python run_scan.py --watchlist-refresh --workers 1
- observe_afternoon
  /Users/liujunying/.pyenv/versions/3.11.1/bin/python run_scan.py --mode observe --workers 1
- watchlist_refresh_1420
  /Users/liujunying/.pyenv/versions/3.11.1/bin/python run_scan.py --watchlist-refresh --workers 1
- tail_confirm
  /Users/liujunying/.pyenv/versions/3.11.1/bin/python run_scan.py --mode tail_confirm --workers 1
- after_close
  /Users/liujunying/.pyenv/versions/3.11.1/bin/python run_scan.py --build-daily-cache --daily-limit 300 --daily-workers 1
  /Users/liujunying/.pyenv/versions/3.11.1/bin/python run_scan.py --build-universe --workers 1
  /Users/liujunying/.pyenv/versions/3.11.1/bin/python run_scan.py --mode after_close --workers 1
- daily_report
  /Users/liujunying/.pyenv/versions/3.11.1/bin/python run_scan.py --daily-report
- night_cache_expand
  /Users/liujunying/.pyenv/versions/3.11.1/bin/python run_scan.py --build-daily-cache --daily-limit 300 --daily-workers 1
- track_positions_midday
  /Users/liujunying/.pyenv/versions/3.11.1/bin/python run_positions.py --track
- track_positions_tail
  /Users/liujunying/.pyenv/versions/3.11.1/bin/python run_positions.py --track
- track_positions_evening
  /Users/liujunying/.pyenv/versions/3.11.1/bin/python run_positions.py --track

默认调度时间：
- 09:15 preflight
- 09:45 observe_morning
- 10:30 watchlist_refresh_1030
- 11:20 watchlist_refresh_1120
- 11:30 track_positions_midday
- 13:20 observe_afternoon
- 14:20 watchlist_refresh_1420
- 14:50 tail_confirm
- 14:55 track_positions_tail
- 17:30 after_close
- 20:00 track_positions_evening
- 20:30 daily_report
- 22:30 night_cache_expand
================================================================================
按 Ctrl+C 停止调度器
================================================================================
[2026-04-28 22:05:00] heartbeat pid=26390 lock_pid=26390 project=/Users/liujunying/Downloads/project/my-first
[2026-04-28 22:30:00] night_cache_expand -> /Users/liujunying/.pyenv/versions/3.11.1/bin/python run_scan.py --build-daily-cache --daily-limit 300 --daily-workers 1
[2026-04-28 22:30:57] 任务完成：night_cache_expand
[2026-04-29 09:05:00] heartbeat pid=26390 lock_pid=26390 project=/Users/liujunying/Downloads/project/my-first
[2026-04-29 09:15:00] preflight -> /Users/liujunying/.pyenv/versions/3.11.1/bin/python run_scan.py --coverage
[2026-04-29 09:15:00] 任务完成：preflight
[2026-04-29 09:45:00] observe_morning -> /Users/liujunying/.pyenv/versions/3.11.1/bin/python run_scan.py --mode observe --workers 1
[2026-04-29 09:45:53] 任务完成：observe_morning
[2026-04-29 10:05:00] heartbeat pid=26390 lock_pid=26390 project=/Users/liujunying/Downloads/project/my-first
[2026-04-29 10:30:00] watchlist_refresh_1030 -> /Users/liujunying/.pyenv/versions/3.11.1/bin/python run_scan.py --watchlist-refresh --workers 1
[2026-04-29 10:30:04] 任务完成：watchlist_refresh_1030
[2026-04-29 11:05:00] heartbeat pid=26390 lock_pid=26390 project=/Users/liujunying/Downloads/project/my-first
[2026-04-29 11:20:00] watchlist_refresh_1120 -> /Users/liujunying/.pyenv/versions/3.11.1/bin/python run_scan.py --watchlist-refresh --workers 1
[2026-04-29 11:20:16] 任务完成：watchlist_refresh_1120
[2026-04-29 11:30:00] track_positions_midday -> /Users/liujunying/.pyenv/versions/3.11.1/bin/python run_positions.py --track
[2026-04-29 11:30:04] 任务完成：track_positions_midday
[2026-04-29 11:35:13] 收到退出信号 15，清理 scheduler.lock
调度器退出。
================================================================================
A股二买系统自动调度器已启动
项目目录：/Users/liujunying/Downloads/project/my-first
Python：/Users/liujunying/.pyenv/versions/3.11.1/bin/python
时区：Asia/Shanghai
日志目录：/Users/liujunying/Downloads/project/my-first/logs/scheduler
单例锁：/Users/liujunying/Downloads/project/my-first/data/scheduler_state/scheduler.lock
PID：44128
================================================================================
可用任务：
- preflight
  /Users/liujunying/.pyenv/versions/3.11.1/bin/python run_scan.py --coverage
- observe_morning
  /Users/liujunying/.pyenv/versions/3.11.1/bin/python run_scan.py --mode observe --workers 1
- watchlist_refresh_1030
  /Users/liujunying/.pyenv/versions/3.11.1/bin/python run_scan.py --watchlist-refresh --workers 1
- watchlist_refresh_1120
  /Users/liujunying/.pyenv/versions/3.11.1/bin/python run_scan.py --watchlist-refresh --workers 1
- observe_afternoon
  /Users/liujunying/.pyenv/versions/3.11.1/bin/python run_scan.py --mode observe --workers 1
- watchlist_refresh_1420
  /Users/liujunying/.pyenv/versions/3.11.1/bin/python run_scan.py --watchlist-refresh --workers 1
- tail_confirm
  /Users/liujunying/.pyenv/versions/3.11.1/bin/python run_scan.py --mode tail_confirm --workers 1
- after_close
  /Users/liujunying/.pyenv/versions/3.11.1/bin/python run_scan.py --refresh-daily-existing --daily-limit 1200 --daily-workers 1
  /Users/liujunying/.pyenv/versions/3.11.1/bin/python run_scan.py --build-universe --workers 1
  /Users/liujunying/.pyenv/versions/3.11.1/bin/python run_scan.py --mode after_close --workers 1
- daily_report
  /Users/liujunying/.pyenv/versions/3.11.1/bin/python run_scan.py --daily-report
- night_cache_expand
  /Users/liujunying/.pyenv/versions/3.11.1/bin/python run_scan.py --build-daily-cache --daily-limit 300 --daily-workers 1
- track_positions_midday
  /Users/liujunying/.pyenv/versions/3.11.1/bin/python run_positions.py --track
- track_positions_tail
  /Users/liujunying/.pyenv/versions/3.11.1/bin/python run_positions.py --track
- track_positions_evening
  /Users/liujunying/.pyenv/versions/3.11.1/bin/python run_positions.py --track

默认调度时间：
- 09:15 preflight
- 09:45 observe_morning
- 10:30 watchlist_refresh_1030
- 11:20 watchlist_refresh_1120
- 11:30 track_positions_midday
- 13:20 observe_afternoon
- 14:20 watchlist_refresh_1420
- 14:50 tail_confirm
- 14:55 track_positions_tail
- 17:30 after_close
- 20:00 track_positions_evening
- 20:30 daily_report
- 22:30 night_cache_expand
================================================================================
按 Ctrl+C 停止调度器
================================================================================
[2026-04-29 11:35:28] 今日 watchlist 已存在，启动时不补跑 observe
[2026-04-29 12:05:00] heartbeat pid=44128 lock_pid=44128 project=/Users/liujunying/Downloads/project/my-first
[2026-04-29 12:13:01] 收到退出信号 15，清理 scheduler.lock
调度器退出。
================================================================================
A股二买系统自动调度器已启动
项目目录：/Users/liujunying/Downloads/project/my-first
Python：/Users/liujunying/.pyenv/versions/3.11.1/bin/python
时区：Asia/Shanghai
日志目录：/Users/liujunying/Downloads/project/my-first/logs/scheduler
单例锁：/Users/liujunying/Downloads/project/my-first/data/scheduler_state/scheduler.lock
PID：58953
================================================================================
可用任务：
- preflight
  /Users/liujunying/.pyenv/versions/3.11.1/bin/python run_scan.py --coverage
- observe_morning
  /Users/liujunying/.pyenv/versions/3.11.1/bin/python run_scan.py --mode observe --workers 1
- watchlist_refresh_1030
  /Users/liujunying/.pyenv/versions/3.11.1/bin/python run_scan.py --watchlist-refresh --workers 1
- watchlist_refresh_1120
  /Users/liujunying/.pyenv/versions/3.11.1/bin/python run_scan.py --watchlist-refresh --workers 1
- observe_afternoon
  /Users/liujunying/.pyenv/versions/3.11.1/bin/python run_scan.py --mode observe --workers 1
- watchlist_refresh_1420
  /Users/liujunying/.pyenv/versions/3.11.1/bin/python run_scan.py --watchlist-refresh --workers 1
- tail_confirm
  /Users/liujunying/.pyenv/versions/3.11.1/bin/python run_scan.py --mode tail_confirm --workers 1
- after_close
  /Users/liujunying/.pyenv/versions/3.11.1/bin/python run_scan.py --refresh-daily-existing --daily-limit 1200 --daily-workers 1
  /Users/liujunying/.pyenv/versions/3.11.1/bin/python run_scan.py --build-universe --workers 1
  /Users/liujunying/.pyenv/versions/3.11.1/bin/python run_scan.py --mode after_close --workers 1
- daily_report
  /Users/liujunying/.pyenv/versions/3.11.1/bin/python run_scan.py --daily-report
- night_cache_expand
  /Users/liujunying/.pyenv/versions/3.11.1/bin/python run_scan.py --build-daily-cache --daily-limit 300 --daily-workers 1
- track_positions_midday
  /Users/liujunying/.pyenv/versions/3.11.1/bin/python run_positions.py --track
- track_positions_tail
  /Users/liujunying/.pyenv/versions/3.11.1/bin/python run_positions.py --track
- track_positions_evening
  /Users/liujunying/.pyenv/versions/3.11.1/bin/python run_positions.py --track

默认调度时间：
- 09:15 preflight
- 09:45 observe_morning
- 10:30 watchlist_refresh_1030
- 11:20 watchlist_refresh_1120
- 11:30 track_positions_midday
- 13:20 observe_afternoon
- 14:20 watchlist_refresh_1420
- 14:50 tail_confirm
- 14:55 track_positions_tail
- 17:30 after_close
- 20:00 track_positions_evening
- 20:30 daily_report
- 22:30 night_cache_expand
================================================================================
按 Ctrl+C 停止调度器
================================================================================
[2026-04-29 21:28:38] 收到退出信号 15，清理 scheduler.lock
调度器退出。
================================================================================
A股二买系统自动调度器已启动
项目目录：/Users/liujunying/Downloads/project/my-first
Python：/Users/liujunying/.pyenv/versions/3.11.1/bin/python
时区：Asia/Shanghai
日志目录：/Users/liujunying/Downloads/project/my-first/logs/scheduler
单例锁：/Users/liujunying/Downloads/project/my-first/data/scheduler_state/scheduler.lock
PID：60162
================================================================================
可用任务：
- preflight
  /Users/liujunying/.pyenv/versions/3.11.1/bin/python run_scan.py --coverage
- observe_morning
  /Users/liujunying/.pyenv/versions/3.11.1/bin/python run_scan.py --mode observe --workers 1
- watchlist_refresh_1030
  /Users/liujunying/.pyenv/versions/3.11.1/bin/python run_scan.py --watchlist-refresh --workers 1
- watchlist_refresh_1120
  /Users/liujunying/.pyenv/versions/3.11.1/bin/python run_scan.py --watchlist-refresh --workers 1
- observe_afternoon
  /Users/liujunying/.pyenv/versions/3.11.1/bin/python run_scan.py --mode observe --workers 1
- watchlist_refresh_1420
  /Users/liujunying/.pyenv/versions/3.11.1/bin/python run_scan.py --watchlist-refresh --workers 1
- tail_confirm
  /Users/liujunying/.pyenv/versions/3.11.1/bin/python run_scan.py --mode tail_confirm --workers 1
- after_close
  /Users/liujunying/.pyenv/versions/3.11.1/bin/python run_scan.py --refresh-daily-existing --daily-limit 1200 --daily-workers 1
  /Users/liujunying/.pyenv/versions/3.11.1/bin/python run_scan.py --build-universe --workers 1
  /Users/liujunying/.pyenv/versions/3.11.1/bin/python run_scan.py --mode after_close --workers 1
- daily_report
  /Users/liujunying/.pyenv/versions/3.11.1/bin/python run_scan.py --daily-report
- night_cache_expand
  /Users/liujunying/.pyenv/versions/3.11.1/bin/python run_scan.py --build-daily-cache --daily-limit 300 --daily-workers 1
- track_positions_midday
  /Users/liujunying/.pyenv/versions/3.11.1/bin/python run_positions.py --track
- track_positions_tail
  /Users/liujunying/.pyenv/versions/3.11.1/bin/python run_positions.py --track
- track_positions_evening
  /Users/liujunying/.pyenv/versions/3.11.1/bin/python run_positions.py --track

默认调度时间：
- 09:15 preflight
- 09:45 observe_morning
- 10:30 watchlist_refresh_1030
- 11:20 watchlist_refresh_1120
- 11:30 track_positions_midday
- 13:20 observe_afternoon
- 14:20 watchlist_refresh_1420
- 14:50 tail_confirm
- 14:55 track_positions_tail
- 17:30 after_close
- 20:00 track_positions_evening
- 20:30 daily_report
- 22:30 night_cache_expand
================================================================================
按 Ctrl+C 停止调度器
================================================================================
[2026-04-29 22:05:00] heartbeat pid=60162 lock_pid=60162 project=/Users/liujunying/Downloads/project/my-first
[2026-04-29 22:30:00] night_cache_expand -> /Users/liujunying/.pyenv/versions/3.11.1/bin/python run_scan.py --build-daily-cache --daily-limit 300 --daily-workers 1
[2026-04-29 22:30:57] 任务完成：night_cache_expand
[2026-04-30 09:05:00] heartbeat pid=60162 lock_pid=60162 project=/Users/liujunying/Downloads/project/my-first
[2026-04-30 09:15:00] preflight -> /Users/liujunying/.pyenv/versions/3.11.1/bin/python run_scan.py --coverage
[2026-04-30 09:15:02] 任务完成：preflight
[2026-04-30 09:45:00] observe_morning -> /Users/liujunying/.pyenv/versions/3.11.1/bin/python run_scan.py --mode observe --workers 1
[2026-04-30 09:49:22] 任务完成：observe_morning
[2026-04-30 10:05:00] heartbeat pid=60162 lock_pid=60162 project=/Users/liujunying/Downloads/project/my-first
[2026-04-30 10:17:39] 收到退出信号 15，清理 scheduler.lock
调度器退出。
================================================================================
A股二买系统自动调度器已启动
项目目录：/Users/liujunying/Downloads/project/my-first
Python：/Users/liujunying/.pyenv/versions/3.11.1/bin/python
时区：Asia/Shanghai
日志目录：/Users/liujunying/Downloads/project/my-first/logs/scheduler
单例锁：/Users/liujunying/Downloads/project/my-first/data/scheduler_state/scheduler.lock
PID：71977
================================================================================
可用任务：
- preflight
  /Users/liujunying/.pyenv/versions/3.11.1/bin/python run_scan.py --coverage
- observe_morning
  /Users/liujunying/.pyenv/versions/3.11.1/bin/python run_scan.py --mode observe --workers 1
- watchlist_refresh_1030
  /Users/liujunying/.pyenv/versions/3.11.1/bin/python run_scan.py --watchlist-refresh --workers 1
- watchlist_refresh_1120
  /Users/liujunying/.pyenv/versions/3.11.1/bin/python run_scan.py --watchlist-refresh --workers 1
- observe_afternoon
  /Users/liujunying/.pyenv/versions/3.11.1/bin/python run_scan.py --mode observe --workers 1
- watchlist_refresh_1420
  /Users/liujunying/.pyenv/versions/3.11.1/bin/python run_scan.py --watchlist-refresh --workers 1
- tail_confirm
  /Users/liujunying/.pyenv/versions/3.11.1/bin/python run_scan.py --mode tail_confirm --workers 1
- after_close
  /Users/liujunying/.pyenv/versions/3.11.1/bin/python run_scan.py --refresh-daily-existing --daily-limit 1200 --daily-workers 1
  /Users/liujunying/.pyenv/versions/3.11.1/bin/python run_scan.py --build-universe --workers 1
  /Users/liujunying/.pyenv/versions/3.11.1/bin/python run_scan.py --mode after_close --workers 1
- daily_report
  /Users/liujunying/.pyenv/versions/3.11.1/bin/python run_scan.py --daily-report
- night_cache_expand
  /Users/liujunying/.pyenv/versions/3.11.1/bin/python run_scan.py --build-daily-cache --daily-limit 300 --daily-workers 1
- track_positions_midday
  /Users/liujunying/.pyenv/versions/3.11.1/bin/python run_positions.py --track
- track_positions_tail
  /Users/liujunying/.pyenv/versions/3.11.1/bin/python run_positions.py --track
- track_positions_evening
  /Users/liujunying/.pyenv/versions/3.11.1/bin/python run_positions.py --track

默认调度时间：
- 09:15 preflight
- 09:45 observe_morning
- 10:30 watchlist_refresh_1030
- 11:20 watchlist_refresh_1120
- 11:30 track_positions_midday
- 11:31 paper_track_midday
- 13:20 observe_afternoon
- 14:20 watchlist_refresh_1420
- 14:50 tail_confirm
- 14:55 track_positions_tail
- 14:56 paper_track_tail
- 17:30 after_close
- 20:00 track_positions_evening
- 20:01 paper_track_evening
- 20:30 daily_report
- 22:30 night_cache_expand
================================================================================
按 Ctrl+C 停止调度器
================================================================================
[2026-04-30 10:18:01] 今日 watchlist 已存在，启动时不补跑 observe
[2026-04-30 10:30:00] job_heartbeat stage=before job=watchlist_refresh_1030 pid=71977 lock_pid=71977
[2026-04-30 10:30:00] watchlist_refresh_1030 -> /Users/liujunying/.pyenv/versions/3.11.1/bin/python run_scan.py --watchlist-refresh --workers 1
[2026-04-30 10:30:12] 任务完成：watchlist_refresh_1030
[2026-04-30 10:40:09] 收到退出信号 15，清理 scheduler.lock
调度器退出。
================================================================================
A股二买系统自动调度器已启动
项目目录：/Users/liujunying/Downloads/project/my-first
Python：/Users/liujunying/.pyenv/versions/3.11.1/bin/python
时区：Asia/Shanghai
日志目录：/Users/liujunying/Downloads/project/my-first/logs/scheduler
单例锁：/Users/liujunying/Downloads/project/my-first/data/scheduler_state/scheduler.lock
PID：73035
================================================================================
可用任务：
- preflight
  /Users/liujunying/.pyenv/versions/3.11.1/bin/python run_scan.py --coverage
- observe_morning
  /Users/liujunying/.pyenv/versions/3.11.1/bin/python run_scan.py --mode observe --workers 1
- watchlist_refresh_1030
  /Users/liujunying/.pyenv/versions/3.11.1/bin/python run_scan.py --watchlist-refresh --workers 1
- watchlist_refresh_1120
  /Users/liujunying/.pyenv/versions/3.11.1/bin/python run_scan.py --watchlist-refresh --workers 1
- observe_afternoon
  /Users/liujunying/.pyenv/versions/3.11.1/bin/python run_scan.py --mode observe --workers 1
- watchlist_refresh_1420
  /Users/liujunying/.pyenv/versions/3.11.1/bin/python run_scan.py --watchlist-refresh --workers 1
- tail_confirm
  /Users/liujunying/.pyenv/versions/3.11.1/bin/python run_scan.py --mode tail_confirm --workers 1
- after_close
  /Users/liujunying/.pyenv/versions/3.11.1/bin/python run_scan.py --refresh-daily-existing --daily-limit 1200 --daily-workers 1
  /Users/liujunying/.pyenv/versions/3.11.1/bin/python run_scan.py --build-universe --workers 1
  /Users/liujunying/.pyenv/versions/3.11.1/bin/python run_scan.py --mode after_close --workers 1
- daily_report
  /Users/liujunying/.pyenv/versions/3.11.1/bin/python run_scan.py --daily-report
- night_cache_expand
  /Users/liujunying/.pyenv/versions/3.11.1/bin/python run_scan.py --build-daily-cache --daily-limit 300 --daily-workers 1
- track_positions_midday
  /Users/liujunying/.pyenv/versions/3.11.1/bin/python run_positions.py --track
- track_positions_tail
  /Users/liujunying/.pyenv/versions/3.11.1/bin/python run_positions.py --track
- track_positions_evening
  /Users/liujunying/.pyenv/versions/3.11.1/bin/python run_positions.py --track

默认调度时间：
- 09:15 preflight
- 09:45 observe_morning
- 10:30 watchlist_refresh_1030
- 11:20 watchlist_refresh_1120
- 11:30 track_positions_midday
- 11:31 paper_track_midday
- 13:20 observe_afternoon
- 14:20 watchlist_refresh_1420
- 14:50 tail_confirm
- 14:55 track_positions_tail
- 14:56 paper_track_tail
- 17:30 after_close
- 20:00 track_positions_evening
- 20:01 paper_track_evening
- 20:30 daily_report
- 22:30 night_cache_expand
================================================================================
按 Ctrl+C 停止调度器
================================================================================
[2026-04-30 10:41:41] 今日 watchlist 已存在，启动时不补跑 observe
[2026-04-30 10:48:14] 收到退出信号 15，清理 scheduler.lock
调度器退出。
================================================================================
A股二买系统自动调度器已启动
项目目录：/Users/liujunying/Downloads/project/my-first
Python：/Users/liujunying/.pyenv/versions/3.11.1/bin/python
时区：Asia/Shanghai
日志目录：/Users/liujunying/Downloads/project/my-first/logs/scheduler
单例锁：/Users/liujunying/Downloads/project/my-first/data/scheduler_state/scheduler.lock
PID：73399
================================================================================
可用任务：
- preflight
  /Users/liujunying/.pyenv/versions/3.11.1/bin/python run_scan.py --coverage
- observe_morning
  /Users/liujunying/.pyenv/versions/3.11.1/bin/python run_scan.py --mode observe --workers 1
- watchlist_refresh_1030
  /Users/liujunying/.pyenv/versions/3.11.1/bin/python run_scan.py --watchlist-refresh --workers 1
- watchlist_refresh_1120
  /Users/liujunying/.pyenv/versions/3.11.1/bin/python run_scan.py --watchlist-refresh --workers 1
- observe_afternoon
  /Users/liujunying/.pyenv/versions/3.11.1/bin/python run_scan.py --mode observe --workers 1
- watchlist_refresh_1420
  /Users/liujunying/.pyenv/versions/3.11.1/bin/python run_scan.py --watchlist-refresh --workers 1
- tail_confirm
  /Users/liujunying/.pyenv/versions/3.11.1/bin/python run_scan.py --mode tail_confirm --workers 1
- after_close
  /Users/liujunying/.pyenv/versions/3.11.1/bin/python run_scan.py --refresh-daily-existing --daily-limit 1200 --daily-workers 1
  /Users/liujunying/.pyenv/versions/3.11.1/bin/python run_scan.py --build-universe --workers 1
  /Users/liujunying/.pyenv/versions/3.11.1/bin/python run_scan.py --mode after_close --workers 1
- daily_report
  /Users/liujunying/.pyenv/versions/3.11.1/bin/python run_scan.py --daily-report
- night_cache_expand
  /Users/liujunying/.pyenv/versions/3.11.1/bin/python run_scan.py --build-daily-cache --daily-limit 300 --daily-workers 1
- track_positions_midday
  /Users/liujunying/.pyenv/versions/3.11.1/bin/python run_positions.py --track
- track_positions_tail
  /Users/liujunying/.pyenv/versions/3.11.1/bin/python run_positions.py --track
- track_positions_evening
  /Users/liujunying/.pyenv/versions/3.11.1/bin/python run_positions.py --track

默认调度时间：
- 09:15 preflight
- 09:45 observe_morning
- 10:30 watchlist_refresh_1030
- 11:20 watchlist_refresh_1120
- 11:30 track_positions_midday
- 11:31 paper_track_midday
- 13:20 observe_afternoon
- 14:20 watchlist_refresh_1420
- 14:50 tail_confirm
- 14:55 track_positions_tail
- 14:56 paper_track_tail
- 17:30 after_close
- 20:00 track_positions_evening
- 20:01 paper_track_evening
- 20:30 daily_report
- 22:30 night_cache_expand
================================================================================
按 Ctrl+C 停止调度器
================================================================================
[2026-04-30 10:48:25] 今日 watchlist 已存在，启动时不补跑 observe
[2026-04-30 11:05:00] heartbeat pid=73399 lock_pid=73399 project=/Users/liujunying/Downloads/project/my-first
[2026-04-30 11:07:48] 收到退出信号 15，清理 scheduler.lock
调度器退出。
================================================================================
A股二买系统自动调度器已启动
项目目录：/Users/liujunying/Downloads/project/my-first
Python：/Users/liujunying/.pyenv/versions/3.11.1/bin/python
时区：Asia/Shanghai
日志目录：/Users/liujunying/Downloads/project/my-first/logs/scheduler
单例锁：/Users/liujunying/Downloads/project/my-first/data/scheduler_state/scheduler.lock
PID：74073
================================================================================
可用任务：
- preflight
  /Users/liujunying/.pyenv/versions/3.11.1/bin/python run_scan.py --coverage
- observe_morning
  /Users/liujunying/.pyenv/versions/3.11.1/bin/python run_scan.py --mode observe --workers 1
- watchlist_refresh_1030
  /Users/liujunying/.pyenv/versions/3.11.1/bin/python run_scan.py --watchlist-refresh --workers 1
- watchlist_refresh_1120
  /Users/liujunying/.pyenv/versions/3.11.1/bin/python run_scan.py --watchlist-refresh --workers 1
- observe_afternoon
  /Users/liujunying/.pyenv/versions/3.11.1/bin/python run_scan.py --mode observe --workers 1
- watchlist_refresh_1420
  /Users/liujunying/.pyenv/versions/3.11.1/bin/python run_scan.py --watchlist-refresh --workers 1
- tail_confirm
  /Users/liujunying/.pyenv/versions/3.11.1/bin/python run_scan.py --mode tail_confirm --workers 1
- after_close
  /Users/liujunying/.pyenv/versions/3.11.1/bin/python run_scan.py --refresh-daily-existing --daily-limit 1200 --daily-workers 1
  /Users/liujunying/.pyenv/versions/3.11.1/bin/python run_scan.py --build-universe --workers 1
  /Users/liujunying/.pyenv/versions/3.11.1/bin/python run_scan.py --mode after_close --workers 1
- daily_report
  /Users/liujunying/.pyenv/versions/3.11.1/bin/python run_scan.py --daily-report
- night_cache_expand
  /Users/liujunying/.pyenv/versions/3.11.1/bin/python run_scan.py --build-daily-cache --daily-limit 300 --daily-workers 1
- track_positions_midday
  /Users/liujunying/.pyenv/versions/3.11.1/bin/python run_positions.py --track
- track_positions_tail
  /Users/liujunying/.pyenv/versions/3.11.1/bin/python run_positions.py --track
- track_positions_evening
  /Users/liujunying/.pyenv/versions/3.11.1/bin/python run_positions.py --track

默认调度时间：
- 09:15 preflight
- 09:45 observe_morning
- 10:30 watchlist_refresh_1030
- 11:20 watchlist_refresh_1120
- 11:30 track_positions_midday
- 11:31 paper_track_midday
- 13:20 observe_afternoon
- 14:20 watchlist_refresh_1420
- 14:50 tail_confirm
- 14:55 track_positions_tail
- 14:56 paper_track_tail
- 17:30 after_close
- 20:00 track_positions_evening
- 20:01 paper_track_evening
- 20:30 daily_report
- 22:30 night_cache_expand
================================================================================
按 Ctrl+C 停止调度器
================================================================================
[2026-04-30 11:08:10] 今日 watchlist 已存在，启动时不补跑 observe
[2026-04-30 11:17:56] 收到退出信号 15，清理 scheduler.lock
调度器退出。
================================================================================
A股二买系统自动调度器已启动
项目目录：/Users/liujunying/Downloads/project/my-first
Python：/Users/liujunying/.pyenv/versions/3.11.1/bin/python
时区：Asia/Shanghai
日志目录：/Users/liujunying/Downloads/project/my-first/logs/scheduler
单例锁：/Users/liujunying/Downloads/project/my-first/data/scheduler_state/scheduler.lock
PID：74473
================================================================================
可用任务：
- preflight
  /Users/liujunying/.pyenv/versions/3.11.1/bin/python run_scan.py --coverage
- observe_morning
  /Users/liujunying/.pyenv/versions/3.11.1/bin/python run_scan.py --mode observe --workers 1
- watchlist_refresh_1030
  /Users/liujunying/.pyenv/versions/3.11.1/bin/python run_scan.py --watchlist-refresh --workers 1
- watchlist_refresh_1120
  /Users/liujunying/.pyenv/versions/3.11.1/bin/python run_scan.py --watchlist-refresh --workers 1
- observe_afternoon
  /Users/liujunying/.pyenv/versions/3.11.1/bin/python run_scan.py --mode observe --workers 1
- watchlist_refresh_1420
  /Users/liujunying/.pyenv/versions/3.11.1/bin/python run_scan.py --watchlist-refresh --workers 1
- tail_confirm
  /Users/liujunying/.pyenv/versions/3.11.1/bin/python run_scan.py --mode tail_confirm --workers 1
- after_close
  /Users/liujunying/.pyenv/versions/3.11.1/bin/python run_scan.py --refresh-daily-existing --daily-limit 1200 --daily-workers 1
  /Users/liujunying/.pyenv/versions/3.11.1/bin/python run_scan.py --build-universe --workers 1
  /Users/liujunying/.pyenv/versions/3.11.1/bin/python run_scan.py --mode after_close --workers 1
- daily_report
  /Users/liujunying/.pyenv/versions/3.11.1/bin/python run_scan.py --daily-report
- night_cache_expand
  /Users/liujunying/.pyenv/versions/3.11.1/bin/python run_scan.py --build-daily-cache --daily-limit 300 --daily-workers 1
- track_positions_midday
  /Users/liujunying/.pyenv/versions/3.11.1/bin/python run_positions.py --track
- track_positions_tail
  /Users/liujunying/.pyenv/versions/3.11.1/bin/python run_positions.py --track
- track_positions_evening
  /Users/liujunying/.pyenv/versions/3.11.1/bin/python run_positions.py --track

默认调度时间：
- 09:15 preflight
- 09:45 observe_morning
- 10:30 watchlist_refresh_1030
- 11:20 watchlist_refresh_1120
- 11:30 track_positions_midday
- 11:31 paper_track_midday
- 13:20 observe_afternoon
- 14:20 watchlist_refresh_1420
- 14:50 tail_confirm
- 14:55 track_positions_tail
- 14:56 paper_track_tail
- 17:30 after_close
- 20:00 track_positions_evening
- 20:01 paper_track_evening
- 20:30 daily_report
- 22:30 night_cache_expand
================================================================================
按 Ctrl+C 停止调度器
================================================================================
[2026-04-30 11:18:04] 今日 watchlist 已存在，启动时不补跑 observe
[2026-04-30 11:20:00] job_heartbeat stage=before job=watchlist_refresh_1120 pid=74473 lock_pid=74473
[2026-04-30 11:20:00] watchlist_refresh_1120 -> /Users/liujunying/.pyenv/versions/3.11.1/bin/python run_scan.py --watchlist-refresh --workers 1
[2026-04-30 11:20:24] 任务完成：watchlist_refresh_1120
