
################################################################################
[2026-04-28 14:50:00] JOB START: tail_confirm
################################################################################

================================================================================
[2026-04-28 14:50:00] START COMMAND: /Users/liujunying/.pyenv/versions/3.11.1/bin/python run_scan.py --mode tail_confirm --workers 1
[2026-04-28 14:50:00] TIMEOUT: 600
================================================================================
2026-04-28 14:50:00 | INFO | a_stock | 日志初始化完成：run_id=20260428_145000, log_dir=logs, reject_file=logs/rejects_20260428_145000.csv, raw_bad_rows_file=logs/raw_bad_rows_20260428_145000.jsonl
2026-04-28 14:50:00 | INFO | a_stock | run_scan 启动
======================================================================
📈 大盘状态：震荡 | 指数分化，只做最强板块，仓位减半
上证：2026-04-28 close=4074.29 ma20=4074.29 ma60=4074.29 data=intraday+local_ma
创业板：2026-04-28 close=3594.09 ma20=3594.09 ma60=3594.09 data=intraday+local_ma
======================================================================
2026-04-28 14:50:02 | INFO | a_stock | 使用股票池缓存：909 只
📌 tail_confirm 优先扫描今日 watchlist：72 只
2026-04-28 14:50:02 | INFO | a_stock | tail_confirm 使用今日 watchlist 扫描：72 只
2026-04-28 14:50:02 | WARNING | a_stock | 板块过滤失败：cannot import name 'filter_universe_by_strong_sector' from 'core.sector' (/Users/liujunying/Downloads/project/my-first/core/sector.py)
⚠️ 板块过滤失败，调试模式跳过板块过滤继续扫描
2026-04-28 14:50:02 | WARNING | a_stock | 周线过滤失败：cannot import name 'filter_by_weekly_trend' from 'core.weekly' (/Users/liujunying/Downloads/project/my-first/core/weekly.py)
⚠️ 周线过滤失败，调试模式跳过周线过滤继续扫描

数据覆盖率报告：
  stock_basic：5323
  有效基础股票：5323
  stock_daily 有效缓存股票：1193 (22.41%)
  realtime_quote 覆盖股票：5317
  universe 股票池：909
🔄 刷新新浪实时行情：72 只，batch=400，interval=10.0s
2026-04-28 14:50:02 | INFO | a_stock | 新浪实时批次 1/1 完成：请求 72，有效 72，缺失 0
2026-04-28 14:50:02 | INFO | a_stock | 实时行情刷新完成：{'requested': 72, 'success': 72, 'failed': 0, 'batches': 1, 'empty_response': 0, 'parse_failed': 0, 'written': 72, 'success_rate': 1.0}
实时行情刷新结果：请求=72 成功=72 成功率=100.00%
2026-04-28 14:50:02 | INFO | a_stock | 扫描阶段只读本地 stock_daily 缓存，不远程拉历史K
开始扫描：72 只，模式=tail_confirm ...
2026-04-28 14:50:02 | INFO | a_stock | reject 300750 score_too_low score=67
2026-04-28 14:50:02 | INFO | a_stock | reject 002475 score_too_low score=56
2026-04-28 14:50:02 | INFO | a_stock | reject 600487 score_too_low score=55
2026-04-28 14:50:02 | INFO | a_stock | reject 002463 score_too_low score=68
2026-04-28 14:50:02 | INFO | a_stock | reject 002709 score_too_low score=56
2026-04-28 14:50:02 | INFO | a_stock | reject 002594 score_too_low score=63
2026-04-28 14:50:02 | INFO | a_stock | reject 301308 score_too_low score=52
2026-04-28 14:50:02 | INFO | a_stock | reject 300390 score_too_low score=60
2026-04-28 14:50:02 | INFO | a_stock | reject 000938 score_too_low score=51
2026-04-28 14:50:02 | INFO | a_stock | reject 002008 score_too_low score=61
2026-04-28 14:50:02 | INFO | a_stock | reject 002916 score_too_low score=57
2026-04-28 14:50:02 | INFO | a_stock | reject 301396 score_too_low score=66
2026-04-28 14:50:02 | INFO | a_stock | reject 600150 score_too_low score=71
2026-04-28 14:50:02 | INFO | a_stock | reject 300604 score_too_low score=68
2026-04-28 14:50:02 | INFO | a_stock | reject 301526 score_too_low score=60
2026-04-28 14:50:02 | INFO | a_stock | reject 002273 score_too_low score=70
2026-04-28 14:50:02 | INFO | a_stock | reject 002080 score_too_low score=73
2026-04-28 14:50:02 | INFO | a_stock | reject 300054 score_too_low score=64
2026-04-28 14:50:02 | INFO | a_stock | reject 600938 score_too_low score=75
2026-04-28 14:50:02 | INFO | a_stock | reject 605117 score_too_low score=64
2026-04-28 14:50:03 | INFO | a_stock | reject 603026 score_too_low score=62
2026-04-28 14:50:03 | INFO | a_stock | reject 688183 score_too_low score=64
2026-04-28 14:50:03 | INFO | a_stock | reject 301217 score_too_low score=75
2026-04-28 14:50:03 | INFO | a_stock | reject 301358 score_too_low score=75
2026-04-28 14:50:03 | INFO | a_stock | reject 688072 score_too_low score=72
2026-04-28 14:50:03 | INFO | a_stock | reject 600186 score_too_low score=78
2026-04-28 14:50:03 | INFO | a_stock | reject 000062 score_too_low score=60
2026-04-28 14:50:03 | INFO | a_stock | reject 300408 score_too_low score=71
2026-04-28 14:50:03 | INFO | a_stock | reject 300666 score_too_low score=73
2026-04-28 14:50:03 | INFO | a_stock | reject 688630 score_too_low score=46
2026-04-28 14:50:03 | INFO | a_stock | reject 002176 score_too_low score=57
2026-04-28 14:50:03 | INFO | a_stock | reject 002245 score_too_low score=75
2026-04-28 14:50:03 | INFO | a_stock | reject 603063 score_too_low score=64
2026-04-28 14:50:03 | INFO | a_stock | reject 000973 score_too_low score=52
2026-04-28 14:50:03 | INFO | a_stock | reject 002756 score_too_low score=67
2026-04-28 14:50:03 | INFO | a_stock | reject 300037 score_too_low score=57
2026-04-28 14:50:03 | INFO | a_stock | reject 002484 score_too_low score=57
2026-04-28 14:50:03 | INFO | a_stock | reject 605589 score_too_low score=61
2026-04-28 14:50:03 | INFO | a_stock | reject 688519 score_too_low score=52
2026-04-28 14:50:03 | INFO | a_stock | reject 002213 score_too_low score=70
2026-04-28 14:50:03 | INFO | a_stock | reject 002181 score_too_low score=51
2026-04-28 14:50:03 | INFO | a_stock | reject 600641 score_too_low score=68
2026-04-28 14:50:03 | INFO | a_stock | reject 603688 score_too_low score=69
2026-04-28 14:50:03 | INFO | a_stock | reject 300657 score_too_low score=74
2026-04-28 14:50:03 | INFO | a_stock | reject 688002 score_too_low score=66
2026-04-28 14:50:03 | INFO | a_stock | reject 688180 score_too_low score=68
2026-04-28 14:50:03 | INFO | a_stock | reject 688536 score_too_low score=78
2026-04-28 14:50:03 | INFO | a_stock | reject 601225 score_too_low score=72
2026-04-28 14:50:03 | INFO | a_stock | reject 002655 score_too_low score=79
2026-04-28 14:50:03 | INFO | a_stock | reject 300769 score_too_low score=72
2026-04-28 14:50:03 | INFO | a_stock | reject 603002 score_too_low score=60
2026-04-28 14:50:03 | INFO | a_stock | reject 688099 score_too_low score=56
2026-04-28 14:50:03 | INFO | a_stock | reject 002730 score_too_low score=70
2026-04-28 14:50:03 | INFO | a_stock | reject 600773 score_too_low score=76
2026-04-28 14:50:03 | INFO | a_stock | reject 003816 score_too_low score=68
2026-04-28 14:50:03 | INFO | a_stock | reject 601898 score_too_low score=77
2026-04-28 14:50:03 | INFO | a_stock | reject 300057 score_too_low score=57
2026-04-28 14:50:03 | INFO | a_stock | reject 603399 score_too_low score=76
2026-04-28 14:50:03 | INFO | a_stock | reject 300480 score_too_low score=74
2026-04-28 14:50:03 | INFO | a_stock | reject 300137 score_too_low score=56
2026-04-28 14:50:03 | INFO | a_stock | reject 000811 score_too_low score=71
2026-04-28 14:50:03 | INFO | a_stock | reject 001339 score_too_low score=68
2026-04-28 14:50:03 | INFO | a_stock | reject 003022 score_too_low score=69
2026-04-28 14:50:03 | INFO | a_stock | reject 688020 score_too_low score=57
2026-04-28 14:50:03 | INFO | a_stock | reject 603315 score_too_low score=71
2026-04-28 14:50:03 | INFO | a_stock | reject 002606 score_too_low score=51
2026-04-28 14:50:03 | INFO | a_stock | reject 688401 score_too_low score=65
2026-04-28 14:50:03 | INFO | a_stock | reject 600433 score_too_low score=73
2026-04-28 14:50:03 | INFO | a_stock | reject 601101 score_too_low score=73

扫描报告：
  股票池：72
  成功处理：72
  异常/无信号跳过：69
  信号候选：3
2026-04-28 14:50:03 | INFO | a_stock | 扫描报告：universe=72 processed=72 skipped=69 candidates=3
📌 watchlist 尾盘状态已更新：72 条

======================================================================
📤 推送内容
======================================================================
【尾盘确认信号】
大盘：震荡 | 指数分化，只做最强板块，仓位减半
当前无可执行买点，仅展示观察候选；总候选：3 只
展示前 3 只：
----------------------------------------
1.  002648 | 卫星化学
   操作:只观察 | 类型:风险过大，等待回踩 | 风险:12.82%（过高）
   信号:confirm | 总分:85 | 趋势:23 回调:23 企稳:16 确认:23
   买入:28.98 | 触发:28.98 | 止损:25.26 | 仓位:不建议开仓
   目标:风险过高，暂不作为交易目标参考
   备注:操作建议：只观察；入场类型：风险过大，等待回踩；风险等级：过高；结构止损距离过远，当前不适合直接开仓。

2.  000155 | 川能动力
   操作:只观察 | 类型:风险过大，等待回踩 | 风险:14.90%（过高）
   信号:confirm | 总分:84 | 趋势:25 回调:13 企稳:23 确认:23
   买入:18.31 | 触发:18.31 | 止损:15.58 | 仓位:不建议开仓
   目标:风险过高，暂不作为交易目标参考
   提醒:pullback_days_not_ideal
   备注:操作建议：只观察；入场类型：风险过大，等待回踩；风险等级：过高；结构止损距离过远，当前不适合直接开仓。

3.  601088 | 中国神华
   操作:只观察 | 类型:风险过大，等待回踩 | 风险:8.49%（过高）
   信号:confirm | 总分:83 | 趋势:18 回调:22 企稳:18 确认:25
   买入:48.19 | 触发:48.19 | 止损:44.10 | 仓位:不建议开仓
   目标:风险过高，暂不作为交易目标参考
   提醒:volatility_not_contracting
   备注:操作建议：只观察；入场类型：风险过大，等待回踩；风险等级：过高；结构止损距离过远，当前不适合直接开仓。
======================================================================
[2026-04-28 14:50:03] END COMMAND returncode=0
[2026-04-28 14:50:03] JOB DONE: tail_confirm
