
################################################################################
[2026-04-27 18:52:14] JOB START: daily_report
################################################################################

================================================================================
[2026-04-27 18:52:14] START COMMAND: /Users/liujunying/.pyenv/versions/3.11.1/bin/python run_scan.py --daily-report
================================================================================
2026-04-27 18:52:15 | INFO | a_stock | 日志初始化完成：run_id=20260427_185215, log_dir=logs, reject_file=logs/rejects_20260427_185215.csv, raw_bad_rows_file=logs/raw_bad_rows_20260427_185215.jsonl
2026-04-27 18:52:15 | INFO | a_stock | run_scan 启动
# A股交易日报 - 2026-04-27

## 一、观察池概况
- 观察池总数：42

### 状态分布
- high_risk：39
- waiting：3

### 观察池 Top 10
- 688183  | 状态:high_risk | 操作:只观察 | 分数:81.0 | 风险:16.93% | 触发:120.7 | 止损:100.26
- 600938  | 状态:high_risk | 操作:只观察 | 分数:79.0 | 风险:8.41% | 触发:38.82 | 止损:35.55
- 605589  | 状态:high_risk | 操作:只观察 | 分数:79.0 | 风险:11.85% | 触发:39.7 | 止损:35.0
- 688072  | 状态:high_risk | 操作:只观察 | 分数:77.0 | 风险:11.62% | 触发:412.73 | 止损:364.77
- 603026  | 状态:high_risk | 操作:只观察 | 分数:76.0 | 风险:15.7% | 触发:109.3 | 止损:92.14
- 603063  | 状态:high_risk | 操作:只观察 | 分数:76.0 | 风险:25.02% | 触发:42.97 | 止损:31.75
- 002756  | 状态:high_risk | 操作:只观察 | 分数:76.0 | 风险:14.78% | 触发:81.65 | 止损:69.33
- 002484  | 状态:high_risk | 操作:只观察 | 分数:76.0 | 风险:18.82% | 触发:37.64 | 止损:30.56
- 300769  | 状态:high_risk | 操作:只观察 | 分数:76.0 | 风险:14.3% | 触发:52.34 | 止损:44.85
- 002176  | 状态:high_risk | 操作:只观察 | 分数:75.0 | 风险:26.62% | 触发:14.49 | 止损:10.63

## 二、明日交易计划
当前没有风险合适的明日交易计划。

## 三、执行提醒
- observe 只代表观察候选，不代表买入。
- tail_confirm 才接近交易确认。
- 风险超过 8% 的候选不作为可执行计划。
- 当天过热、量能未确认、未突破触发价，不追。
[2026-04-27 18:52:15] END COMMAND returncode=0
[2026-04-27 18:52:15] JOB DONE: daily_report

################################################################################
[2026-04-27 20:30:00] JOB START: daily_report
################################################################################

================================================================================
[2026-04-27 20:30:00] START COMMAND: /Users/liujunying/.pyenv/versions/3.11.1/bin/python run_scan.py --daily-report
[2026-04-27 20:30:00] TIMEOUT: 600
================================================================================
2026-04-27 20:30:00 | INFO | a_stock | 日志初始化完成：run_id=20260427_203000, log_dir=logs, reject_file=logs/rejects_20260427_203000.csv, raw_bad_rows_file=logs/raw_bad_rows_20260427_203000.jsonl
2026-04-27 20:30:00 | INFO | a_stock | run_scan 启动
# A股交易日报 - 2026-04-27

## 一、观察池概况
- 观察池总数：42

### 状态分布
- high_risk：39
- waiting：3

### 观察池 Top 10
- 688183  | 状态:high_risk | 操作:只观察 | 分数:81.0 | 风险:16.93% | 触发:120.7 | 止损:100.26
- 600938  | 状态:high_risk | 操作:只观察 | 分数:79.0 | 风险:8.41% | 触发:38.82 | 止损:35.55
- 605589  | 状态:high_risk | 操作:只观察 | 分数:79.0 | 风险:11.85% | 触发:39.7 | 止损:35.0
- 688072  | 状态:high_risk | 操作:只观察 | 分数:77.0 | 风险:11.62% | 触发:412.73 | 止损:364.77
- 603026  | 状态:high_risk | 操作:只观察 | 分数:76.0 | 风险:15.7% | 触发:109.3 | 止损:92.14
- 603063  | 状态:high_risk | 操作:只观察 | 分数:76.0 | 风险:25.02% | 触发:42.97 | 止损:31.75
- 002756  | 状态:high_risk | 操作:只观察 | 分数:76.0 | 风险:14.78% | 触发:81.65 | 止损:69.33
- 002484  | 状态:high_risk | 操作:只观察 | 分数:76.0 | 风险:18.82% | 触发:37.64 | 止损:30.56
- 300769  | 状态:high_risk | 操作:只观察 | 分数:76.0 | 风险:14.3% | 触发:52.34 | 止损:44.85
- 002176  | 状态:high_risk | 操作:只观察 | 分数:75.0 | 风险:26.62% | 触发:14.49 | 止损:10.63

## 二、明日交易计划
当前没有风险合适的明日交易计划。

## 三、执行提醒
- observe 只代表观察候选，不代表买入。
- tail_confirm 才接近交易确认。
- 风险超过 8% 的候选不作为可执行计划。
- 当天过热、量能未确认、未突破触发价，不追。
[2026-04-27 20:30:00] END COMMAND returncode=0
[2026-04-27 20:30:00] JOB DONE: daily_report
