
################################################################################
[2026-04-28 11:30:00] JOB START: track_positions_midday
################################################################################

================================================================================
[2026-04-28 11:30:00] START COMMAND: /Users/liujunying/.pyenv/versions/3.11.1/bin/python run_positions.py --track
[2026-04-28 11:30:00] TIMEOUT: 300
================================================================================
Fatal Python error: init_sys_streams: can't initialize sys standard streams
Python runtime state: core initialized
OSError: [Errno 9] Bad file descriptor

Current thread 0x00000001fa813840 (most recent call first):
  <no Python frame>
[2026-04-28 11:30:00] END COMMAND returncode=1
[2026-04-28 11:30:00] JOB FAILED: track_positions_midday, command=['run_positions.py', '--track'], rc=1

################################################################################
[2026-04-28 11:47:23] JOB START: track_positions_midday
################################################################################

================================================================================
[2026-04-28 11:47:23] START COMMAND: /Users/liujunying/.pyenv/versions/3.11.1/bin/python run_positions.py --track
[2026-04-28 11:47:23] TIMEOUT: 300
================================================================================
# 持仓跟踪报告 - 2026-04-28

当前 open 持仓：1 只

- 002594 比亚迪 | 动作:TREND_BREAK_WARN | 原因:跌破 MA10 且收益不明显，注意趋势转弱 | 现价:102.5 | 收益:-0.97% | 持仓:1天 | 止损:95.22 | 目标1:115.92 | 目标2:124.2
[2026-04-28 11:47:24] END COMMAND returncode=0
[2026-04-28 11:47:24] JOB DONE: track_positions_midday

################################################################################
[2026-04-28 11:51:12] JOB START: track_positions_midday
################################################################################

================================================================================
[2026-04-28 11:51:12] START COMMAND: /Users/liujunying/.pyenv/versions/3.11.1/bin/python run_positions.py --track
[2026-04-28 11:51:12] TIMEOUT: 300
================================================================================
# 持仓跟踪报告 - 2026-04-28

当前 open 持仓：1 只

- 002594 比亚迪 | 动作:TREND_BREAK_WARN | 原因:跌破 MA10 且收益不明显，注意趋势转弱 | 现价:102.5 | 收益:-0.97% | 持仓:1天 | 止损:95.22 | 目标1:115.92 | 目标2:124.2
[2026-04-28 11:51:13] END COMMAND returncode=0
[2026-04-28 11:51:13] JOB DONE: track_positions_midday
