
################################################################################
[2026-04-30 11:20:00] JOB START: watchlist_refresh_1120
################################################################################

================================================================================
[2026-04-30 11:20:00] START COMMAND: /Users/liujunying/.pyenv/versions/3.11.1/bin/python run_scan.py --watchlist-refresh --workers 1
[2026-04-30 11:20:00] TIMEOUT: 600
================================================================================
2026-04-30 11:20:02 | INFO | a_stock | 日志初始化完成：run_id=20260430_112002, log_dir=logs, reject_file=logs/rejects_20260430_112002.csv, raw_bad_rows_file=logs/raw_bad_rows_20260430_112002.jsonl
2026-04-30 11:20:02 | INFO | a_stock | run_scan 启动
======================================================================
📈 大盘状态：强势 | 双指数强势，可正常筛选，优先强势板块
上证：2026-04-30 close=4109.87 ma20=4109.87 ma60=4109.87 data=intraday+local_ma
创业板：2026-04-30 close=3677.16 ma20=3677.16 ma60=3677.16 data=intraday+local_ma
======================================================================
2026-04-30 11:20:05 | INFO | a_stock | 使用股票池缓存：1463 只
📌 watchlist_refresh 扫描今日 watchlist：35 只
2026-04-30 11:20:05 | WARNING | a_stock | 板块过滤失败：cannot import name 'filter_universe_by_strong_sector' from 'core.sector' (/Users/liujunying/Downloads/project/my-first/core/sector.py)
⚠️ 板块过滤失败，调试模式跳过板块过滤继续扫描
2026-04-30 11:20:05 | WARNING | a_stock | 周线过滤失败：cannot import name 'filter_by_weekly_trend' from 'core.weekly' (/Users/liujunying/Downloads/project/my-first/core/weekly.py)
⚠️ 周线过滤失败，调试模式跳过周线过滤继续扫描
实时行情刷新结果：请求=35 成功=35 成功率=100.00% fresh=35 stale=0 最新=2026-04-30 11:20:04
2026-04-30 11:20:06 | INFO | a_stock | 实时行情刷新结果：请求=35 成功=35 成功率=100.00% fresh=35 stale=0 最新=2026-04-30 11:20:04

数据覆盖率报告：
  stock_basic：5323
  有效基础股票：5323
  stock_daily 有效缓存股票：1475 (27.71%)
  realtime_quote 覆盖股票：5317
  universe 股票池：1463
开始扫描：35 只，模式=watchlist_refresh ...
2026-04-30 11:20:07 | INFO | a_stock | reject 300750 score_too_low score=69
2026-04-30 11:20:08 | INFO | a_stock | reject 300054 score_too_low score=69
2026-04-30 11:20:08 | INFO | a_stock | reject 000155 score_too_low score=66
2026-04-30 11:20:09 | INFO | a_stock | reject 688025 score_too_low score=65
2026-04-30 11:20:09 | INFO | a_stock | reject 002487 score_too_low score=66
2026-04-30 11:20:10 | INFO | a_stock | reject 600641 score_too_low score=68
2026-04-30 11:20:10 | INFO | a_stock | reject 002213 score_too_low score=68
2026-04-30 11:20:10 | INFO | a_stock | reject 688002 score_too_low score=67
2026-04-30 11:20:10 | INFO | a_stock | reject 301219 score_too_low score=67
2026-04-30 11:20:11 | INFO | a_stock | reject 301200 score_too_low score=62
2026-04-30 11:20:11 | INFO | a_stock | reject 301392 score_too_low score=69
2026-04-30 11:20:11 | INFO | a_stock | reject 300769 score_too_low score=65
2026-04-30 11:20:13 | INFO | a_stock | reject 605366 score_too_low score=68
2026-04-30 11:20:13 | INFO | a_stock | reject 603315 score_too_low score=63
2026-04-30 11:20:13 | INFO | a_stock | reject 600791 score_too_low score=67
2026-04-30 11:20:14 | INFO | a_stock | reject 688633 score_too_low score=66

扫描报告：
  股票池：35
  成功处理：35
  异常/无信号跳过：16
  信号候选：19
2026-04-30 11:20:14 | INFO | a_stock | 扫描报告：universe=35 processed=35 skipped=16 candidates=19
📌 watchlist 已更新：115 条

======================================================================
📤 企业微信通知 | A股二买交易助手 | TRADE_SCAN | pages=4
======================================================================
----- page 1/4 | chars=1031 | bytes=1805 -----
【A股二买交易助手｜交易信号｜第1/4页】
【观察池刷新】
大盘：强势 | 双指数强势，可正常筛选，优先强势板块
行情快照：2026-04-30 11:20:04 | 实时行情：35/35 成功率:100.00% fresh:35 stale:0
当前无可执行买点，仅展示观察候选；总候选：19 只
展示前 10 只：
1.  301349 | 信德新材
操作:等待确认 / 类型:量能未确认 / 风险:2.80%（低）
信号:观察(observe) / 总分:72 / 趋势:25 回调:25 企稳:21 确认:1
买入:58.47 / 触发:65.50 / 止损:56.83 / 仓位:观察，不急开仓
   目标1:60.93 | 目标2:62.57
   提醒:未突破触发价(no_breakout), 当日表现偏弱(today_pct_weak), 量能未确认(volume_not_confirm), K线质量偏弱(kline_quality_weak)
   备注:建议：等待确认；类型：量能未确认；风险：低；量能未确认。

2.  002635 | 安洁科技
操作:等待确认 / 类型:量能未确认 / 风险:5.91%（偏高）
信号:观察(observe) / 总分:70 / 趋势:25 回调:23 企稳:21 确认:1
买入:16.31 / 触发:17.63 / 止损:15.35 / 仓位:观察，不急开仓
   目标1:17.75 | 目标2:18.72
   提醒:未突破触发价(no_breakout), 当日表现偏弱(today_pct_weak), 量能未确认(volume_not_confirm), K线质量偏弱(kline_quality_weak)
   备注:建议：等待确认；类型：量能未确认；风险：偏高；风险偏高，仅小仓观察。

3.  600732 | 爱旭股份
操作:等待确认 / 类型:量能未确认 / 风险:5.88%（偏高）
信号:观察(observe) / 总分:74 / 趋势:23 回调:25 企稳:18 确认:8
买入:15.17 / 触发:16.54 / 止损:14.28 / 仓位:观察，不急开仓
   目标1:16.51 | 目标2:17.40
   提醒:低点抬高不足(lows_not_rising), 未突破触发价(no_breakout), 量能未确认(volume_not_con
...（日志预览截断，实际按分页推送）
----- page 2/4 | chars=981 | bytes=1857 -----
【A股二买交易助手｜交易信号｜第2/4页】
备注:建议：等待确认；类型：量能未确认；风险：偏高；风险偏高，仅小仓观察。

4.  601088 | 中国神华
操作:等待确认 / 类型:量能未确认 / 风险:7.57%（偏高）
信号:观察(observe) / 总分:73 / 趋势:18 回调:22 企稳:18 确认:15
买入:47.71 / 触发:47.71 / 止损:44.10 / 仓位:观察，不急开仓
   目标1:53.12 | 目标2:56.73
   提醒:波动未明显收敛(volatility_not_contracting), 量能未确认(volume_not_confirm), K线质量偏弱(kline_quality_weak)
   备注:建议：等待确认；类型：量能未确认；风险：偏高；风险偏高，仅小仓观察。

5.  002929 | 润建股份
操作:只观察 / 类型:风险过大，等待回踩 / 风险:8.88%（过高）
信号:观察(observe) / 总分:78 / 趋势:25 回调:18 企稳:21 确认:14
买入:58.56 / 触发:64.64 / 止损:53.36 / 仓位:不建议开仓
   目标:风险过高，暂不作为交易目标参考
   提醒:回调量能偏高(pullback_volume_too_high), 未突破触发价(no_breakout)
   备注:建议：只观察；类型：风险过大，等待回踩；风险：过高；止损远，不适合直接开仓。

6.  000338 | 潍柴动力
操作:只观察 / 类型:风险过大，等待回踩 / 风险:17.55%（过高）
信号:观察(observe) / 总分:75 / 趋势:23 回调:13 企稳:19 确认:20
买入:31.08 / 触发:31.08 / 止损:25.63 / 仓位:不建议开仓
   目标:风险过高，暂不作为交易目标参考
   提醒:回调天数不理想(pullback_days_not_ideal), K线质量偏弱(kline_quality_weak)
   备注:建议：只观察；类型：风险过大，等待回踩；风险：过高；止损远，不适合直接开仓。

7.  300657 | 弘信电子
操作:只观察 / 类
...（日志预览截断，实际按分页推送）
----- page 3/4 | chars=1016 | bytes=1860 -----
【A股二买交易助手｜交易信号｜第3/4页】
信号:观察(observe) / 总分:74 / 趋势:23 回调:22 企稳:21 确认:8
买入:35.96 / 触发:37.79 / 止损:32.04 / 仓位:不建议开仓
   目标:风险过高，暂不作为交易目标参考
   提醒:回调过快(pullback_too_fast), 未突破触发价(no_breakout), K线质量偏弱(kline_quality_weak)
   备注:建议：只观察；类型：风险过大，等待回踩；风险：过高；止损远，不适合直接开仓。

8.  300866 | 安克创新
操作:只观察 / 类型:风险过大，等待回踩 / 风险:13.82%（过高）
信号:观察(observe) / 总分:79 / 趋势:23 回调:18 企稳:18 确认:20
买入:125.73 / 触发:125.73 / 止损:108.36 / 仓位:不建议开仓
   目标:风险过高，暂不作为交易目标参考
   提醒:回调天数不理想(pullback_days_not_ideal), 波动未明显收敛(volatility_not_contracting), K线质量偏弱(kline_quality_weak)
   备注:建议：只观察；类型：风险过大，等待回踩；风险：过高；止损远，不适合直接开仓。

9.  002466 | 天齐锂业
操作:只观察 / 类型:风险过大，等待回踩 / 风险:22.99%（过高）
信号:强观察(strong_observe) / 总分:80 / 趋势:25 回调:18 企稳:15 确认:22
买入:78.26 / 触发:78.26 / 止损:60.27 / 仓位:不建议开仓
   目标:风险过高，暂不作为交易目标参考
   提醒:回调天数不理想(pullback_days_not_ideal), 波动未明显收敛(volatility_not_contracting), 企稳量能偏高(stabilize_volume_high)
   备注:建议：只观察；类型：风险过大，等待回踩；风险：过高；止损远，不适合直接开仓。

10.  002648 | 卫星化学
操作:只观察 / 类型:风险过大，等待回踩 / 风险:14.01%（过高）
信号:观察(ob
...（日志预览截断，实际按分页推送）
----- page 4/4 | chars=190 | bytes=388 -----
【A股二买交易助手｜交易信号｜第4/4页】
买入:29.38 / 触发:29.38 / 止损:25.26 / 仓位:不建议开仓
   目标:风险过高，暂不作为交易目标参考
   提醒:量能未确认(volume_not_confirm), K线质量偏弱(kline_quality_weak)
   备注:建议：只观察；类型：风险过大，等待回踩；风险：过高；止损远，不适合直接开仓。
======================================================================
✅ 企业微信返回 page=1/4 chars=1031 bytes=1805：{'errcode': 0, 'errmsg': 'ok', '_bytes': 1805}
✅ 企业微信返回 page=2/4 chars=981 bytes=1857：{'errcode': 0, 'errmsg': 'ok', '_bytes': 1857}
✅ 企业微信返回 page=3/4 chars=1016 bytes=1860：{'errcode': 0, 'errmsg': 'ok', '_bytes': 1860}
✅ 企业微信返回 page=4/4 chars=190 bytes=388：{'errcode': 0, 'errmsg': 'ok', '_bytes': 388}
[2026-04-30 11:20:24] END COMMAND returncode=0
[2026-04-30 11:20:24] JOB DONE: watchlist_refresh_1120
