
################################################################################
[2026-04-30 10:18:11] JOB START: watchlist_refresh_1030
################################################################################

================================================================================
[2026-04-30 10:18:11] START COMMAND: /Users/liujunying/.pyenv/versions/3.11.1/bin/python run_scan.py --watchlist-refresh --workers 1
[2026-04-30 10:18:11] TIMEOUT: 600
================================================================================
2026-04-30 10:18:12 | INFO | a_stock | 日志初始化完成：run_id=20260430_101812, log_dir=logs, reject_file=logs/rejects_20260430_101812.csv, raw_bad_rows_file=logs/raw_bad_rows_20260430_101812.jsonl
2026-04-30 10:18:12 | INFO | a_stock | run_scan 启动
======================================================================
📈 大盘状态：强势 | 双指数强势，可正常筛选，优先强势板块
上证：2026-04-30 close=4109.22 ma20=4109.22 ma60=4109.22 data=intraday+local_ma
创业板：2026-04-30 close=3676.07 ma20=3676.07 ma60=3676.07 data=intraday+local_ma
======================================================================
2026-04-30 10:18:15 | INFO | a_stock | 使用股票池缓存：1463 只
📌 watchlist_refresh 扫描今日 watchlist：35 只
2026-04-30 10:18:15 | WARNING | a_stock | 板块过滤失败：cannot import name 'filter_universe_by_strong_sector' from 'core.sector' (/Users/liujunying/Downloads/project/my-first/core/sector.py)
⚠️ 板块过滤失败，调试模式跳过板块过滤继续扫描
2026-04-30 10:18:15 | WARNING | a_stock | 周线过滤失败：cannot import name 'filter_by_weekly_trend' from 'core.weekly' (/Users/liujunying/Downloads/project/my-first/core/weekly.py)
⚠️ 周线过滤失败，调试模式跳过周线过滤继续扫描
实时行情刷新结果：请求=35 成功=35 成功率=100.00% fresh=35 stale=0 最新=2026-04-30 10:18:14
2026-04-30 10:18:16 | INFO | a_stock | 实时行情刷新结果：请求=35 成功=35 成功率=100.00% fresh=35 stale=0 最新=2026-04-30 10:18:14

数据覆盖率报告：
  stock_basic：5323
  有效基础股票：5323
  stock_daily 有效缓存股票：1475 (27.71%)
  realtime_quote 覆盖股票：5317
  universe 股票池：1463
开始扫描：35 只，模式=watchlist_refresh ...
2026-04-30 10:18:18 | INFO | a_stock | reject 000155 score_too_low score=63
2026-04-30 10:18:19 | INFO | a_stock | reject 688025 score_too_low score=67
2026-04-30 10:18:20 | INFO | a_stock | reject 002487 score_too_low score=66
2026-04-30 10:18:20 | INFO | a_stock | reject 600641 score_too_low score=68
2026-04-30 10:18:20 | INFO | a_stock | reject 688002 score_too_low score=67
2026-04-30 10:18:21 | INFO | a_stock | reject 301219 score_too_low score=65
2026-04-30 10:18:21 | INFO | a_stock | reject 301200 score_too_low score=62
2026-04-30 10:18:21 | INFO | a_stock | reject 301392 score_too_low score=69
2026-04-30 10:18:21 | INFO | a_stock | reject 300769 score_too_low score=67
2026-04-30 10:18:22 | INFO | a_stock | reject 301626 score_too_low score=69
2026-04-30 10:18:22 | INFO | a_stock | reject 605366 score_too_low score=68
2026-04-30 10:18:23 | INFO | a_stock | reject 603315 score_too_low score=68
2026-04-30 10:18:23 | INFO | a_stock | reject 688633 score_too_low score=67

扫描报告：
  股票池：35
  成功处理：35
  异常/无信号跳过：13
  信号候选：22
2026-04-30 10:18:23 | INFO | a_stock | 扫描报告：universe=35 processed=35 skipped=13 candidates=22
📌 watchlist 已更新：115 条

======================================================================
📤 企业微信通知 | A股二买交易助手 | TRADE_SCAN
======================================================================
【A股二买交易助手｜交易信号】
【观察池刷新】
大盘：强势 | 双指数强势，可正常筛选，优先强势板块
行情快照：2026-04-30 10:18:14 | 实时行情：35/35 成功率:100.00% fresh:35 stale:0
当前无可执行买点，仅展示观察候选；总候选：22 只
展示前 10 只：
----------------------------------------
1.  301349 | 信德新材
   操作:等待确认 | 类型:量能未确认 | 风险:2.74%（低）
   信号:observe | 总分:72 | 趋势:25 回调:25 企稳:21 确认:1
   买入:58.43 | 触发:65.50 | 止损:56.83 | 仓位:观察，不急开仓
   目标1:60.83 | 目标2:62.43
   提醒:no_breakout, today_pct_weak, volume_not_confirm, kline_quality_weak
   备注:操作建议：等待确认；入场类型：量能未确认；风险等级：低；量能未确认，突破有效性不足。

2.  300750 | 宁德时代
   操作:等待确认 | 类型:量能未确认 | 风险:5.40%（偏高）
   信号:observe | 总分:72 | 趋势:23 回调:23 企稳:23 确认:3
   买入:440.37 | 触发:457.64 | 止损:416.60 | 仓位:观察，不急开仓
   目标1:476.03 | 目标2:499.80
   提醒:no_breakout, volume_not_confirm, kline_quality_weak
   备注:操作建议：等待确认；入场类型：量能未确认；风险等级：偏高；风险偏高，只适合小仓位观察。

3.  002635 | 安洁科技
   操作:等待确认 | 类型:量能未确认 | 风险:6.14%（偏高）
   信号:observe | 总分:72 | 趋势:25 回调:23 企稳:21 确认:3
   买入:16.35 | 触发:17.63 | 止损:15.35 | 仓位:观察，不急开仓
   目标1:17.85 | 目标2:18.86
   提醒:no_breakout, volume_not_confirm, kline_quality_weak
   备注:操作建议：等待确认；入场类型：量能未确认；风险等级：偏高；风险偏高，只适合小仓位观察。

4.  600732 | 爱旭股份
   操作:等待确认 | 类型:量能未确认 | 风险:7.16%（偏高）
   信号:observe | 总分:76 | 趋势:23 回调:25 企稳:18 确认:10
   买入:15.38 | 触发:16.54 | 止损:14.28 | 仓位:观察，不急开仓
   目标1:17.03 | 目标2:18.13
   提醒:lows_not_rising, no_breakout, volume_not_confirm
   备注:操作建议：等待确认；入场类型：量能未确认；风险等级：偏高；风险偏高，只适合小仓位观察。

5.  601088 | 中国神华
   操作:等待确认 | 类型:量能未确认 | 风险:7.61%（偏高）
   信号:observe | 总分:73 | 趋势:18 回调:22 企稳:18 确认:15
   买入:47.73 | 触发:47.73 | 止损:44.10 | 仓位:观察，不急开仓
   目标1:53.17 | 目标2:56.80
   提醒:volatility_not_contracting, volume_not_confirm, kline_quality_weak
   备注:操作建议：等待确认；入场类型：量能未确认；风险等级：偏高；风险偏高，只适合小仓位观察。

6.  300866 | 安克创新
   操作:只观察 | 类型:风险过大，等待回踩 | 风险:14.94%（过高）
   信号:strong_observe | 总分:82 | 趋势:23 回调:18 企稳:18 确认:23
   买入:127.39 | 触发:127.39 | 止损:108.36 | 仓位:不建议开仓
   目标:风险过高，暂不作为交易目标参考
   提醒:pullback_days_not_ideal, volatility_not_contracting
   备注:操作建议：只观察；入场类型：风险过大，等待回踩；风险等级：过高；结构止损距离过远，当前不适合直接开仓。

7.  000338 | 潍柴动力
   操作:只观察 | 类型:风险过大，等待回踩 | 风险:18.23%（过高）
   信号:observe | 总分:72 | 趋势:23 回调:13 企稳:19 确认:17
   买入:31.34 | 触发:31.34 | 止损:25.63 | 仓位:不建议开仓
   目标:风险过高，暂不作为交易目标参考
   提醒:pullback_days_not_ideal, kline_quality_weak
   备注:操作建议：只观察；入场类型：风险过大，等待回踩；风险等级：过高；结构止损距离过远，当前不适合直接开仓。

8.  002685 | 华东重机
   操作:只观察 | 类型:风险过大，等待回踩 | 风险:9.30%（过高）
   信号:observe | 总分:77 | 趋势:25 回调:23 企稳:21 确认:8
   买入:8.46 | 触发:8.96 | 止损:7.67 | 仓位:不建议开仓
   目标:风险过高，暂不作为交易目标参考
   提醒:no_breakout, volume_not_confirm
   备注:操作建议：只观察；入场类型：风险过大，等待回踩；风险等级：过高；结构止损距离过远，当前不适合直接开仓。

9.  002648 | 卫星化学
   操作:只观察 | 类型:风险过大，等待回踩 | 风险:14.56%（过高）
   信号:observe | 总分:76 | 趋势:23 回调:23 企稳:16 确认:14
   买入:29.57 | 触发:29.57 | 止损:25.26 | 仓位:不建议开仓
   目标:风险过高，暂不作为交易目标参考
   提醒:volume_not_confirm, kline_quality_weak
   备注:操作建议：只观察；入场类型：风险过大，等待回踩；风险等级：过高；结构止损距离过远，当前不适合直接开仓。

10.  002245 | 蔚蓝锂芯
   操作:只观察 | 类型:风险过大，等待回踩 | 风险:10.57%（过高）
   信号:observe | 总分:75 | 趋势:25 回调:22 企稳:23 确认:5
   买入:20.82 | 触发:21.38 | 止损:18.62 | 仓位:不建议开仓
   目标:风险过高，暂不作为交易目标参考
   提醒:pullback_too_fast, no_breakout, volume_not_confirm, kline_quality_weak
   备注:操作建议：只观察；入场类型：风险过大，等待回踩；风险等级：过高；结构止损距离过远，当前不适合直接开仓。
======================================================================
✅ 企业微信返回：{'errcode': 40058, 'errmsg': 'markdown.content exceed max length 4096. invalid Request Parameter, hint: [1777515507614670232136513], from ip: 114.94.148.34, more info at https://open.work.weixin.qq.com/devtool/query?e=40058'}
[2026-04-30 10:18:27] END COMMAND returncode=0
[2026-04-30 10:18:27] JOB DONE: watchlist_refresh_1030

################################################################################
[2026-04-30 10:30:00] JOB START: watchlist_refresh_1030
################################################################################

================================================================================
[2026-04-30 10:30:00] START COMMAND: /Users/liujunying/.pyenv/versions/3.11.1/bin/python run_scan.py --watchlist-refresh --workers 1
[2026-04-30 10:30:00] TIMEOUT: 600
================================================================================
2026-04-30 10:30:01 | INFO | a_stock | 日志初始化完成：run_id=20260430_103001, log_dir=logs, reject_file=logs/rejects_20260430_103001.csv, raw_bad_rows_file=logs/raw_bad_rows_20260430_103001.jsonl
2026-04-30 10:30:01 | INFO | a_stock | run_scan 启动
======================================================================
📈 大盘状态：强势 | 双指数强势，可正常筛选，优先强势板块
上证：2026-04-30 close=4108.92 ma20=4108.92 ma60=4108.92 data=intraday+local_ma
创业板：2026-04-30 close=3678.53 ma20=3678.53 ma60=3678.53 data=intraday+local_ma
======================================================================
2026-04-30 10:30:03 | INFO | a_stock | 使用股票池缓存：1463 只
📌 watchlist_refresh 扫描今日 watchlist：35 只
2026-04-30 10:30:03 | WARNING | a_stock | 板块过滤失败：cannot import name 'filter_universe_by_strong_sector' from 'core.sector' (/Users/liujunying/Downloads/project/my-first/core/sector.py)
⚠️ 板块过滤失败，调试模式跳过板块过滤继续扫描
2026-04-30 10:30:03 | WARNING | a_stock | 周线过滤失败：cannot import name 'filter_by_weekly_trend' from 'core.weekly' (/Users/liujunying/Downloads/project/my-first/core/weekly.py)
⚠️ 周线过滤失败，调试模式跳过周线过滤继续扫描
实时行情刷新结果：请求=35 成功=35 成功率=100.00% fresh=35 stale=0 最新=2026-04-30 10:30:01
2026-04-30 10:30:03 | INFO | a_stock | 实时行情刷新结果：请求=35 成功=35 成功率=100.00% fresh=35 stale=0 最新=2026-04-30 10:30:01

数据覆盖率报告：
  stock_basic：5323
  有效基础股票：5323
  stock_daily 有效缓存股票：1475 (27.71%)
  realtime_quote 覆盖股票：5317
  universe 股票池：1463
开始扫描：35 只，模式=watchlist_refresh ...
2026-04-30 10:30:03 | INFO | a_stock | reject 300750 score_too_low score=69
2026-04-30 10:30:04 | INFO | a_stock | reject 000155 score_too_low score=69
2026-04-30 10:30:04 | INFO | a_stock | reject 688025 score_too_low score=67
2026-04-30 10:30:04 | INFO | a_stock | reject 002487 score_too_low score=66
2026-04-30 10:30:05 | INFO | a_stock | reject 688002 score_too_low score=67
2026-04-30 10:30:06 | INFO | a_stock | reject 301219 score_too_low score=67
2026-04-30 10:30:06 | INFO | a_stock | reject 301200 score_too_low score=62
2026-04-30 10:30:06 | INFO | a_stock | reject 301392 score_too_low score=69
2026-04-30 10:30:06 | INFO | a_stock | reject 300769 score_too_low score=65
2026-04-30 10:30:07 | INFO | a_stock | reject 605366 score_too_low score=68
2026-04-30 10:30:07 | INFO | a_stock | reject 603315 score_too_low score=68
2026-04-30 10:30:09 | INFO | a_stock | reject 688633 score_too_low score=68

扫描报告：
  股票池：35
  成功处理：35
  异常/无信号跳过：12
  信号候选：23
2026-04-30 10:30:09 | INFO | a_stock | 扫描报告：universe=35 processed=35 skipped=12 candidates=23
📌 watchlist 已更新：115 条

======================================================================
📤 企业微信通知 | A股二买交易助手 | TRADE_SCAN
======================================================================
【A股二买交易助手｜交易信号】
【观察池刷新】
大盘：强势 | 双指数强势，可正常筛选，优先强势板块
行情快照：2026-04-30 10:30:01 | 实时行情：35/35 成功率:100.00% fresh:35 stale:0
当前无可执行买点，仅展示观察候选；总候选：23 只
展示前 10 只：
----------------------------------------
1.  301349 | 信德新材
   操作:等待确认 | 类型:量能未确认 | 风险:2.87%（低）
   信号:observe | 总分:72 | 趋势:25 回调:25 企稳:21 确认:1
   买入:58.51 | 触发:65.50 | 止损:56.83 | 仓位:观察，不急开仓
   目标1:61.03 | 目标2:62.71
   提醒:no_breakout, today_pct_weak, volume_not_confirm, kline_quality_weak
   备注:操作建议：等待确认；入场类型：量能未确认；风险等级：低；量能未确认，突破有效性不足。

2.  002635 | 安洁科技
   操作:等待确认 | 类型:量能未确认 | 风险:6.25%（偏高）
   信号:observe | 总分:72 | 趋势:25 回调:23 企稳:21 确认:3
   买入:16.37 | 触发:17.63 | 止损:15.35 | 仓位:观察，不急开仓
   目标1:17.90 | 目标2:18.93
   提醒:no_breakout, volume_not_confirm, kline_quality_weak
   备注:操作建议：等待确认；入场类型：量能未确认；风险等级：偏高；风险偏高，只适合小仓位观察。

3.  600732 | 爱旭股份
   操作:等待确认 | 类型:量能未确认 | 风险:7.16%（偏高）
   信号:observe | 总分:76 | 趋势:23 回调:25 企稳:18 确认:10
   买入:15.38 | 触发:16.54 | 止损:14.28 | 仓位:观察，不急开仓
   目标1:17.03 | 目标2:18.13
   提醒:lows_not_rising, no_breakout, volume_not_confirm
   备注:操作建议：等待确认；入场类型：量能未确认；风险等级：偏高；风险偏高，只适合小仓位观察。

4.  601088 | 中国神华
   操作:等待确认 | 类型:量能未确认 | 风险:7.51%（偏高）
   信号:observe | 总分:73 | 趋势:18 回调:22 企稳:18 确认:15
   买入:47.68 | 触发:47.68 | 止损:44.10 | 仓位:观察，不急开仓
   目标1:53.05 | 目标2:56.63
   提醒:volatility_not_contracting, volume_not_confirm, kline_quality_weak
   备注:操作建议：等待确认；入场类型：量能未确认；风险等级：偏高；风险偏高，只适合小仓位观察。

5.  002929 | 润建股份
   操作:只观察 | 类型:风险过大，等待回踩 | 风险:9.27%（过高）
   信号:observe | 总分:76 | 趋势:25 回调:18 企稳:21 确认:12
   买入:58.81 | 触发:64.64 | 止损:53.36 | 仓位:不建议开仓
   目标:风险过高，暂不作为交易目标参考
   提醒:pullback_volume_too_high, no_breakout
   备注:操作建议：只观察；入场类型：风险过大，等待回踩；风险等级：过高；结构止损距离过远，当前不适合直接开仓。

6.  000338 | 潍柴动力
   操作:只观察 | 类型:风险过大，等待回踩 | 风险:17.62%（过高）
   信号:observe | 总分:73 | 趋势:23 回调:13 企稳:19 确认:18
   买入:31.11 | 触发:31.11 | 止损:25.63 | 仓位:不建议开仓
   目标:风险过高，暂不作为交易目标参考
   提醒:pullback_days_not_ideal, kline_quality_weak
   备注:操作建议：只观察；入场类型：风险过大，等待回踩；风险等级：过高；结构止损距离过远，当前不适合直接开仓。

7.  300866 | 安克创新
   操作:只观察 | 类型:风险过大，等待回踩 | 风险:14.99%（过高）
   信号:strong_observe | 总分:82 | 趋势:23 回调:18 企稳:18 确认:23
   买入:127.47 | 触发:127.47 | 止损:108.36 | 仓位:不建议开仓
   目标:风险过高，暂不作为交易目标参考
   提醒:pullback_days_not_ideal, volatility_not_contracting
   备注:操作建议：只观察；入场类型：风险过大，等待回踩；风险等级：过高；结构止损距离过远，当前不适合直接开仓。

8.  002648 | 卫星化学
   操作:只观察 | 类型:风险过大，等待回踩 | 风险:14.62%（过高）
   信号:observe | 总分:76 | 趋势:23 回调:23 企稳:16 确认:14
   买入:29.59 | 触发:29.59 | 止损:25.26 | 仓位:不建议开仓
   目标:风险过高，暂不作为交易目标参考
   提醒:volume_not_confirm, kline_quality_weak
   备注:操作建议：只观察；入场类型：风险过大，等待回踩；风险等级：过高；结构止损距离过远，当前不适合直接开仓。

9.  002245 | 蔚蓝锂芯
   操作:只观察 | 类型:风险过大，等待回踩 | 风险:10.35%（过高）
   信号:observe | 总分:75 | 趋势:25 回调:22 企稳:23 确认:5
   买入:20.77 | 触发:21.38 | 止损:18.62 | 仓位:不建议开仓
   目标:风险过高，暂不作为交易目标参考
   提醒:pullback_too_fast, no_breakout, volume_not_confirm, kline_quality_weak
   备注:操作建议：只观察；入场类型：风险过大，等待回踩；风险等级：过高；结构止损距离过远，当前不适合直接开仓。

10.  002685 | 华东重机
   操作:只观察 | 类型:风险过大，等待回踩 | 风险:9.08%（过高）
   信号:observe | 总分:74 | 趋势:25 回调:23 企稳:21 确认:5
   买入:8.44 | 触发:8.96 | 止损:7.67 | 仓位:不建议开仓
   目标:风险过高，暂不作为交易目标参考
   提醒:no_breakout, volume_not_confirm, kline_quality_weak
   备注:操作建议：只观察；入场类型：风险过大，等待回踩；风险等级：过高；结构止损距离过远，当前不适合直接开仓。
======================================================================
✅ 企业微信返回：{'errcode': 40058, 'errmsg': 'markdown.content exceed max length 4096. invalid Request Parameter, hint: [1777516211351090332362022], from ip: 114.94.148.34, more info at https://open.work.weixin.qq.com/devtool/query?e=40058'}
[2026-04-30 10:30:12] END COMMAND returncode=0
[2026-04-30 10:30:12] JOB DONE: watchlist_refresh_1030

################################################################################
[2026-04-30 10:48:23] JOB START: watchlist_refresh_1030
################################################################################

================================================================================
[2026-04-30 10:48:23] START COMMAND: /Users/liujunying/.pyenv/versions/3.11.1/bin/python run_scan.py --watchlist-refresh --workers 1
[2026-04-30 10:48:23] TIMEOUT: 600
================================================================================
2026-04-30 10:48:25 | INFO | a_stock | 日志初始化完成：run_id=20260430_104825, log_dir=logs, reject_file=logs/rejects_20260430_104825.csv, raw_bad_rows_file=logs/raw_bad_rows_20260430_104825.jsonl
2026-04-30 10:48:25 | INFO | a_stock | run_scan 启动
======================================================================
📈 大盘状态：强势 | 双指数强势，可正常筛选，优先强势板块
上证：2026-04-30 close=4105.64 ma20=4105.64 ma60=4105.64 data=intraday+local_ma
创业板：2026-04-30 close=3671.08 ma20=3671.08 ma60=3671.08 data=intraday+local_ma
======================================================================
2026-04-30 10:48:27 | INFO | a_stock | 使用股票池缓存：1463 只
📌 watchlist_refresh 扫描今日 watchlist：35 只
2026-04-30 10:48:28 | WARNING | a_stock | 板块过滤失败：cannot import name 'filter_universe_by_strong_sector' from 'core.sector' (/Users/liujunying/Downloads/project/my-first/core/sector.py)
⚠️ 板块过滤失败，调试模式跳过板块过滤继续扫描
2026-04-30 10:48:28 | WARNING | a_stock | 周线过滤失败：cannot import name 'filter_by_weekly_trend' from 'core.weekly' (/Users/liujunying/Downloads/project/my-first/core/weekly.py)
⚠️ 周线过滤失败，调试模式跳过周线过滤继续扫描
实时行情刷新结果：请求=35 成功=35 成功率=100.00% fresh=35 stale=0 最新=2026-04-30 10:48:27
2026-04-30 10:48:28 | INFO | a_stock | 实时行情刷新结果：请求=35 成功=35 成功率=100.00% fresh=35 stale=0 最新=2026-04-30 10:48:27

数据覆盖率报告：
  stock_basic：5323
  有效基础股票：5323
  stock_daily 有效缓存股票：1475 (27.71%)
  realtime_quote 覆盖股票：5317
  universe 股票池：1463
开始扫描：35 只，模式=watchlist_refresh ...
2026-04-30 10:48:28 | INFO | a_stock | reject 300750 score_too_low score=69
2026-04-30 10:48:29 | INFO | a_stock | reject 300054 score_too_low score=69
2026-04-30 10:48:30 | INFO | a_stock | reject 000155 score_too_low score=69
2026-04-30 10:48:31 | INFO | a_stock | reject 688025 score_too_low score=65
2026-04-30 10:48:33 | INFO | a_stock | reject 002487 score_too_low score=66
2026-04-30 10:48:34 | INFO | a_stock | reject 002213 score_too_low score=68
2026-04-30 10:48:34 | INFO | a_stock | reject 688002 score_too_low score=68
2026-04-30 10:48:34 | INFO | a_stock | reject 301219 score_too_low score=67
2026-04-30 10:48:34 | INFO | a_stock | reject 301200 score_too_low score=62
2026-04-30 10:48:35 | INFO | a_stock | reject 301392 score_too_low score=69
2026-04-30 10:48:35 | INFO | a_stock | reject 300769 score_too_low score=65
2026-04-30 10:48:36 | INFO | a_stock | reject 605366 score_too_low score=66
2026-04-30 10:48:37 | INFO | a_stock | reject 603315 score_too_low score=68
2026-04-30 10:48:38 | INFO | a_stock | reject 688633 score_too_low score=68

扫描报告：
  股票池：35
  成功处理：35
  异常/无信号跳过：14
  信号候选：21
2026-04-30 10:48:38 | INFO | a_stock | 扫描报告：universe=35 processed=35 skipped=14 candidates=21
📌 watchlist 已更新：115 条

======================================================================
📤 企业微信通知 | A股二买交易助手 | TRADE_SCAN | pages=2
======================================================================
----- page 1/2 | chars=2860 -----
【A股二买交易助手｜交易信号｜第1/2页】
【观察池刷新】
大盘：强势 | 双指数强势，可正常筛选，优先强势板块
行情快照：2026-04-30 10:48:27 | 实时行情：35/35 成功率:100.00% fresh:35 stale:0
当前无可执行买点，仅展示观察候选；总候选：21 只
展示前 10 只：
1.  002635 | 安洁科技
操作:等待确认 / 类型:量能未确认 / 风险:5.96%（偏高）
信号:observe / 总分:70 / 趋势:25 回调:23 企稳:21 确认:1
买入:16.32 / 触发:17.63 / 止损:15.35 / 仓位:观察，不急开仓
   目标1:17.78 | 目标2:18.75
   提醒:no_breakout, today_pct_weak, volume_not_confirm, kline_quality_weak
   备注:操作建议：等待确认；入场类型：量能未确认；风险等级：偏高；风险偏高，只适合小仓位观察。

2.  600732 | 爱旭股份
操作:等待确认 / 类型:量能未确认 / 风险:6.31%（偏高）
信号:observe / 总分:76 / 趋势:23 回调:25 企稳:18 确认:10
买入:15.24 / 触发:16.54 / 止损:14.28 / 仓位:观察，不急开仓
   目标1:16.68 | 目标2:17.64
   提醒:lows_not_rising, no_breakout, volume_not_confirm
   备注:操作建议：等待确认；入场类型：量能未确认；风险等级：偏高；风险偏高，只适合小仓位观察。

3.  601088 | 中国神华
操作:等待确认 / 类型:量能未确认 / 风险:7.78%（偏高）
信号:observe / 总分:73 / 趋势:18 回调:22 企稳:18 确认:15
买入:47.82 / 触发:47.82 / 止损:44.10 / 仓位:观察，不急开仓
   目标1:53.40 | 目标2:57.12
   提醒:volatility_not_contracting, volume_not_confirm, kline_quality_weak
   备注:操作建议：等待确认；入场类型：量能未确认；风险等级：偏高；风险偏高，只适合小仓位观察。

4.  002929 | 润建股份
操作:只观察 / 类型:风险过大，等待回踩 / 风险:9.06%（过高）
信号:observe / 总分:76 / 趋势:25 回调:18 企稳:21 确认:12
买入:58.68 / 触发:64.64 / 止损:53.36 / 仓位:不建议开仓
   目标:风险过高，暂不作为交易目标参考
   提醒:pullback_volume_too_high, no_breakout
   备注:操作建议：只观察；入场类型：风险过大，等待回踩；风险等级：过高；结构止损距离过远，当前不适合直接开仓。

5.  000338 | 潍柴动力
操作:只观察 / 类型:风险过大，等待回踩 / 风险:17.33%（过高）
信号:observe / 总分:73 / 趋势:23 回调:13 企稳:19 确认:18
买入:31.00 / 触发:31.00 / 止损:25.63 / 仓位:不建议开仓
   目标:风险过高，暂不作为交易目标参考
   提醒:pullback_days_not_ideal, kline_quality_weak
   备注:
...（日志预览截断，实际按分页推送）
----- page 2/2 | chars=153 -----
【A股二买交易助手｜交易信号｜第2/2页】
提醒:pullback_too_fast, no_breakout, volume_not_confirm, kline_quality_weak
   备注:操作建议：只观察；入场类型：风险过大，等待回踩；风险等级：过高；结构止损距离过远，当前不适合直接开仓。
======================================================================
⚠️ 企业微信 markdown 返回异常 page=1/2 chars=2860：{'errcode': 40058, 'errmsg': 'markdown.content exceed max length 4096. invalid Request Parameter, hint: [1777517322404101912150905], from ip: 114.94.148.34, more info at https://open.work.weixin.qq.com/devtool/query?e=40058'}
✅ 企业微信返回 page=1/2 chars=2860：{'markdown_result': {'errcode': 40058, 'errmsg': 'markdown.content exceed max length 4096. invalid Request Parameter, hint: [1777517322404101912150905], from ip: 114.94.148.34, more info at https://open.work.weixin.qq.com/devtool/query?e=40058'}, 'text_fallback_result': {'errcode': 0, 'errmsg': 'ok'}}
✅ 企业微信返回 page=2/2 chars=153：{'errcode': 0, 'errmsg': 'ok'}
[2026-04-30 10:48:45] END COMMAND returncode=0
[2026-04-30 10:48:45] JOB DONE: watchlist_refresh_1030

################################################################################
[2026-04-30 11:08:18] JOB START: watchlist_refresh_1030
################################################################################

================================================================================
[2026-04-30 11:08:18] START COMMAND: /Users/liujunying/.pyenv/versions/3.11.1/bin/python run_scan.py --watchlist-refresh --workers 1
[2026-04-30 11:08:18] TIMEOUT: 600
================================================================================
2026-04-30 11:08:20 | INFO | a_stock | 日志初始化完成：run_id=20260430_110820, log_dir=logs, reject_file=logs/rejects_20260430_110820.csv, raw_bad_rows_file=logs/raw_bad_rows_20260430_110820.jsonl
2026-04-30 11:08:20 | INFO | a_stock | run_scan 启动
======================================================================
📈 大盘状态：震荡 | 指数分化，只做最强板块，仓位减半
上证：2026-04-30 close=4104.22 ma20=4104.22 ma60=4104.22 data=intraday+local_ma
创业板：2026-04-30 close=3663.56 ma20=3663.56 ma60=3663.56 data=intraday+local_ma
======================================================================
2026-04-30 11:08:22 | INFO | a_stock | 使用股票池缓存：1463 只
📌 watchlist_refresh 扫描今日 watchlist：35 只
2026-04-30 11:08:22 | WARNING | a_stock | 板块过滤失败：cannot import name 'filter_universe_by_strong_sector' from 'core.sector' (/Users/liujunying/Downloads/project/my-first/core/sector.py)
⚠️ 板块过滤失败，调试模式跳过板块过滤继续扫描
2026-04-30 11:08:22 | WARNING | a_stock | 周线过滤失败：cannot import name 'filter_by_weekly_trend' from 'core.weekly' (/Users/liujunying/Downloads/project/my-first/core/weekly.py)
⚠️ 周线过滤失败，调试模式跳过周线过滤继续扫描
实时行情刷新结果：请求=35 成功=35 成功率=100.00% fresh=35 stale=0 最新=2026-04-30 11:08:21
2026-04-30 11:08:23 | INFO | a_stock | 实时行情刷新结果：请求=35 成功=35 成功率=100.00% fresh=35 stale=0 最新=2026-04-30 11:08:21

数据覆盖率报告：
  stock_basic：5323
  有效基础股票：5323
  stock_daily 有效缓存股票：1475 (27.71%)
  realtime_quote 覆盖股票：5317
  universe 股票池：1463
开始扫描：35 只，模式=watchlist_refresh ...
2026-04-30 11:08:23 | INFO | a_stock | reject 300750 score_too_low score=67
2026-04-30 11:08:24 | INFO | a_stock | reject 300054 score_too_low score=69
2026-04-30 11:08:24 | INFO | a_stock | reject 000155 score_too_low score=69
2026-04-30 11:08:24 | INFO | a_stock | reject 688025 score_too_low score=65
2026-04-30 11:08:25 | INFO | a_stock | reject 002487 score_too_low score=66
2026-04-30 11:08:25 | INFO | a_stock | reject 600641 score_too_low score=66
2026-04-30 11:08:25 | INFO | a_stock | reject 002213 score_too_low score=68
2026-04-30 11:08:26 | INFO | a_stock | reject 688002 score_too_low score=67
2026-04-30 11:08:26 | INFO | a_stock | reject 301219 score_too_low score=68
2026-04-30 11:08:26 | INFO | a_stock | reject 301200 score_too_low score=62
2026-04-30 11:08:26 | INFO | a_stock | reject 301392 score_too_low score=69
2026-04-30 11:08:26 | INFO | a_stock | reject 300769 score_too_low score=65
2026-04-30 11:08:27 | INFO | a_stock | reject 605366 score_too_low score=68
2026-04-30 11:08:28 | INFO | a_stock | reject 603315 score_too_low score=63
2026-04-30 11:08:29 | INFO | a_stock | reject 688633 score_too_low score=66

扫描报告：
  股票池：35
  成功处理：35
  异常/无信号跳过：15
  信号候选：20
2026-04-30 11:08:29 | INFO | a_stock | 扫描报告：universe=35 processed=35 skipped=15 candidates=20
📌 watchlist 已更新：115 条

======================================================================
📤 企业微信通知 | A股二买交易助手 | TRADE_SCAN | pages=2
======================================================================
----- page 1/2 | chars=2867 -----
【A股二买交易助手｜交易信号｜第1/2页】
【观察池刷新】
大盘：震荡 | 指数分化，只做最强板块，仓位减半
行情快照：2026-04-30 11:08:21 | 实时行情：35/35 成功率:100.00% fresh:35 stale:0
当前无可执行买点，仅展示观察候选；总候选：20 只
展示前 10 只：
1.  002635 | 安洁科技
操作:等待确认 / 类型:量能未确认 / 风险:5.96%（偏高）
信号:observe / 总分:70 / 趋势:25 回调:23 企稳:21 确认:1
买入:16.32 / 触发:17.63 / 止损:15.35 / 仓位:观察，不急开仓
   目标1:17.78 | 目标2:18.75
   提醒:no_breakout, today_pct_weak, volume_not_confirm, kline_quality_weak
   备注:操作建议：等待确认；入场类型：量能未确认；风险等级：偏高；风险偏高，只适合小仓位观察。

2.  600732 | 爱旭股份
操作:等待确认 / 类型:量能未确认 / 风险:6.06%（偏高）
信号:observe / 总分:74 / 趋势:23 回调:25 企稳:18 确认:8
买入:15.20 / 触发:16.54 / 止损:14.28 / 仓位:观察，不急开仓
   目标1:16.58 | 目标2:17.50
   提醒:lows_not_rising, no_breakout, volume_not_confirm
   备注:操作建议：等待确认；入场类型：量能未确认；风险等级：偏高；风险偏高，只适合小仓位观察。

3.  601088 | 中国神华
操作:等待确认 / 类型:量能未确认 / 风险:7.55%（偏高）
信号:observe / 总分:73 / 趋势:18 回调:22 企稳:18 确认:15
买入:47.70 / 触发:47.70 / 止损:44.10 / 仓位:观察，不急开仓
   目标1:53.10 | 目标2:56.70
   提醒:volatility_not_contracting, volume_not_confirm, kline_quality_weak
   备注:操作建议：等待确认；入场类型：量能未确认；风险等级：偏高；风险偏高，只适合小仓位观察。

4.  002929 | 润建股份
操作:只观察 / 类型:风险过大，等待回踩 / 风险:9.10%（过高）
信号:observe / 总分:78 / 趋势:25 回调:18 企稳:21 确认:14
买入:58.70 / 触发:64.64 / 止损:53.36 / 仓位:不建议开仓
   目标:风险过高，暂不作为交易目标参考
   提醒:pullback_volume_too_high, no_breakout
   备注:操作建议：只观察；入场类型：风险过大，等待回踩；风险等级：过高；结构止损距离过远，当前不适合直接开仓。

5.  000338 | 潍柴动力
操作:只观察 / 类型:风险过大，等待回踩 / 风险:17.15%（过高）
信号:observe / 总分:75 / 趋势:23 回调:13 企稳:19 确认:20
买入:30.93 / 触发:30.93 / 止损:25.63 / 仓位:不建议开仓
   目标:风险过高，暂不作为交易目标参考
   提醒:pullback_days_not_ideal, kline_quality_weak
   备注:操作建
...（日志预览截断，实际按分页推送）
----- page 2/2 | chars=153 -----
【A股二买交易助手｜交易信号｜第2/2页】
提醒:pullback_too_fast, no_breakout, volume_not_confirm, kline_quality_weak
   备注:操作建议：只观察；入场类型：风险过大，等待回踩；风险等级：过高；结构止损距离过远，当前不适合直接开仓。
======================================================================
⚠️ 企业微信 markdown 返回异常 page=1/2 chars=2867：{'errcode': 40058, 'errmsg': 'markdown.content exceed max length 4096. invalid Request Parameter, hint: [1777518511396423407603197], from ip: 114.94.148.34, more info at https://open.work.weixin.qq.com/devtool/query?e=40058'}
✅ 企业微信返回 page=1/2 chars=2867：{'markdown_result': {'errcode': 40058, 'errmsg': 'markdown.content exceed max length 4096. invalid Request Parameter, hint: [1777518511396423407603197], from ip: 114.94.148.34, more info at https://open.work.weixin.qq.com/devtool/query?e=40058'}, 'text_fallback_result': {'errcode': 0, 'errmsg': 'ok'}}
✅ 企业微信返回 page=2/2 chars=153：{'errcode': 0, 'errmsg': 'ok'}
[2026-04-30 11:08:34] END COMMAND returncode=0
[2026-04-30 11:08:34] JOB DONE: watchlist_refresh_1030

################################################################################
[2026-04-30 11:18:16] JOB START: watchlist_refresh_1030
################################################################################

================================================================================
[2026-04-30 11:18:16] START COMMAND: /Users/liujunying/.pyenv/versions/3.11.1/bin/python run_scan.py --watchlist-refresh --workers 1
[2026-04-30 11:18:16] TIMEOUT: 600
================================================================================
2026-04-30 11:18:17 | INFO | a_stock | 日志初始化完成：run_id=20260430_111817, log_dir=logs, reject_file=logs/rejects_20260430_111817.csv, raw_bad_rows_file=logs/raw_bad_rows_20260430_111817.jsonl
2026-04-30 11:18:17 | INFO | a_stock | run_scan 启动
======================================================================
📈 大盘状态：强势 | 双指数强势，可正常筛选，优先强势板块
上证：2026-04-30 close=4109.77 ma20=4109.77 ma60=4109.77 data=intraday+local_ma
创业板：2026-04-30 close=3679.57 ma20=3679.57 ma60=3679.57 data=intraday+local_ma
======================================================================
2026-04-30 11:18:19 | INFO | a_stock | 使用股票池缓存：1463 只
📌 watchlist_refresh 扫描今日 watchlist：35 只
2026-04-30 11:18:19 | WARNING | a_stock | 板块过滤失败：cannot import name 'filter_universe_by_strong_sector' from 'core.sector' (/Users/liujunying/Downloads/project/my-first/core/sector.py)
⚠️ 板块过滤失败，调试模式跳过板块过滤继续扫描
2026-04-30 11:18:19 | WARNING | a_stock | 周线过滤失败：cannot import name 'filter_by_weekly_trend' from 'core.weekly' (/Users/liujunying/Downloads/project/my-first/core/weekly.py)
⚠️ 周线过滤失败，调试模式跳过周线过滤继续扫描
实时行情刷新结果：请求=35 成功=35 成功率=100.00% fresh=35 stale=0 最新=2026-04-30 11:18:18
2026-04-30 11:18:20 | INFO | a_stock | 实时行情刷新结果：请求=35 成功=35 成功率=100.00% fresh=35 stale=0 最新=2026-04-30 11:18:18

数据覆盖率报告：
  stock_basic：5323
  有效基础股票：5323
  stock_daily 有效缓存股票：1475 (27.71%)
  realtime_quote 覆盖股票：5317
  universe 股票池：1463
开始扫描：35 只，模式=watchlist_refresh ...
2026-04-30 11:18:20 | INFO | a_stock | reject 300750 score_too_low score=69
2026-04-30 11:18:21 | INFO | a_stock | reject 300054 score_too_low score=69
2026-04-30 11:18:21 | INFO | a_stock | reject 000155 score_too_low score=66
2026-04-30 11:18:21 | INFO | a_stock | reject 688025 score_too_low score=65
2026-04-30 11:18:22 | INFO | a_stock | reject 002487 score_too_low score=66
2026-04-30 11:18:22 | INFO | a_stock | reject 600641 score_too_low score=68
2026-04-30 11:18:22 | INFO | a_stock | reject 002213 score_too_low score=68
2026-04-30 11:18:23 | INFO | a_stock | reject 688002 score_too_low score=67
2026-04-30 11:18:23 | INFO | a_stock | reject 301219 score_too_low score=67
2026-04-30 11:18:23 | INFO | a_stock | reject 301200 score_too_low score=62
2026-04-30 11:18:23 | INFO | a_stock | reject 301392 score_too_low score=69
2026-04-30 11:18:23 | INFO | a_stock | reject 300769 score_too_low score=65
2026-04-30 11:18:24 | INFO | a_stock | reject 605366 score_too_low score=68
2026-04-30 11:18:25 | INFO | a_stock | reject 603315 score_too_low score=63
2026-04-30 11:18:25 | INFO | a_stock | reject 600791 score_too_low score=67
2026-04-30 11:18:25 | INFO | a_stock | reject 688633 score_too_low score=66

扫描报告：
  股票池：35
  成功处理：35
  异常/无信号跳过：16
  信号候选：19
2026-04-30 11:18:25 | INFO | a_stock | 扫描报告：universe=35 processed=35 skipped=16 candidates=19
📌 watchlist 已更新：115 条

======================================================================
📤 企业微信通知 | A股二买交易助手 | TRADE_SCAN | pages=4
======================================================================
----- page 1/4 | chars=1007 | bytes=1769 -----
【A股二买交易助手｜交易信号｜第1/4页】
【观察池刷新】
大盘：强势 | 双指数强势，可正常筛选，优先强势板块
行情快照：2026-04-30 11:18:18 | 实时行情：35/35 成功率:100.00% fresh:35 stale:0
当前无可执行买点，仅展示观察候选；总候选：19 只
展示前 10 只：
1.  301349 | 信德新材
操作:等待确认 / 类型:量能未确认 / 风险:2.89%（低）
信号:观察(observe) / 总分:72 / 趋势:25 回调:25 企稳:21 确认:1
买入:58.52 / 触发:65.50 / 止损:56.83 / 仓位:观察，不急开仓
   目标1:61.05 | 目标2:62.74
   提醒:未突破触发价(no_breakout), 当日表现偏弱(today_pct_weak), 量能未确认(volume_not_confirm), K线质量偏弱(kline_quality_weak)
   备注:建议：等待确认；类型：量能未确认；风险：低；量能未确认。

2.  002635 | 安洁科技
操作:等待确认 / 类型:量能未确认 / 风险:6.08%（偏高）
信号:观察(observe) / 总分:72 / 趋势:25 回调:23 企稳:21 确认:3
买入:16.34 / 触发:17.63 / 止损:15.35 / 仓位:观察，不急开仓
   目标1:17.83 | 目标2:18.82
   提醒:未突破触发价(no_breakout), 量能未确认(volume_not_confirm), K线质量偏弱(kline_quality_weak)
   备注:建议：等待确认；类型：量能未确认；风险：偏高；风险偏高，仅小仓观察。

3.  600732 | 爱旭股份
操作:等待确认 / 类型:量能未确认 / 风险:5.94%（偏高）
信号:观察(observe) / 总分:74 / 趋势:23 回调:25 企稳:18 确认:8
买入:15.18 / 触发:16.54 / 止损:14.28 / 仓位:观察，不急开仓
   目标1:16.53 | 目标2:17.43
   提醒:低点抬高不足(lows_not_rising), 未突破触发价(no_breakout), 量能未确认(volume_not_confirm)
----- page 2/4 | chars=981 | bytes=1857 -----
【A股二买交易助手｜交易信号｜第2/4页】
备注:建议：等待确认；类型：量能未确认；风险：偏高；风险偏高，仅小仓观察。

4.  601088 | 中国神华
操作:等待确认 / 类型:量能未确认 / 风险:7.55%（偏高）
信号:观察(observe) / 总分:73 / 趋势:18 回调:22 企稳:18 确认:15
买入:47.70 / 触发:47.70 / 止损:44.10 / 仓位:观察，不急开仓
   目标1:53.10 | 目标2:56.70
   提醒:波动未明显收敛(volatility_not_contracting), 量能未确认(volume_not_confirm), K线质量偏弱(kline_quality_weak)
   备注:建议：等待确认；类型：量能未确认；风险：偏高；风险偏高，仅小仓观察。

5.  002929 | 润建股份
操作:只观察 / 类型:风险过大，等待回踩 / 风险:9.14%（过高）
信号:观察(observe) / 总分:78 / 趋势:25 回调:18 企稳:21 确认:14
买入:58.73 / 触发:64.64 / 止损:53.36 / 仓位:不建议开仓
   目标:风险过高，暂不作为交易目标参考
   提醒:回调量能偏高(pullback_volume_too_high), 未突破触发价(no_breakout)
   备注:建议：只观察；类型：风险过大，等待回踩；风险：过高；止损远，不适合直接开仓。

6.  000338 | 潍柴动力
操作:只观察 / 类型:风险过大，等待回踩 / 风险:17.55%（过高）
信号:观察(observe) / 总分:75 / 趋势:23 回调:13 企稳:19 确认:20
买入:31.08 / 触发:31.08 / 止损:25.63 / 仓位:不建议开仓
   目标:风险过高，暂不作为交易目标参考
   提醒:回调天数不理想(pullback_days_not_ideal), K线质量偏弱(kline_quality_weak)
   备注:建议：只观察；类型：风险过大，等待回踩；风险：过高；止损远，不适合直接开仓。

7.  300657 | 弘信电子
操作:只观察 / 类
...（日志预览截断，实际按分页推送）
----- page 3/4 | chars=1016 | bytes=1860 -----
【A股二买交易助手｜交易信号｜第3/4页】
信号:观察(observe) / 总分:74 / 趋势:23 回调:22 企稳:21 确认:8
买入:36.02 / 触发:37.79 / 止损:32.04 / 仓位:不建议开仓
   目标:风险过高，暂不作为交易目标参考
   提醒:回调过快(pullback_too_fast), 未突破触发价(no_breakout), K线质量偏弱(kline_quality_weak)
   备注:建议：只观察；类型：风险过大，等待回踩；风险：过高；止损远，不适合直接开仓。

8.  300866 | 安克创新
操作:只观察 / 类型:风险过大，等待回踩 / 风险:13.84%（过高）
信号:观察(observe) / 总分:79 / 趋势:23 回调:18 企稳:18 确认:20
买入:125.77 / 触发:125.77 / 止损:108.36 / 仓位:不建议开仓
   目标:风险过高，暂不作为交易目标参考
   提醒:回调天数不理想(pullback_days_not_ideal), 波动未明显收敛(volatility_not_contracting), K线质量偏弱(kline_quality_weak)
   备注:建议：只观察；类型：风险过大，等待回踩；风险：过高；止损远，不适合直接开仓。

9.  002466 | 天齐锂业
操作:只观察 / 类型:风险过大，等待回踩 / 风险:23.20%（过高）
信号:强观察(strong_observe) / 总分:80 / 趋势:25 回调:18 企稳:15 确认:22
买入:78.48 / 触发:78.48 / 止损:60.27 / 仓位:不建议开仓
   目标:风险过高，暂不作为交易目标参考
   提醒:回调天数不理想(pullback_days_not_ideal), 波动未明显收敛(volatility_not_contracting), 企稳量能偏高(stabilize_volume_high)
   备注:建议：只观察；类型：风险过大，等待回踩；风险：过高；止损远，不适合直接开仓。

10.  002648 | 卫星化学
操作:只观察 / 类型:风险过大，等待回踩 / 风险:14.04%（过高）
信号:观察(ob
...（日志预览截断，实际按分页推送）
----- page 4/4 | chars=190 | bytes=388 -----
【A股二买交易助手｜交易信号｜第4/4页】
买入:29.39 / 触发:29.39 / 止损:25.26 / 仓位:不建议开仓
   目标:风险过高，暂不作为交易目标参考
   提醒:量能未确认(volume_not_confirm), K线质量偏弱(kline_quality_weak)
   备注:建议：只观察；类型：风险过大，等待回踩；风险：过高；止损远，不适合直接开仓。
======================================================================
✅ 企业微信返回 page=1/4 chars=1007 bytes=1769：{'errcode': 0, 'errmsg': 'ok', '_bytes': 1769}
✅ 企业微信返回 page=2/4 chars=981 bytes=1857：{'errcode': 0, 'errmsg': 'ok', '_bytes': 1857}
✅ 企业微信返回 page=3/4 chars=1016 bytes=1860：{'errcode': 0, 'errmsg': 'ok', '_bytes': 1860}
✅ 企业微信返回 page=4/4 chars=190 bytes=388：{'errcode': 0, 'errmsg': 'ok', '_bytes': 388}
[2026-04-30 11:18:35] END COMMAND returncode=0
[2026-04-30 11:18:35] JOB DONE: watchlist_refresh_1030
