
################################################################################
[2026-04-30 10:42:11] JOB START: daily_report
################################################################################

================================================================================
[2026-04-30 10:42:11] START COMMAND: /Users/liujunying/.pyenv/versions/3.11.1/bin/python run_scan.py --daily-report
[2026-04-30 10:42:11] TIMEOUT: 600
================================================================================
2026-04-30 10:42:12 | INFO | a_stock | 日志初始化完成：run_id=20260430_104212, log_dir=logs, reject_file=logs/rejects_20260430_104212.csv, raw_bad_rows_file=logs/raw_bad_rows_20260430_104212.jsonl
2026-04-30 10:42:12 | INFO | a_stock | run_scan 启动
# A股交易日报 - 2026-04-30

## 一、观察池概况
- 观察池总数：115

### 状态分布
- high_risk：104
- waiting：11

### 观察池 Top 10
- 300866  | 状态:high_risk | 操作:只观察 | 分数:82.0 | 风险:14.99% | 触发:127.47 | 止损:108.36
- 688183  | 状态:high_risk | 操作:只观察 | 分数:81.0 | 风险:16.93% | 触发:120.7 | 止损:100.26
- 301358  | 状态:high_risk | 操作:只观察 | 分数:81.0 | 风险:21.69% | 触发:100.06 | 止损:78.36
- 605589  | 状态:high_risk | 操作:只观察 | 分数:79.0 | 风险:11.85% | 触发:39.7 | 止损:35.0
- 603399  | 状态:high_risk | 操作:只观察 | 分数:79.0 | 风险:33.18% | 触发:17.63 | 止损:11.78
- 000762  | 状态:high_risk | 操作:只观察 | 分数:79.0 | 风险:15.68% | 触发:39.18 | 止损:32.8
- 002008  | 状态:high_risk | 操作:只观察 | 分数:78.0 | 风险:30.08% | 触发:109.06 | 止损:76.25
- 600186  | 状态:high_risk | 操作:只观察 | 分数:78.0 | 风险:29.5% | 触发:9.87 | 止损:6.96
- 688536  | 状态:high_risk | 操作:只观察 | 分数:78.0 | 风险:20.58% | 触发:231.37 | 止损:183.76
- 002080  | 状态:high_risk | 操作:只观察 | 分数:78.0 | 风险:17.79% | 触发:56.9 | 止损:46.78

## 二、明日交易计划
当前没有风险合适的明日交易计划。

## 三、执行提醒
- observe 只代表观察候选，不代表买入。
- tail_confirm 才接近交易确认。
- 风险超过 8% 的候选不作为可执行计划。
- 当天过热、量能未确认、未突破触发价，不追。

======================================================================
📤 企业微信通知 | A股二买交易助手 | DAILY_REPORT | pages=1
======================================================================
----- page 1/1 | chars=1028 -----
【A股二买交易助手｜交易日报】
**A股交易日报 - 2026-04-30**

**一、观察池概况**
- 观察池总数：115

**状态分布**
- high_risk：104
- waiting：11

**观察池 Top 10**
- 300866 / 状态:high_risk / 操作:只观察 / 分数:82.0 / 风险:14.99% / 触发:127.47 / 止损:108.36
- 688183 / 状态:high_risk / 操作:只观察 / 分数:81.0 / 风险:16.93% / 触发:120.7 / 止损:100.26
- 301358 / 状态:high_risk / 操作:只观察 / 分数:81.0 / 风险:21.69% / 触发:100.06 / 止损:78.36
- 605589 / 状态:high_risk / 操作:只观察 / 分数:79.0 / 风险:11.85% / 触发:39.7 / 止损:35.0
- 603399 / 状态:high_risk / 操作:只观察 / 分数:79.0 / 风险:33.18% / 触发:17.63 / 止损:11.78
- 000762 / 状态:high_risk / 操作:只观察 / 分数:79.0 / 风险:15.68% / 触发:39.18 / 止损:32.8
- 002008 / 状态:high_risk / 操作:只观察 / 分数:78.0 / 风险:30.08% / 触发:109.06 / 止损:76.25
- 600186 / 状态:high_risk / 操作:只观察 / 分数:78.0 / 风险:29.5% / 触发:9.87 / 止损:6.96
- 688536 / 状态:high_risk / 操作:只观察 / 分数:78.0 / 风险:20.58% / 触发:231.37 / 止损:183.76
- 002080 / 状态:high_risk / 操作:只观察 / 分数:78.0 / 风险:17.79% / 触发:56.9 / 止损:46.78

**二、明日交易计划**
当前没有风险合适的明日交易计划。

**三、执行提醒**
- observe 只代表观察候选，不代表买入。
- tail_confirm 才接近交易确认。
- 风险超过 8% 的候选不作为可执行计划。
- 当天过热、量能未确认、未突破触发价，不追。
======================================================================
✅ 企业微信返回 page=1/1 chars=1028：{'errcode': 0, 'errmsg': 'ok'}
[2026-04-30 10:42:21] END COMMAND returncode=0
[2026-04-30 10:42:21] JOB DONE: daily_report
