
################################################################################
[2026-04-29 10:30:00] JOB START: watchlist_refresh_1030
################################################################################

================================================================================
[2026-04-29 10:30:00] START COMMAND: /Users/liujunying/.pyenv/versions/3.11.1/bin/python run_scan.py --watchlist-refresh --workers 1
[2026-04-29 10:30:00] TIMEOUT: 600
================================================================================
2026-04-29 10:30:00 | INFO | a_stock | 日志初始化完成：run_id=20260429_103000, log_dir=logs, reject_file=logs/rejects_20260429_103000.csv, raw_bad_rows_file=logs/raw_bad_rows_20260429_103000.jsonl
2026-04-29 10:30:00 | INFO | a_stock | run_scan 启动
======================================================================
📈 大盘状态：强势 | 双指数强势，可正常筛选，优先强势板块
上证：2026-04-29 close=4084.50 ma20=4084.50 ma60=4084.50 data=intraday+local_ma
创业板：2026-04-29 close=3621.96 ma20=3621.96 ma60=3621.96 data=intraday+local_ma
======================================================================
2026-04-29 10:30:02 | INFO | a_stock | 使用股票池缓存：1463 只
📌 watchlist_refresh 扫描今日 watchlist：56 只
2026-04-29 10:30:02 | INFO | a_stock | watchlist_refresh 使用今日 watchlist 扫描：56 只
2026-04-29 10:30:02 | WARNING | a_stock | 板块过滤失败：cannot import name 'filter_universe_by_strong_sector' from 'core.sector' (/Users/liujunying/Downloads/project/my-first/core/sector.py)
⚠️ 板块过滤失败，调试模式跳过板块过滤继续扫描
2026-04-29 10:30:02 | WARNING | a_stock | 周线过滤失败：cannot import name 'filter_by_weekly_trend' from 'core.weekly' (/Users/liujunying/Downloads/project/my-first/core/weekly.py)
⚠️ 周线过滤失败，调试模式跳过周线过滤继续扫描

数据覆盖率报告：
  stock_basic：5323
  有效基础股票：5323
  stock_daily 有效缓存股票：1471 (27.63%)
  realtime_quote 覆盖股票：5317
  universe 股票池：1463
🔄 刷新新浪实时行情：56 只，batch=400，interval=10.0s
2026-04-29 10:30:02 | INFO | a_stock | 新浪实时批次 1/1 完成：请求 56，有效 56，缺失 0
2026-04-29 10:30:02 | INFO | a_stock | 实时行情刷新完成：{'requested': 56, 'success': 56, 'failed': 0, 'batches': 1, 'empty_response': 0, 'parse_failed': 0, 'written': 56, 'success_rate': 1.0}
实时行情刷新结果：请求=56 成功=56 成功率=100.00%
2026-04-29 10:30:02 | INFO | a_stock | 扫描阶段只读本地 stock_daily 缓存，不远程拉历史K
开始扫描：56 只，模式=watchlist_refresh ...
2026-04-29 10:30:02 | INFO | a_stock | reject 603083 score_too_low score=68
2026-04-29 10:30:02 | INFO | a_stock | reject 002080 score_too_low score=66
2026-04-29 10:30:02 | INFO | a_stock | reject 300054 score_too_low score=68
2026-04-29 10:30:03 | INFO | a_stock | reject 301511 score_too_low score=66
2026-04-29 10:30:03 | INFO | a_stock | reject 000762 score_too_low score=69
2026-04-29 10:30:03 | INFO | a_stock | reject 688180 score_too_low score=67
2026-04-29 10:30:03 | INFO | a_stock | reject 603118 score_too_low score=69
2026-04-29 10:30:03 | INFO | a_stock | reject 300693 score_too_low score=66
2026-04-29 10:30:03 | INFO | a_stock | reject 000628 score_too_low score=68
2026-04-29 10:30:03 | INFO | a_stock | reject 688485 score_too_low score=68
2026-04-29 10:30:03 | INFO | a_stock | reject 002468 score_too_low score=67
2026-04-29 10:30:03 | INFO | a_stock | reject 301389 score_too_low score=61
2026-04-29 10:30:03 | INFO | a_stock | reject 301099 score_too_low score=64
2026-04-29 10:30:03 | INFO | a_stock | reject 002859 score_too_low score=59
2026-04-29 10:30:03 | INFO | a_stock | reject 300681 score_too_low score=67
2026-04-29 10:30:03 | INFO | a_stock | reject 300201 score_too_low score=66
2026-04-29 10:30:04 | INFO | a_stock | reject 003026 score_too_low score=64
2026-04-29 10:30:04 | INFO | a_stock | reject 603336 score_too_low score=67

扫描报告：
  股票池：56
  成功处理：56
  异常/无信号跳过：18
  信号候选：38
2026-04-29 10:30:04 | INFO | a_stock | 扫描报告：universe=56 processed=56 skipped=18 candidates=38
📌 watchlist 已更新：104 条

======================================================================
📤 推送内容
======================================================================
【盘中观察候选】
大盘：强势 | 双指数强势，可正常筛选，优先强势板块
可重点跟踪：2 只；总候选：38 只
展示前 10 只：
----------------------------------------
1.  002685 | 华东重机
   操作:轻仓观察 | 类型:风险偏高，只能轻仓 | 风险:7.55%（偏高）
   信号:observe | 总分:78 | 趋势:25 回调:23 企稳:19 确认:11
   买入:8.30 | 触发:8.96 | 止损:7.67 | 仓位:5%-10%
   目标1:9.24 | 目标2:9.87
   提醒:no_breakout
   备注:操作建议：轻仓观察；入场类型：风险偏高，只能轻仓；风险等级：偏高；风险偏高，只适合小仓位观察。

2.  002594 | 比亚迪
   操作:轻仓观察 | 类型:风险偏高，只能轻仓 | 风险:6.77%（偏高）
   信号:observe | 总分:71 | 趋势:25 回调:22 企稳:13 确认:11
   买入:103.75 | 触发:105.46 | 止损:96.73 | 仓位:5%-10%
   目标1:114.29 | 目标2:121.31
   提醒:volatility_not_contracting, no_breakout
   备注:操作建议：轻仓观察；入场类型：风险偏高，只能轻仓；风险等级：偏高；风险偏高，只适合小仓位观察。

3.  301349 | 信德新材
   操作:等待确认 | 类型:量能未确认 | 风险:3.94%（正常）
   信号:observe | 总分:76 | 趋势:25 回调:25 企稳:18 确认:8
   买入:58.74 | 触发:65.50 | 止损:56.43 | 仓位:观察，不急开仓
   目标1:62.21 | 目标2:64.52
   提醒:lows_not_rising, no_breakout, volume_not_confirm
   备注:操作建议：等待确认；入场类型：量能未确认；风险等级：正常；量能未确认，突破有效性不足。

4.  002635 | 安洁科技
   操作:等待确认 | 类型:量能未确认 | 风险:7.05%（偏高）
   信号:observe | 总分:79 | 趋势:25 回调:23 企稳:21 确认:10
   买入:16.51 | 触发:17.63 | 止损:15.35 | 仓位:观察，不急开仓
   目标1:18.25 | 目标2:19.42
   提醒:no_breakout, volume_not_confirm
   备注:操作建议：等待确认；入场类型：量能未确认；风险等级：偏高；风险偏高，只适合小仓位观察。

5.  002213 | 大为股份
   操作:等待确认 | 类型:量能未确认 | 风险:7.66%（偏高）
   信号:observe | 总分:70 | 趋势:23 回调:21 企稳:23 确认:3
   买入:35.69 | 触发:39.45 | 止损:32.96 | 仓位:观察，不急开仓
   目标1:39.79 | 目标2:42.52
   提醒:no_breakout, today_pct_weak, volume_not_confirm
   备注:操作建议：等待确认；入场类型：量能未确认；风险等级：偏高；风险偏高，只适合小仓位观察。

6.  300919 | 中伟新材
   操作:只观察 | 类型:风险过大，等待回踩 | 风险:13.52%（过高）
   信号:observe | 总分:71 | 趋势:21 回调:13 企稳:21 确认:16
   买入:62.71 | 触发:62.71 | 止损:54.23 | 仓位:不建议开仓
   目标:风险过高，暂不作为交易目标参考
   提醒:rise_without_volume, pullback_days_not_ideal, kline_quality_weak
   备注:操作建议：只观察；入场类型：风险过大，等待回踩；风险等级：过高；结构止损距离过远，当前不适合直接开仓。

7.  000155 | 川能动力
   操作:只观察 | 类型:风险过大，等待回踩 | 风险:14.95%（过高）
   信号:observe | 总分:79 | 趋势:25 回调:13 企稳:23 确认:18
   买入:18.32 | 触发:18.32 | 止损:15.58 | 仓位:不建议开仓
   目标:风险过高，暂不作为交易目标参考
   提醒:pullback_days_not_ideal, volume_not_confirm
   备注:操作建议：只观察；入场类型：风险过大，等待回踩；风险等级：过高；结构止损距离过远，当前不适合直接开仓。

8.  300390 | 天华新能
   操作:只观察 | 类型:风险过大，等待回踩 | 风险:24.43%（过高）
   信号:observe | 总分:78 | 趋势:19 回调:18 企稳:21 确认:20
   买入:98.06 | 触发:98.06 | 止损:74.11 | 仓位:不建议开仓
   目标:风险过高，暂不作为交易目标参考
   提醒:trend_too_hot, pullback_days_not_ideal, volume_not_confirm
   备注:操作建议：只观察；入场类型：风险过大，等待回踩；风险等级：过高；结构止损距离过远，当前不适合直接开仓。

9.  002245 | 蔚蓝锂芯
   操作:只观察 | 类型:风险过大，等待回踩 | 风险:10.57%（过高）
   信号:observe | 总分:78 | 趋势:25 回调:22 企稳:23 确认:8
   买入:20.82 | 触发:21.38 | 止损:18.62 | 仓位:不建议开仓
   目标:风险过高，暂不作为交易目标参考
   提醒:pullback_too_fast, no_breakout, volume_not_confirm
   备注:操作建议：只观察；入场类型：风险过大，等待回踩；风险等级：过高；结构止损距离过远，当前不适合直接开仓。

10.  002648 | 卫星化学
   操作:只观察 | 类型:风险过大，等待回踩 | 风险:12.55%（过高）
   信号:observe | 总分:77 | 趋势:23 回调:23 企稳:16 确认:15
   买入:28.89 | 触发:28.89 | 止损:25.26 | 仓位:不建议开仓
   目标:风险过高，暂不作为交易目标参考
   提醒:volume_not_confirm, kline_quality_weak
   备注:操作建议：只观察；入场类型：风险过大，等待回踩；风险等级：过高；结构止损距离过远，当前不适合直接开仓。
======================================================================
[2026-04-29 10:30:04] END COMMAND returncode=0
[2026-04-29 10:30:04] JOB DONE: watchlist_refresh_1030
