
################################################################################
[2026-04-27 18:52:44] JOB START: tail_confirm
################################################################################

================================================================================
[2026-04-27 18:52:44] START COMMAND: /Users/liujunying/.pyenv/versions/3.11.1/bin/python run_scan.py --mode tail_confirm --workers 1
================================================================================
2026-04-27 18:52:44 | INFO | a_stock | 日志初始化完成：run_id=20260427_185244, log_dir=logs, reject_file=logs/rejects_20260427_185244.csv, raw_bad_rows_file=logs/raw_bad_rows_20260427_185244.jsonl
2026-04-27 18:52:44 | INFO | a_stock | run_scan 启动
======================================================================
📈 大盘状态：震荡 | 指数分化，只做最强板块，仓位减半
上证：2026-04-27 close=4086.34 ma20=4086.34 ma60=4086.34 data=after_close+local_ma
创业板：2026-04-27 close=3648.79 ma20=3648.79 ma60=3648.79 data=after_close+local_ma
======================================================================
2026-04-27 18:52:45 | INFO | a_stock | 使用股票池缓存：909 只
📌 tail_confirm 优先扫描 watchlist：42 只
2026-04-27 18:52:45 | INFO | a_stock | tail_confirm 使用 watchlist 扫描：42 只
2026-04-27 18:52:45 | WARNING | a_stock | 板块过滤失败：cannot import name 'filter_universe_by_strong_sector' from 'core.sector' (/Users/liujunying/Downloads/project/my-first/core/sector.py)
⚠️ 板块过滤失败，调试模式跳过板块过滤继续扫描
2026-04-27 18:52:45 | WARNING | a_stock | 周线过滤失败：cannot import name 'filter_by_weekly_trend' from 'core.weekly' (/Users/liujunying/Downloads/project/my-first/core/weekly.py)
⚠️ 周线过滤失败，调试模式跳过周线过滤继续扫描

数据覆盖率报告：
  stock_basic：5323
  有效基础股票：5323
  stock_daily 有效缓存股票：912 (17.13%)
  realtime_quote 覆盖股票：5317
  universe 股票池：909
⚠️ 当前日线缓存覆盖率较低，扫描结果只代表已缓存股票，不代表全市场。
2026-04-27 18:52:45 | INFO | a_stock | 扫描阶段只读本地 stock_daily 缓存，不远程拉历史K
开始扫描：42 只，模式=tail_confirm ...
2026-04-27 18:52:45 | INFO | a_stock | reject 002475 score_too_low score=73
2026-04-27 18:52:45 | INFO | a_stock | reject 600487 score_too_low score=70
2026-04-27 18:52:45 | INFO | a_stock | reject 002463 score_too_low score=70
2026-04-27 18:52:45 | INFO | a_stock | reject 002709 score_too_low score=71
2026-04-27 18:52:45 | INFO | a_stock | reject 002594 score_too_low score=73
2026-04-27 18:52:45 | INFO | a_stock | reject 301308 score_too_low score=73
2026-04-27 18:52:45 | INFO | a_stock | reject 300390 score_too_low score=71
2026-04-27 18:52:45 | INFO | a_stock | reject 000938 score_too_low score=71
2026-04-27 18:52:45 | INFO | a_stock | reject 002916 score_too_low score=74
2026-04-27 18:52:45 | INFO | a_stock | reject 600938 score_too_low score=77
2026-04-27 18:52:45 | INFO | a_stock | reject 603026 score_too_low score=76
2026-04-27 18:52:45 | INFO | a_stock | reject 301358 score_too_low score=74
2026-04-27 18:52:45 | INFO | a_stock | reject 688072 score_too_low score=77
2026-04-27 18:52:45 | INFO | a_stock | reject 000155 score_too_low score=67
2026-04-27 18:52:45 | INFO | a_stock | reject 000062 score_too_low score=73
2026-04-27 18:52:45 | INFO | a_stock | reject 002648 score_too_low score=66
2026-04-27 18:52:45 | INFO | a_stock | reject 688630 score_too_low score=73
2026-04-27 18:52:45 | INFO | a_stock | reject 002176 score_too_low score=75
2026-04-27 18:52:45 | INFO | a_stock | reject 603063 score_too_low score=71
2026-04-27 18:52:45 | INFO | a_stock | reject 000973 score_too_low score=70
2026-04-27 18:52:45 | INFO | a_stock | reject 002756 score_too_low score=71
2026-04-27 18:52:45 | INFO | a_stock | reject 300037 score_too_low score=74
2026-04-27 18:52:45 | INFO | a_stock | reject 002484 score_too_low score=76
2026-04-27 18:52:45 | INFO | a_stock | reject 605589 score_too_low score=79
2026-04-27 18:52:45 | INFO | a_stock | reject 688519 score_too_low score=75
2026-04-27 18:52:45 | INFO | a_stock | reject 002213 score_too_low score=72
2026-04-27 18:52:45 | INFO | a_stock | reject 002181 score_too_low score=67
2026-04-27 18:52:45 | INFO | a_stock | reject 688002 score_too_low score=75
2026-04-27 18:52:45 | INFO | a_stock | reject 688180 score_too_low score=71
2026-04-27 18:52:45 | INFO | a_stock | reject 300769 score_too_low score=76
2026-04-27 18:52:45 | INFO | a_stock | reject 603002 score_too_low score=71
2026-04-27 18:52:45 | INFO | a_stock | reject 688099 score_too_low score=70
2026-04-27 18:52:45 | INFO | a_stock | reject 002730 score_too_low score=70
2026-04-27 18:52:45 | INFO | a_stock | reject 003816 score_too_low score=65
2026-04-27 18:52:45 | INFO | a_stock | reject 603399 score_too_low score=68
2026-04-27 18:52:45 | INFO | a_stock | reject 300480 score_too_low score=75
2026-04-27 18:52:45 | INFO | a_stock | reject 300137 score_too_low score=65
2026-04-27 18:52:45 | INFO | a_stock | reject 001339 score_too_low score=74
2026-04-27 18:52:45 | INFO | a_stock | reject 002606 score_too_low score=70
2026-04-27 18:52:45 | INFO | a_stock | reject 600433 score_too_low score=70
2026-04-27 18:52:45 | INFO | a_stock | reject 601101 score_too_low score=64

扫描报告：
  股票池：42
  成功处理：42
  异常/无信号跳过：41
  信号候选：1
2026-04-27 18:52:45 | INFO | a_stock | 扫描报告：universe=42 processed=42 skipped=41 candidates=1
📌 watchlist 尾盘状态已更新：42 条

======================================================================
📤 推送内容
======================================================================
【尾盘确认信号】
大盘：震荡 | 指数分化，只做最强板块，仓位减半
当前无可执行买点，仅展示观察候选；总候选：1 只
展示前 1 只：
----------------------------------------
1.  688183 | 生益电子
   操作:只观察 | 类型:风险过大，等待回踩 | 风险:16.93%（过高）
   信号:confirm | 总分:81 | 趋势:25 回调:18 企稳:18 确认:20
   买入:120.70 | 触发:120.70 | 止损:100.26 | 仓位:不建议开仓
   目标:风险过高，暂不作为交易目标参考
   提醒:pullback_days_not_ideal, volatility_not_contracting, too_hot_today
   备注:操作建议：只观察；入场类型：风险过大，等待回踩；风险等级：过高；结构止损距离过远，当前不适合直接开仓。
======================================================================
[2026-04-27 18:52:45] END COMMAND returncode=0
[2026-04-27 18:52:45] JOB DONE: tail_confirm
