
################################################################################
[2026-04-30 14:20:00] JOB START: watchlist_refresh_1420
################################################################################

================================================================================
[2026-04-30 14:20:00] START COMMAND: /Users/liujunying/.pyenv/versions/3.11.1/bin/python run_scan.py --watchlist-refresh --workers 1
[2026-04-30 14:20:00] TIMEOUT: 600
================================================================================
2026-04-30 14:20:06 | INFO | a_stock | 日志初始化完成：run_id=20260430_142006, log_dir=logs, reject_file=logs/rejects_20260430_142006.csv, raw_bad_rows_file=logs/raw_bad_rows_20260430_142006.jsonl
2026-04-30 14:20:06 | INFO | a_stock | run_scan 启动
======================================================================
📈 大盘状态：强势 | 双指数强势，可正常筛选，优先强势板块
上证：2026-04-30 close=4113.07 ma20=4113.07 ma60=4113.07 data=intraday+local_ma
创业板：2026-04-30 close=3680.95 ma20=3680.95 ma60=3680.95 data=intraday+local_ma
======================================================================
2026-04-30 14:20:12 | INFO | a_stock | 使用股票池缓存：1463 只
📌 watchlist_refresh 扫描今日 watchlist：73 只
2026-04-30 14:20:13 | WARNING | a_stock | 板块过滤失败：filter_universe_by_strong_sector() got an unexpected keyword argument 'market_state'
⚠️ 板块过滤失败，调试模式跳过板块过滤继续扫描
2026-04-30 14:20:13 | WARNING | a_stock | 周线过滤失败：filter_by_weekly_trend() got an unexpected keyword argument 'strict'
⚠️ 周线过滤失败，调试模式跳过周线过滤继续扫描
实时行情刷新结果：请求=73 成功=73 成功率=100.00% fresh=73 stale=0 最新=2026-04-30 14:20:12
2026-04-30 14:20:16 | INFO | a_stock | 实时行情刷新结果：请求=73 成功=73 成功率=100.00% fresh=73 stale=0 最新=2026-04-30 14:20:12

数据覆盖率报告：
  stock_basic：5323
  有效基础股票：5323
  stock_daily 有效缓存股票：1475 (27.71%)
  realtime_quote 覆盖股票：5317
  universe 股票池：1463
开始扫描：73 只，模式=watchlist_refresh ...
2026-04-30 14:20:17 | INFO | a_stock | reject 300750 score_too_low score=69
2026-04-30 14:20:22 | INFO | a_stock | reject 300870 score_too_low score=66
2026-04-30 14:20:22 | INFO | a_stock | reject 000155 score_too_low score=64
2026-04-30 14:20:25 | INFO | a_stock | reject 688025 score_too_low score=69
2026-04-30 14:20:27 | INFO | a_stock | reject 002487 score_too_low score=66
2026-04-30 14:20:29 | INFO | a_stock | reject 300184 score_too_low score=59
2026-04-30 14:20:29 | INFO | a_stock | reject 002497 score_too_low score=69
2026-04-30 14:20:30 | INFO | a_stock | reject 600641 score_too_low score=69
2026-04-30 14:20:31 | INFO | a_stock | reject 600152 score_too_low score=64
2026-04-30 14:20:35 | INFO | a_stock | reject 301219 score_too_low score=67
2026-04-30 14:20:36 | INFO | a_stock | reject 301200 score_too_low score=62
2026-04-30 14:20:36 | INFO | a_stock | reject 301392 score_too_low score=66
2026-04-30 14:20:37 | INFO | a_stock | reject 300769 score_too_low score=65
2026-04-30 14:20:40 | INFO | a_stock | reject 300057 score_too_low score=68
2026-04-30 14:20:43 | INFO | a_stock | reject 301246 score_too_low score=65
2026-04-30 14:20:46 | INFO | a_stock | reject 605366 score_too_low score=63
2026-04-30 14:20:46 | INFO | a_stock | reject 603315 score_too_low score=63
2026-04-30 14:20:49 | INFO | a_stock | reject 600791 score_too_low score=60
2026-04-30 14:20:52 | INFO | a_stock | reject 688633 score_too_low score=66

扫描报告：
  股票池：73
  成功处理：73
  异常/无信号跳过：19
  信号候选：54
2026-04-30 14:20:52 | INFO | a_stock | 扫描报告：universe=73 processed=73 skipped=19 candidates=54
📌 watchlist 已更新：138 条

======================================================================
📤 企业微信通知 | A股二买交易助手 | TRADE_SCAN | pages=4
======================================================================
----- page 1/4 | chars=1051 | bytes=1873 -----
【A股二买交易助手｜交易信号｜第1/4页】
【观察池刷新】
大盘：强势 | 双指数强势，可正常筛选，优先强势板块
行情快照：2026-04-30 14:20:12 | 实时行情：73/73 成功率:100.00% fresh:73 stale:0
可重点跟踪：1 只；总候选：54 只
展示前 10 只：
1.  600732 | 爱旭股份
操作:轻仓观察 / 类型:风险偏高，只能轻仓 / 风险:7.04%（偏高）
信号:强观察(strong_observe) / 总分:81 / 趋势:23 回调:25 企稳:18 确认:15
买入:15.36 / 触发:16.54 / 止损:14.28 / 仓位:5%-10%
   目标1:16.98 | 目标2:18.06
   提醒:低点抬高不足(lows_not_rising), 未突破触发价(no_breakout)
   备注:建议：轻仓观察；类型：风险偏高，只能轻仓；风险：偏高；风险偏高，仅小仓观察。

2.  301349 | 信德新材
操作:等待确认 / 类型:量能未确认 / 风险:3.05%（正常）
信号:观察(observe) / 总分:72 / 趋势:25 回调:25 企稳:21 确认:1
买入:58.62 / 触发:65.50 / 止损:56.83 / 仓位:观察，不急开仓
   目标1:61.30 | 目标2:63.09
   提醒:未突破触发价(no_breakout), 当日表现偏弱(today_pct_weak), 量能未确认(volume_not_confirm), K线质量偏弱(kline_quality_weak)
   备注:建议：等待确认；类型：量能未确认；风险：正常；量能未确认。

3.  002635 | 安洁科技
操作:等待确认 / 类型:量能未确认 / 风险:6.48%（偏高）
信号:观察(observe) / 总分:72 / 趋势:25 回调:23 企稳:21 确认:3
买入:16.41 / 触发:17.63 / 止损:15.35 / 仓位:观察，不急开仓
   目标1:18.00 | 目标2:19.07
   提醒:未突破触发价(no_breakout), 量能未确认(volume_not_confirm), K线质量偏弱(kline_quality_weak)
   备注:建议：等待确认；类型：量能未确认；风
...（日志预览截断，实际按分页推送）
----- page 2/4 | chars=977 | bytes=1875 -----
【A股二买交易助手｜交易信号｜第2/4页】
操作:只观察 / 类型:风险过大，等待回踩 / 风险:19.66%（过高）
信号:强观察(strong_observe) / 总分:80 / 趋势:23 回调:13 企稳:21 确认:23
买入:16.93 / 触发:16.93 / 止损:13.60 / 仓位:不建议开仓
   目标:风险过高，暂不作为交易目标参考
   提醒:回调天数不理想(pullback_days_not_ideal)
   备注:建议：只观察；类型：风险过大，等待回踩；风险：过高；止损远，不适合直接开仓。

5.  002929 | 润建股份
操作:只观察 / 类型:风险过大，等待回踩 / 风险:9.14%（过高）
信号:观察(observe) / 总分:78 / 趋势:25 回调:18 企稳:21 确认:14
买入:58.73 / 触发:64.64 / 止损:53.36 / 仓位:不建议开仓
   目标:风险过高，暂不作为交易目标参考
   提醒:回调量能偏高(pullback_volume_too_high), 未突破触发价(no_breakout)
   备注:建议：只观察；类型：风险过大，等待回踩；风险：过高；止损远，不适合直接开仓。

6.  300953 | 震裕科技
操作:只观察 / 类型:风险过大，等待回踩 / 风险:19.36%（过高）
信号:观察(observe) / 总分:77 / 趋势:23 回调:20 企稳:21 确认:13
买入:220.91 / 触发:231.95 / 止损:178.14 / 仓位:不建议开仓
   目标:风险过高，暂不作为交易目标参考
   提醒:回调过快(pullback_too_fast), 未突破触发价(no_breakout)
   备注:建议：只观察；类型：风险过大，等待回踩；风险：过高；止损远，不适合直接开仓。

7.  000338 | 潍柴动力
操作:只观察 / 类型:风险过大，等待回踩 / 风险:17.55%（过高）
信号:观察(observe) / 总分:75 / 趋势:23 回调:13 企稳:19 确认:20
买入:31.08 / 触发:31.08 / 止损:25.63 / 仓
...（日志预览截断，实际按分页推送）
----- page 3/4 | chars=939 | bytes=1749 -----
【A股二买交易助手｜交易信号｜第3/4页】
提醒:回调天数不理想(pullback_days_not_ideal), K线质量偏弱(kline_quality_weak)
   备注:建议：只观察；类型：风险过大，等待回踩；风险：过高；止损远，不适合直接开仓。

8.  688166 | 博瑞医药
操作:只观察 / 类型:风险过大，等待回踩 / 风险:13.43%（过高）
信号:观察(observe) / 总分:74 / 趋势:23 回调:18 企稳:19 确认:14
买入:63.01 / 触发:63.21 / 止损:54.55 / 仓位:不建议开仓
   目标:风险过高，暂不作为交易目标参考
   提醒:回调天数不理想(pullback_days_not_ideal), 接近突破(near_breakout)
   备注:建议：只观察；类型：风险过大，等待回踩；风险：过高；止损远，不适合直接开仓。

9.  002213 | 大为股份
操作:只观察 / 类型:风险过大，等待回踩 / 风险:12.09%（过高）
信号:观察(observe) / 总分:73 / 趋势:23 回调:21 企稳:21 确认:8
买入:37.49 / 触发:39.45 / 止损:32.96 / 仓位:不建议开仓
   目标:风险过高，暂不作为交易目标参考
   提醒:未突破触发价(no_breakout), K线质量偏弱(kline_quality_weak)
   备注:建议：只观察；类型：风险过大，等待回踩；风险：过高；止损远，不适合直接开仓。

10.  002484 | 江海股份
操作:只观察 / 类型:风险过大，等待回踩 / 风险:17.31%（过高）
信号:观察(observe) / 总分:72 / 趋势:25 回调:10 企稳:21 确认:16
买入:38.03 / 触发:38.03 / 止损:31.45 / 仓位:不建议开仓
   目标:风险过高，暂不作为交易目标参考
   提醒:回调过浅(pullback_too_shallow), 回调天数不理想(pullback_days_not_ideal), K线质量偏弱(kline_quality_weak)
----- page 4/4 | chars=63 | bytes=177 -----
【A股二买交易助手｜交易信号｜第4/4页】
备注:建议：只观察；类型：风险过大，等待回踩；风险：过高；止损远，不适合直接开仓。
======================================================================
✅ 企业微信返回 page=1/4 chars=1051 bytes=1873：{'errcode': 0, 'errmsg': 'ok', '_bytes': 1873}
✅ 企业微信返回 page=2/4 chars=977 bytes=1875：{'errcode': 0, 'errmsg': 'ok', '_bytes': 1875}
✅ 企业微信返回 page=3/4 chars=939 bytes=1749：{'errcode': 0, 'errmsg': 'ok', '_bytes': 1749}
✅ 企业微信返回 page=4/4 chars=63 bytes=177：{'errcode': 0, 'errmsg': 'ok', '_bytes': 177}
[2026-04-30 14:21:16] END COMMAND returncode=0
[2026-04-30 14:21:16] JOB DONE: watchlist_refresh_1420
